\BOOKMARK [0][-]{chapter.1}{\376\377\0001\000\040\000H\000i\000e\000r\000a\000r\000c\000h\000i\000c\000a\000l\000\040\000I\000n\000d\000e\000x}{}% 1
\BOOKMARK [1][-]{section.1.1}{\376\377\0001\000.\0001\000\040\000C\000l\000a\000s\000s\000\040\000H\000i\000e\000r\000a\000r\000c\000h\000y}{chapter.1}% 2
\BOOKMARK [0][-]{chapter.2}{\376\377\0002\000\040\000C\000l\000a\000s\000s\000\040\000I\000n\000d\000e\000x}{}% 3
\BOOKMARK [1][-]{section.2.1}{\376\377\0002\000.\0001\000\040\000C\000l\000a\000s\000s\000\040\000L\000i\000s\000t}{chapter.2}% 4
\BOOKMARK [0][-]{chapter.3}{\376\377\0003\000\040\000F\000i\000l\000e\000\040\000I\000n\000d\000e\000x}{}% 5
\BOOKMARK [1][-]{section.3.1}{\376\377\0003\000.\0001\000\040\000F\000i\000l\000e\000\040\000L\000i\000s\000t}{chapter.3}% 6
\BOOKMARK [0][-]{chapter.4}{\376\377\0004\000\040\000C\000l\000a\000s\000s\000\040\000D\000o\000c\000u\000m\000e\000n\000t\000a\000t\000i\000o\000n}{}% 7
\BOOKMARK [1][-]{section.4.1}{\376\377\0004\000.\0001\000\040\000H\000I\000P\000x\000x\000B\000a\000c\000k\000e\000n\000d\000\040\000C\000l\000a\000s\000s\000\040\000R\000e\000f\000e\000r\000e\000n\000c\000e}{chapter.4}% 8
\BOOKMARK [2][-]{subsection.4.1.1}{\376\377\0004\000.\0001\000.\0001\000\040\000D\000e\000t\000a\000i\000l\000e\000d\000\040\000D\000e\000s\000c\000r\000i\000p\000t\000i\000o\000n}{section.4.1}% 9
\BOOKMARK [2][-]{subsection.4.1.2}{\376\377\0004\000.\0001\000.\0002\000\040\000M\000e\000m\000b\000e\000r\000\040\000F\000u\000n\000c\000t\000i\000o\000n\000\040\000D\000o\000c\000u\000m\000e\000n\000t\000a\000t\000i\000o\000n}{section.4.1}% 10
\BOOKMARK [3][-]{subsubsection.4.1.2.1}{\376\377\0004\000.\0001\000.\0002\000.\0001\000\040\000a\000d\000d\000C\000o\000n\000t\000e\000x\000t\000\050\000\051}{subsection.4.1.2}% 11
\BOOKMARK [3][-]{subsubsection.4.1.2.2}{\376\377\0004\000.\0001\000.\0002\000.\0002\000\040\000a\000d\000d\000D\000e\000v\000i\000c\000e\000\050\000\051}{subsection.4.1.2}% 12
\BOOKMARK [3][-]{subsubsection.4.1.2.3}{\376\377\0004\000.\0001\000.\0002\000.\0003\000\040\000a\000d\000d\000M\000o\000d\000u\000l\000e\000\050\000\051}{subsection.4.1.2}% 13
\BOOKMARK [3][-]{subsubsection.4.1.2.4}{\376\377\0004\000.\0001\000.\0002\000.\0004\000\040\000a\000d\000d\000Q\000u\000e\000u\000e\000\050\000\051}{subsection.4.1.2}% 14
\BOOKMARK [3][-]{subsubsection.4.1.2.5}{\376\377\0004\000.\0001\000.\0002\000.\0005\000\040\000c\000o\000n\000f\000i\000g\000u\000r\000e\000C\000a\000l\000l\000\050\000\051}{subsection.4.1.2}% 15
\BOOKMARK [3][-]{subsubsection.4.1.2.6}{\376\377\0004\000.\0001\000.\0002\000.\0006\000\040\000f\000i\000n\000d\000D\000e\000v\000i\000c\000e\000M\000a\000t\000c\000h\000i\000n\000g\000P\000r\000o\000p\000s\000\050\000\051}{subsection.4.1.2}% 16
\BOOKMARK [3][-]{subsubsection.4.1.2.7}{\376\377\0004\000.\0001\000.\0002\000.\0007\000\040\000g\000e\000t\000A\000c\000t\000i\000v\000e\000C\000o\000n\000t\000e\000x\000t\000\050\000\051}{subsection.4.1.2}% 17
\BOOKMARK [3][-]{subsubsection.4.1.2.8}{\376\377\0004\000.\0001\000.\0002\000.\0008\000\040\000g\000e\000t\000A\000c\000t\000i\000v\000e\000D\000e\000v\000i\000c\000e\000\050\000\051}{subsection.4.1.2}% 18
\BOOKMARK [3][-]{subsubsection.4.1.2.9}{\376\377\0004\000.\0001\000.\0002\000.\0009\000\040\000g\000e\000t\000A\000c\000t\000i\000v\000e\000Q\000u\000e\000u\000e\000\050\000\051}{subsection.4.1.2}% 19
\BOOKMARK [3][-]{subsubsection.4.1.2.10}{\376\377\0004\000.\0001\000.\0002\000.\0001\0000\000\040\000g\000e\000t\000M\000o\000d\000u\000l\000e\000s\000S\000t\000r\000\050\000\051}{subsection.4.1.2}% 20
\BOOKMARK [3][-]{subsubsection.4.1.2.11}{\376\377\0004\000.\0001\000.\0002\000.\0001\0001\000\040\000g\000e\000t\000N\000u\000m\000D\000e\000v\000i\000c\000e\000s\000\050\000\051}{subsection.4.1.2}% 21
\BOOKMARK [3][-]{subsubsection.4.1.2.12}{\376\377\0004\000.\0001\000.\0002\000.\0001\0002\000\040\000g\000e\000t\000Q\000u\000e\000u\000e\000s\000\050\000\051}{subsection.4.1.2}% 22
\BOOKMARK [3][-]{subsubsection.4.1.2.13}{\376\377\0004\000.\0001\000.\0002\000.\0001\0003\000\040\000i\000n\000i\000t\000i\000a\000l\000i\000z\000e\000\050\000\051}{subsection.4.1.2}% 23
\BOOKMARK [3][-]{subsubsection.4.1.2.14}{\376\377\0004\000.\0001\000.\0002\000.\0001\0004\000\040\000r\000e\000g\000i\000s\000t\000e\000r\000F\000u\000n\000c\000t\000i\000o\000n\000A\000s\000K\000e\000r\000n\000e\000l\000\050\000\051}{subsection.4.1.2}% 24
\BOOKMARK [3][-]{subsubsection.4.1.2.15}{\376\377\0004\000.\0001\000.\0002\000.\0001\0005\000\040\000r\000e\000g\000i\000s\000t\000e\000r\000M\000o\000d\000u\000l\000e\000S\000t\000r\000\050\000\051}{subsection.4.1.2}% 25
\BOOKMARK [3][-]{subsubsection.4.1.2.16}{\376\377\0004\000.\0001\000.\0002\000.\0001\0006\000\040\000r\000e\000m\000o\000v\000e\000M\000o\000d\000u\000l\000e\000\050\000\051}{subsection.4.1.2}% 26
\BOOKMARK [3][-]{subsubsection.4.1.2.17}{\376\377\0004\000.\0001\000.\0002\000.\0001\0007\000\040\000s\000e\000t\000A\000c\000t\000i\000v\000e\000D\000e\000v\000i\000c\000e\000\050\000\051}{subsection.4.1.2}% 27
\BOOKMARK [3][-]{subsubsection.4.1.2.18}{\376\377\0004\000.\0001\000.\0002\000.\0001\0008\000\040\000s\000e\000t\000A\000r\000g\000\050\000\051}{subsection.4.1.2}% 28
\BOOKMARK [3][-]{subsubsection.4.1.2.19}{\376\377\0004\000.\0001\000.\0002\000.\0001\0009\000\040\000u\000n\000r\000e\000g\000i\000s\000t\000e\000r\000M\000o\000d\000u\000l\000e\000S\000t\000r\000\050\000\051}{subsection.4.1.2}% 29
\BOOKMARK [1][-]{section.4.2}{\376\377\0004\000.\0002\000\040\000H\000I\000P\000x\000x\000B\000a\000c\000k\000e\000n\000d\000L\000e\000v\000e\000l\0000\000\040\000C\000l\000a\000s\000s\000\040\000R\000e\000f\000e\000r\000e\000n\000c\000e}{chapter.4}% 30
\BOOKMARK [2][-]{subsection.4.2.1}{\376\377\0004\000.\0002\000.\0001\000\040\000M\000e\000m\000b\000e\000r\000\040\000F\000u\000n\000c\000t\000i\000o\000n\000\040\000D\000o\000c\000u\000m\000e\000n\000t\000a\000t\000i\000o\000n}{section.4.2}% 31
\BOOKMARK [3][-]{subsubsection.4.2.1.1}{\376\377\0004\000.\0002\000.\0001\000.\0001\000\040\000i\000n\000i\000t\000i\000a\000l\000i\000z\000e\000\050\000\051}{subsection.4.2.1}% 32
\BOOKMARK [1][-]{section.4.3}{\376\377\0004\000.\0003\000\040\000H\000I\000P\000x\000x\000B\000a\000c\000k\000e\000n\000d\000O\000p\000e\000n\000C\000L\000\040\000C\000l\000a\000s\000s\000\040\000R\000e\000f\000e\000r\000e\000n\000c\000e}{chapter.4}% 33
\BOOKMARK [2][-]{subsection.4.3.1}{\376\377\0004\000.\0003\000.\0001\000\040\000M\000e\000m\000b\000e\000r\000\040\000F\000u\000n\000c\000t\000i\000o\000n\000\040\000D\000o\000c\000u\000m\000e\000n\000t\000a\000t\000i\000o\000n}{section.4.3}% 34
\BOOKMARK [3][-]{subsubsection.4.3.1.1}{\376\377\0004\000.\0003\000.\0001\000.\0001\000\040\000i\000n\000i\000t\000i\000a\000l\000i\000z\000e\000\050\000\051}{subsection.4.3.1}% 35
\BOOKMARK [1][-]{section.4.4}{\376\377\0004\000.\0004\000\040\000H\000I\000P\000x\000x\000C\000o\000n\000t\000e\000x\000t\000\040\000C\000l\000a\000s\000s\000\040\000R\000e\000f\000e\000r\000e\000n\000c\000e}{chapter.4}% 36
\BOOKMARK [2][-]{subsection.4.4.1}{\376\377\0004\000.\0004\000.\0001\000\040\000D\000e\000t\000a\000i\000l\000e\000d\000\040\000D\000e\000s\000c\000r\000i\000p\000t\000i\000o\000n}{section.4.4}% 37
\BOOKMARK [2][-]{subsection.4.4.2}{\376\377\0004\000.\0004\000.\0002\000\040\000M\000e\000m\000b\000e\000r\000\040\000F\000u\000n\000c\000t\000i\000o\000n\000\040\000D\000o\000c\000u\000m\000e\000n\000t\000a\000t\000i\000o\000n}{section.4.4}% 38
\BOOKMARK [3][-]{subsubsection.4.4.2.1}{\376\377\0004\000.\0004\000.\0002\000.\0001\000\040\000a\000d\000d\000D\000e\000v\000i\000c\000e\000\050\000\051}{subsection.4.4.2}% 39
\BOOKMARK [1][-]{section.4.5}{\376\377\0004\000.\0005\000\040\000H\000I\000P\000x\000x\000C\000o\000n\000t\000e\000x\000t\000L\000e\000v\000e\000l\0000\000\040\000C\000l\000a\000s\000s\000\040\000R\000e\000f\000e\000r\000e\000n\000c\000e}{chapter.4}% 40
\BOOKMARK [1][-]{section.4.6}{\376\377\0004\000.\0006\000\040\000H\000I\000P\000x\000x\000C\000o\000n\000t\000e\000x\000t\000O\000p\000e\000n\000C\000L\000\040\000C\000l\000a\000s\000s\000\040\000R\000e\000f\000e\000r\000e\000n\000c\000e}{chapter.4}% 41
\BOOKMARK [1][-]{section.4.7}{\376\377\0004\000.\0007\000\040\000H\000I\000P\000x\000x\000D\000e\000v\000i\000c\000e\000\040\000C\000l\000a\000s\000s\000\040\000R\000e\000f\000e\000r\000e\000n\000c\000e}{chapter.4}% 42
\BOOKMARK [2][-]{subsection.4.7.1}{\376\377\0004\000.\0007\000.\0001\000\040\000D\000e\000t\000a\000i\000l\000e\000d\000\040\000D\000e\000s\000c\000r\000i\000p\000t\000i\000o\000n}{section.4.7}% 43
\BOOKMARK [2][-]{subsection.4.7.2}{\376\377\0004\000.\0007\000.\0002\000\040\000M\000e\000m\000b\000e\000r\000\040\000F\000u\000n\000c\000t\000i\000o\000n\000\040\000D\000o\000c\000u\000m\000e\000n\000t\000a\000t\000i\000o\000n}{section.4.7}% 44
\BOOKMARK [3][-]{subsubsection.4.7.2.1}{\376\377\0004\000.\0007\000.\0002\000.\0001\000\040\000a\000d\000d\000Q\000u\000e\000u\000e\000\050\000\051}{subsection.4.7.2}% 45
\BOOKMARK [3][-]{subsubsection.4.7.2.2}{\376\377\0004\000.\0007\000.\0002\000.\0002\000\040\000c\000o\000p\000y\000D\000e\000v\000i\000c\000e\000P\000r\000o\000p\000e\000r\000t\000i\000e\000s\000\050\000\051}{subsection.4.7.2}% 46
\BOOKMARK [3][-]{subsubsection.4.7.2.3}{\376\377\0004\000.\0007\000.\0002\000.\0003\000\040\000f\000i\000n\000d\000K\000e\000r\000n\000e\000l\000B\000y\000H\000o\000s\000t\000P\000t\000r\000\050\000\051}{subsection.4.7.2}% 47
\BOOKMARK [3][-]{subsubsection.4.7.2.4}{\376\377\0004\000.\0007\000.\0002\000.\0004\000\040\000g\000e\000t\000A\000c\000t\000i\000v\000e\000Q\000u\000e\000u\000e\000\050\000\051}{subsection.4.7.2}% 48
\BOOKMARK [3][-]{subsubsection.4.7.2.5}{\376\377\0004\000.\0007\000.\0002\000.\0005\000\040\000g\000e\000t\000C\000o\000n\000t\000e\000x\000t\000\050\000\051}{subsection.4.7.2}% 49
\BOOKMARK [3][-]{subsubsection.4.7.2.6}{\376\377\0004\000.\0007\000.\0002\000.\0006\000\040\000g\000e\000t\000D\000e\000v\000i\000c\000e\000I\000d\000\050\000\051}{subsection.4.7.2}% 50
\BOOKMARK [3][-]{subsubsection.4.7.2.7}{\376\377\0004\000.\0007\000.\0002\000.\0007\000\040\000g\000e\000t\000G\000l\000o\000b\000a\000l\000M\000e\000m\000S\000i\000z\000e\000\050\000\051}{subsection.4.7.2}% 51
\BOOKMARK [3][-]{subsubsection.4.7.2.8}{\376\377\0004\000.\0007\000.\0002\000.\0008\000\040\000g\000e\000t\000K\000e\000r\000n\000e\000l\000s\000\050\000\051}{subsection.4.7.2}% 52
\BOOKMARK [3][-]{subsubsection.4.7.2.9}{\376\377\0004\000.\0007\000.\0002\000.\0009\000\040\000g\000e\000t\000N\000a\000m\000e\000\050\000\051}{subsection.4.7.2}% 53
\BOOKMARK [3][-]{subsubsection.4.7.2.10}{\376\377\0004\000.\0007\000.\0002\000.\0001\0000\000\040\000g\000e\000t\000P\000e\000e\000r\000A\000c\000c\000e\000s\000s\000\050\000\051}{subsection.4.7.2}% 54
\BOOKMARK [3][-]{subsubsection.4.7.2.11}{\376\377\0004\000.\0007\000.\0002\000.\0001\0001\000\040\000g\000e\000t\000Q\000u\000e\000u\000e\000s\000\050\000\051}{subsection.4.7.2}% 55
\BOOKMARK [3][-]{subsubsection.4.7.2.12}{\376\377\0004\000.\0007\000.\0002\000.\0001\0002\000\040\000g\000e\000t\000U\000s\000e\000d\000G\000l\000o\000b\000a\000l\000M\000e\000m\000\050\000\051}{subsection.4.7.2}% 56
\BOOKMARK [3][-]{subsubsection.4.7.2.13}{\376\377\0004\000.\0007\000.\0002\000.\0001\0003\000\040\000h\000a\000s\000P\000C\000I\000B\000u\000s\000I\000d\000\050\000\051}{subsection.4.7.2}% 57
\BOOKMARK [3][-]{subsubsection.4.7.2.14}{\376\377\0004\000.\0007\000.\0002\000.\0001\0004\000\040\000r\000e\000g\000i\000s\000t\000e\000r\000F\000u\000n\000c\000t\000i\000o\000n\000A\000s\000K\000e\000r\000n\000e\000l\000\050\000\051}{subsection.4.7.2}% 58
\BOOKMARK [3][-]{subsubsection.4.7.2.15}{\376\377\0004\000.\0007\000.\0002\000.\0001\0005\000\040\000r\000e\000m\000o\000v\000e\000Q\000u\000e\000u\000e\000\050\000\051}{subsection.4.7.2}% 59
\BOOKMARK [3][-]{subsubsection.4.7.2.16}{\376\377\0004\000.\0007\000.\0002\000.\0001\0006\000\040\000s\000e\000t\000P\000e\000e\000r\000A\000c\000c\000e\000s\000s\000\050\000\051}{subsection.4.7.2}% 60
\BOOKMARK [2][-]{subsection.4.7.3}{\376\377\0004\000.\0007\000.\0003\000\040\000M\000e\000m\000b\000e\000r\000\040\000D\000a\000t\000a\000\040\000D\000o\000c\000u\000m\000e\000n\000t\000a\000t\000i\000o\000n}{section.4.7}% 61
\BOOKMARK [3][-]{subsubsection.4.7.3.1}{\376\377\0004\000.\0007\000.\0003\000.\0001\000\040\000h\000o\000s\000t\000\137\000v\000a\000r\000\137\000p\000t\000r\000\137\000t\000o\000\137\000h\000i\000p\000x\000x\000d\000e\000v\000i\000c\000e\000v\000a\000r\000\137\000d\000y\000n}{subsection.4.7.3}% 62
\BOOKMARK [3][-]{subsubsection.4.7.3.2}{\376\377\0004\000.\0007\000.\0003\000.\0002\000\040\000h\000o\000s\000t\000\137\000v\000a\000r\000\137\000p\000t\000r\000\137\000t\000o\000\137\000h\000i\000p\000x\000x\000d\000e\000v\000i\000c\000e\000v\000a\000r\000\137\000s\000t\000a\000t}{subsection.4.7.3}% 63
\BOOKMARK [1][-]{section.4.8}{\376\377\0004\000.\0008\000\040\000H\000I\000P\000x\000x\000D\000e\000v\000i\000c\000e\000L\000e\000v\000e\000l\0000\000\040\000C\000l\000a\000s\000s\000\040\000R\000e\000f\000e\000r\000e\000n\000c\000e}{chapter.4}% 64
\BOOKMARK [2][-]{subsection.4.8.1}{\376\377\0004\000.\0008\000.\0001\000\040\000M\000e\000m\000b\000e\000r\000\040\000F\000u\000n\000c\000t\000i\000o\000n\000\040\000D\000o\000c\000u\000m\000e\000n\000t\000a\000t\000i\000o\000n}{section.4.8}% 65
\BOOKMARK [3][-]{subsubsection.4.8.1.1}{\376\377\0004\000.\0008\000.\0001\000.\0001\000\040\000g\000e\000t\000N\000a\000m\000e\000\050\000\051}{subsection.4.8.1}% 66
\BOOKMARK [1][-]{section.4.9}{\376\377\0004\000.\0009\000\040\000H\000I\000P\000x\000x\000D\000e\000v\000i\000c\000e\000O\000p\000e\000n\000C\000L\000\040\000C\000l\000a\000s\000s\000\040\000R\000e\000f\000e\000r\000e\000n\000c\000e}{chapter.4}% 67
\BOOKMARK [2][-]{subsection.4.9.1}{\376\377\0004\000.\0009\000.\0001\000\040\000M\000e\000m\000b\000e\000r\000\040\000F\000u\000n\000c\000t\000i\000o\000n\000\040\000D\000o\000c\000u\000m\000e\000n\000t\000a\000t\000i\000o\000n}{section.4.9}% 68
\BOOKMARK [3][-]{subsubsection.4.9.1.1}{\376\377\0004\000.\0009\000.\0001\000.\0001\000\040\000g\000e\000t\000N\000a\000m\000e\000\050\000\051}{subsection.4.9.1}% 69
\BOOKMARK [1][-]{section.4.10}{\376\377\0004\000.\0001\0000\000\040\000H\000I\000P\000x\000x\000D\000e\000v\000i\000c\000e\000V\000a\000r\000\040\000C\000l\000a\000s\000s\000\040\000R\000e\000f\000e\000r\000e\000n\000c\000e}{chapter.4}% 70
\BOOKMARK [1][-]{section.4.11}{\376\377\0004\000.\0001\0001\000\040\000H\000I\000P\000x\000x\000E\000v\000e\000n\000t\000\040\000C\000l\000a\000s\000s\000\040\000R\000e\000f\000e\000r\000e\000n\000c\000e}{chapter.4}% 71
\BOOKMARK [2][-]{subsection.4.11.1}{\376\377\0004\000.\0001\0001\000.\0001\000\040\000M\000e\000m\000b\000e\000r\000\040\000F\000u\000n\000c\000t\000i\000o\000n\000\040\000D\000o\000c\000u\000m\000e\000n\000t\000a\000t\000i\000o\000n}{section.4.11}% 72
\BOOKMARK [3][-]{subsubsection.4.11.1.1}{\376\377\0004\000.\0001\0001\000.\0001\000.\0001\000\040\000g\000e\000t\000E\000l\000a\000p\000s\000e\000d\000T\000i\000m\000e\000\050\000\051}{subsection.4.11.1}% 73
\BOOKMARK [3][-]{subsubsection.4.11.1.2}{\376\377\0004\000.\0001\0001\000.\0001\000.\0002\000\040\000i\000s\000F\000i\000n\000i\000s\000h\000e\000d\000\050\000\051}{subsection.4.11.1}% 74
\BOOKMARK [3][-]{subsubsection.4.11.1.3}{\376\377\0004\000.\0001\0001\000.\0001\000.\0003\000\040\000r\000e\000c\000o\000r\000d\000S\000t\000r\000e\000a\000m\000\050\000\051}{subsection.4.11.1}% 75
\BOOKMARK [3][-]{subsubsection.4.11.1.4}{\376\377\0004\000.\0001\0001\000.\0001\000.\0004\000\040\000w\000a\000i\000t\000\050\000\051}{subsection.4.11.1}% 76
\BOOKMARK [1][-]{section.4.12}{\376\377\0004\000.\0001\0002\000\040\000H\000I\000P\000x\000x\000E\000v\000e\000n\000t\000O\000p\000e\000n\000C\000L\000\040\000C\000l\000a\000s\000s\000\040\000R\000e\000f\000e\000r\000e\000n\000c\000e}{chapter.4}% 77
\BOOKMARK [1][-]{section.4.13}{\376\377\0004\000.\0001\0003\000\040\000H\000I\000P\000x\000x\000E\000x\000e\000c\000I\000t\000e\000m\000\040\000C\000l\000a\000s\000s\000\040\000R\000e\000f\000e\000r\000e\000n\000c\000e}{chapter.4}% 78
\BOOKMARK [2][-]{subsection.4.13.1}{\376\377\0004\000.\0001\0003\000.\0001\000\040\000D\000e\000t\000a\000i\000l\000e\000d\000\040\000D\000e\000s\000c\000r\000i\000p\000t\000i\000o\000n}{section.4.13}% 79
\BOOKMARK [2][-]{subsection.4.13.2}{\376\377\0004\000.\0001\0003\000.\0002\000\040\000C\000o\000n\000s\000t\000r\000u\000c\000t\000o\000r\000\040\000\046\000\040\000D\000e\000s\000t\000r\000u\000c\000t\000o\000r\000\040\000D\000o\000c\000u\000m\000e\000n\000t\000a\000t\000i\000o\000n}{section.4.13}% 80
\BOOKMARK [3][-]{subsubsection.4.13.2.1}{\376\377\0004\000.\0001\0003\000.\0002\000.\0001\000\040\000H\000I\000P\000x\000x\000E\000x\000e\000c\000I\000t\000e\000m\000\050\000\051}{subsection.4.13.2}% 81
\BOOKMARK [2][-]{subsection.4.13.3}{\376\377\0004\000.\0001\0003\000.\0003\000\040\000M\000e\000m\000b\000e\000r\000\040\000F\000u\000n\000c\000t\000i\000o\000n\000\040\000D\000o\000c\000u\000m\000e\000n\000t\000a\000t\000i\000o\000n}{section.4.13}% 82
\BOOKMARK [3][-]{subsubsection.4.13.3.1}{\376\377\0004\000.\0001\0003\000.\0003\000.\0001\000\040\000g\000e\000t\000B\000l\000o\000c\000k\000\050\000\051}{subsection.4.13.3}% 83
\BOOKMARK [3][-]{subsubsection.4.13.3.2}{\376\377\0004\000.\0001\0003\000.\0003\000.\0002\000\040\000g\000e\000t\000G\000r\000i\000d\000\050\000\051}{subsection.4.13.3}% 84
\BOOKMARK [3][-]{subsubsection.4.13.3.3}{\376\377\0004\000.\0001\0003\000.\0003\000.\0003\000\040\000g\000e\000t\000K\000e\000r\000n\000e\000l\000\050\000\051}{subsection.4.13.3}% 85
\BOOKMARK [3][-]{subsubsection.4.13.3.4}{\376\377\0004\000.\0001\0003\000.\0003\000.\0004\000\040\000g\000e\000t\000Q\000u\000e\000u\000e\000\050\000\051}{subsection.4.13.3}% 86
\BOOKMARK [3][-]{subsubsection.4.13.3.5}{\376\377\0004\000.\0001\0003\000.\0003\000.\0005\000\040\000l\000a\000u\000n\000c\000h\000\050\000\051}{subsection.4.13.3}% 87
\BOOKMARK [3][-]{subsubsection.4.13.3.6}{\376\377\0004\000.\0001\0003\000.\0003\000.\0006\000\040\000l\000a\000u\000n\000c\000h\000B\000y\000H\000o\000s\000t\000P\000t\000r\000\050\000\051}{subsection.4.13.3}% 88
\BOOKMARK [3][-]{subsubsection.4.13.3.7}{\376\377\0004\000.\0001\0003\000.\0003\000.\0007\000\040\000s\000e\000t\000A\000r\000g\000\050\000\051}{subsection.4.13.3}% 89
\BOOKMARK [1][-]{section.4.14}{\376\377\0004\000.\0001\0004\000\040\000H\000I\000P\000x\000x\000E\000x\000e\000c\000I\000t\000e\000m\000O\000p\000e\000n\000C\000L\000\040\000C\000l\000a\000s\000s\000\040\000R\000e\000f\000e\000r\000e\000n\000c\000e}{chapter.4}% 90
\BOOKMARK [2][-]{subsection.4.14.1}{\376\377\0004\000.\0001\0004\000.\0001\000\040\000M\000e\000m\000b\000e\000r\000\040\000F\000u\000n\000c\000t\000i\000o\000n\000\040\000D\000o\000c\000u\000m\000e\000n\000t\000a\000t\000i\000o\000n}{section.4.14}% 91
\BOOKMARK [3][-]{subsubsection.4.14.1.1}{\376\377\0004\000.\0001\0004\000.\0001\000.\0001\000\040\000l\000a\000u\000n\000c\000h\000\050\000\051}{subsection.4.14.1}% 92
\BOOKMARK [1][-]{section.4.15}{\376\377\0004\000.\0001\0005\000\040\000H\000I\000P\000x\000x\000K\000e\000r\000n\000e\000l\000\040\000C\000l\000a\000s\000s\000\040\000R\000e\000f\000e\000r\000e\000n\000c\000e}{chapter.4}% 93
\BOOKMARK [2][-]{subsection.4.15.1}{\376\377\0004\000.\0001\0005\000.\0001\000\040\000D\000e\000t\000a\000i\000l\000e\000d\000\040\000D\000e\000s\000c\000r\000i\000p\000t\000i\000o\000n}{section.4.15}% 94
\BOOKMARK [2][-]{subsection.4.15.2}{\376\377\0004\000.\0001\0005\000.\0002\000\040\000M\000e\000m\000b\000e\000r\000\040\000F\000u\000n\000c\000t\000i\000o\000n\000\040\000D\000o\000c\000u\000m\000e\000n\000t\000a\000t\000i\000o\000n}{section.4.15}% 95
\BOOKMARK [3][-]{subsubsection.4.15.2.1}{\376\377\0004\000.\0001\0005\000.\0002\000.\0001\000\040\000g\000e\000t\000D\000e\000v\000P\000t\000r\000\050\000\051}{subsection.4.15.2}% 96
\BOOKMARK [3][-]{subsubsection.4.15.2.2}{\376\377\0004\000.\0001\0005\000.\0002\000.\0002\000\040\000g\000e\000t\000H\000o\000s\000t\000P\000t\000r\000\050\000\051}{subsection.4.15.2}% 97
\BOOKMARK [3][-]{subsubsection.4.15.2.3}{\376\377\0004\000.\0001\0005\000.\0002\000.\0003\000\040\000g\000e\000t\000N\000a\000m\000e\000\050\000\051}{subsection.4.15.2}% 98
\BOOKMARK [3][-]{subsubsection.4.15.2.4}{\376\377\0004\000.\0001\0005\000.\0002\000.\0004\000\040\000s\000e\000t\000D\000e\000v\000P\000t\000r\000\050\000\051}{subsection.4.15.2}% 99
\BOOKMARK [3][-]{subsubsection.4.15.2.5}{\376\377\0004\000.\0001\0005\000.\0002\000.\0005\000\040\000s\000e\000t\000H\000o\000s\000t\000P\000t\000r\000\050\000\051}{subsection.4.15.2}% 100
\BOOKMARK [3][-]{subsubsection.4.15.2.6}{\376\377\0004\000.\0001\0005\000.\0002\000.\0006\000\040\000s\000e\000t\000N\000a\000m\000e\000\050\000\051}{subsection.4.15.2}% 101
\BOOKMARK [1][-]{section.4.16}{\376\377\0004\000.\0001\0006\000\040\000H\000I\000P\000x\000x\000K\000e\000r\000n\000e\000l\000L\000e\000v\000e\000l\0000\000\040\000C\000l\000a\000s\000s\000\040\000R\000e\000f\000e\000r\000e\000n\000c\000e}{chapter.4}% 102
\BOOKMARK [1][-]{section.4.17}{\376\377\0004\000.\0001\0007\000\040\000H\000I\000P\000x\000x\000K\000e\000r\000n\000e\000l\000O\000p\000e\000n\000C\000L\000\040\000C\000l\000a\000s\000s\000\040\000R\000e\000f\000e\000r\000e\000n\000c\000e}{chapter.4}% 103
\BOOKMARK [1][-]{section.4.18}{\376\377\0004\000.\0001\0008\000\040\000H\000I\000P\000x\000x\000M\000o\000d\000u\000l\000e\000\040\000C\000l\000a\000s\000s\000\040\000R\000e\000f\000e\000r\000e\000n\000c\000e}{chapter.4}% 104
\BOOKMARK [2][-]{subsection.4.18.1}{\376\377\0004\000.\0001\0008\000.\0001\000\040\000D\000e\000t\000a\000i\000l\000e\000d\000\040\000D\000e\000s\000c\000r\000i\000p\000t\000i\000o\000n}{section.4.18}% 105
\BOOKMARK [2][-]{subsection.4.18.2}{\376\377\0004\000.\0001\0008\000.\0002\000\040\000C\000o\000n\000s\000t\000r\000u\000c\000t\000o\000r\000\040\000\046\000\040\000D\000e\000s\000t\000r\000u\000c\000t\000o\000r\000\040\000D\000o\000c\000u\000m\000e\000n\000t\000a\000t\000i\000o\000n}{section.4.18}% 106
\BOOKMARK [3][-]{subsubsection.4.18.2.1}{\376\377\0004\000.\0001\0008\000.\0002\000.\0001\000\040\000H\000I\000P\000x\000x\000M\000o\000d\000u\000l\000e\000\050\000\051\000\040\000[\0001\000/\0002\000]}{subsection.4.18.2}% 107
\BOOKMARK [3][-]{subsubsection.4.18.2.2}{\376\377\0004\000.\0001\0008\000.\0002\000.\0002\000\040\000H\000I\000P\000x\000x\000M\000o\000d\000u\000l\000e\000\050\000\051\000\040\000[\0002\000/\0002\000]}{subsection.4.18.2}% 108
\BOOKMARK [2][-]{subsection.4.18.3}{\376\377\0004\000.\0001\0008\000.\0003\000\040\000M\000e\000m\000b\000e\000r\000\040\000F\000u\000n\000c\000t\000i\000o\000n\000\040\000D\000o\000c\000u\000m\000e\000n\000t\000a\000t\000i\000o\000n}{section.4.18}% 109
\BOOKMARK [3][-]{subsubsection.4.18.3.1}{\376\377\0004\000.\0001\0008\000.\0003\000.\0001\000\040\000a\000d\000d\000K\000e\000r\000n\000e\000l\000\050\000\051}{subsection.4.18.3}% 110
\BOOKMARK [3][-]{subsubsection.4.18.3.2}{\376\377\0004\000.\0001\0008\000.\0003\000.\0002\000\040\000c\000o\000m\000p\000i\000l\000e\000\050\000\051}{subsection.4.18.3}% 111
\BOOKMARK [3][-]{subsubsection.4.18.3.3}{\376\377\0004\000.\0001\0008\000.\0003\000.\0003\000\040\000c\000o\000m\000p\000i\000l\000e\000O\000n\000c\000e\000\050\000\051}{subsection.4.18.3}% 112
\BOOKMARK [3][-]{subsubsection.4.18.3.4}{\376\377\0004\000.\0001\0008\000.\0003\000.\0004\000\040\000g\000e\000t\000G\000l\000o\000b\000a\000l\000V\000a\000r\000\050\000\051}{subsection.4.18.3}% 113
\BOOKMARK [3][-]{subsubsection.4.18.3.5}{\376\377\0004\000.\0001\0008\000.\0003\000.\0005\000\040\000g\000e\000t\000K\000e\000r\000n\000e\000l\000\050\000\051\000\040\000[\0001\000/\0002\000]}{subsection.4.18.3}% 114
\BOOKMARK [3][-]{subsubsection.4.18.3.6}{\376\377\0004\000.\0001\0008\000.\0003\000.\0006\000\040\000g\000e\000t\000K\000e\000r\000n\000e\000l\000\050\000\051\000\040\000[\0002\000/\0002\000]}{subsection.4.18.3}% 115
\BOOKMARK [3][-]{subsubsection.4.18.3.7}{\376\377\0004\000.\0001\0008\000.\0003\000.\0007\000\040\000g\000e\000t\000K\000e\000r\000n\000e\000l\000s\000\050\000\051}{subsection.4.18.3}% 116
\BOOKMARK [1][-]{section.4.19}{\376\377\0004\000.\0001\0009\000\040\000H\000I\000P\000x\000x\000M\000o\000d\000u\000l\000e\000O\000p\000e\000n\000C\000L\000\040\000C\000l\000a\000s\000s\000\040\000R\000e\000f\000e\000r\000e\000n\000c\000e}{chapter.4}% 117
\BOOKMARK [2][-]{subsection.4.19.1}{\376\377\0004\000.\0001\0009\000.\0001\000\040\000M\000e\000m\000b\000e\000r\000\040\000F\000u\000n\000c\000t\000i\000o\000n\000\040\000D\000o\000c\000u\000m\000e\000n\000t\000a\000t\000i\000o\000n}{section.4.19}% 118
\BOOKMARK [3][-]{subsubsection.4.19.1.1}{\376\377\0004\000.\0001\0009\000.\0001\000.\0001\000\040\000c\000o\000m\000p\000i\000l\000e\000\050\000\051}{subsection.4.19.1}% 119
\BOOKMARK [1][-]{section.4.20}{\376\377\0004\000.\0002\0000\000\040\000H\000I\000P\000x\000x\000Q\000u\000e\000u\000e\000\040\000C\000l\000a\000s\000s\000\040\000R\000e\000f\000e\000r\000e\000n\000c\000e}{chapter.4}% 120
\BOOKMARK [2][-]{subsection.4.20.1}{\376\377\0004\000.\0002\0000\000.\0001\000\040\000D\000e\000t\000a\000i\000l\000e\000d\000\040\000D\000e\000s\000c\000r\000i\000p\000t\000i\000o\000n}{section.4.20}% 121
\BOOKMARK [2][-]{subsection.4.20.2}{\376\377\0004\000.\0002\0000\000.\0002\000\040\000C\000o\000n\000s\000t\000r\000u\000c\000t\000o\000r\000\040\000\046\000\040\000D\000e\000s\000t\000r\000u\000c\000t\000o\000r\000\040\000D\000o\000c\000u\000m\000e\000n\000t\000a\000t\000i\000o\000n}{section.4.20}% 122
\BOOKMARK [3][-]{subsubsection.4.20.2.1}{\376\377\0004\000.\0002\0000\000.\0002\000.\0001\000\040\000H\000I\000P\000x\000x\000Q\000u\000e\000u\000e\000\050\000\051\000\040\000[\0001\000/\0003\000]}{subsection.4.20.2}% 123
\BOOKMARK [3][-]{subsubsection.4.20.2.2}{\376\377\0004\000.\0002\0000\000.\0002\000.\0002\000\040\000H\000I\000P\000x\000x\000Q\000u\000e\000u\000e\000\050\000\051\000\040\000[\0002\000/\0003\000]}{subsection.4.20.2}% 124
\BOOKMARK [3][-]{subsubsection.4.20.2.3}{\376\377\0004\000.\0002\0000\000.\0002\000.\0003\000\040\000H\000I\000P\000x\000x\000Q\000u\000e\000u\000e\000\050\000\051\000\040\000[\0003\000/\0003\000]}{subsection.4.20.2}% 125
\BOOKMARK [2][-]{subsection.4.20.3}{\376\377\0004\000.\0002\0000\000.\0003\000\040\000M\000e\000m\000b\000e\000r\000\040\000F\000u\000n\000c\000t\000i\000o\000n\000\040\000D\000o\000c\000u\000m\000e\000n\000t\000a\000t\000i\000o\000n}{section.4.20}% 126
\BOOKMARK [3][-]{subsubsection.4.20.3.1}{\376\377\0004\000.\0002\0000\000.\0003\000.\0001\000\040\000a\000d\000d\000C\000a\000l\000l\000b\000a\000c\000k\000\050\000\051}{subsection.4.20.3}% 127
\BOOKMARK [3][-]{subsubsection.4.20.3.2}{\376\377\0004\000.\0002\0000\000.\0003\000.\0002\000\040\000e\000n\000q\000u\000e\000u\000e\000B\000a\000r\000r\000i\000e\000r\000F\000o\000r\000E\000v\000e\000n\000t\000\050\000\051}{subsection.4.20.3}% 128
\BOOKMARK [3][-]{subsubsection.4.20.3.3}{\376\377\0004\000.\0002\0000\000.\0003\000.\0003\000\040\000g\000e\000t\000D\000e\000v\000i\000c\000e\000\050\000\051}{subsection.4.20.3}% 129
\BOOKMARK [3][-]{subsubsection.4.20.3.4}{\376\377\0004\000.\0002\0000\000.\0003\000.\0004\000\040\000g\000e\000t\000F\000l\000a\000g\000s\000\050\000\051}{subsection.4.20.3}% 130
\BOOKMARK [3][-]{subsubsection.4.20.3.5}{\376\377\0004\000.\0002\0000\000.\0003\000.\0005\000\040\000g\000e\000t\000P\000r\000i\000o\000r\000i\000t\000y\000\050\000\051}{subsection.4.20.3}% 131
\BOOKMARK [3][-]{subsubsection.4.20.3.6}{\376\377\0004\000.\0002\0000\000.\0003\000.\0006\000\040\000g\000e\000t\000P\000r\000i\000o\000r\000i\000t\000y\000R\000a\000n\000g\000e\000\050\000\051}{subsection.4.20.3}% 132
\BOOKMARK [3][-]{subsubsection.4.20.3.7}{\376\377\0004\000.\0002\0000\000.\0003\000.\0007\000\040\000l\000a\000u\000n\000c\000h\000\050\000\051}{subsection.4.20.3}% 133
\BOOKMARK [3][-]{subsubsection.4.20.3.8}{\376\377\0004\000.\0002\0000\000.\0003\000.\0008\000\040\000l\000a\000u\000n\000c\000h\000H\000o\000s\000t\000F\000u\000n\000c\000\050\000\051}{subsection.4.20.3}% 134
\BOOKMARK [3][-]{subsubsection.4.20.3.9}{\376\377\0004\000.\0002\0000\000.\0003\000.\0009\000\040\000l\000a\000u\000n\000c\000h\000W\000i\000t\000h\000E\000x\000t\000r\000a\000P\000a\000r\000a\000m\000s\000\050\000\051}{subsection.4.20.3}% 135
\BOOKMARK [3][-]{subsubsection.4.20.3.10}{\376\377\0004\000.\0002\0000\000.\0003\000.\0001\0000\000\040\000l\000a\000u\000n\000c\000h\000W\000i\000t\000h\000K\000e\000r\000n\000e\000l\000P\000a\000r\000a\000m\000s\000\050\000\051}{subsection.4.20.3}% 136
\BOOKMARK [3][-]{subsubsection.4.20.3.11}{\376\377\0004\000.\0002\0000\000.\0003\000.\0001\0001\000\040\000m\000e\000m\000C\000o\000p\000y\000\050\000\051}{subsection.4.20.3}% 137
\BOOKMARK [3][-]{subsubsection.4.20.3.12}{\376\377\0004\000.\0002\0000\000.\0003\000.\0001\0002\000\040\000m\000e\000m\000C\000o\000p\000y\000A\000s\000y\000n\000c\000\050\000\051}{subsection.4.20.3}% 138
\BOOKMARK [3][-]{subsubsection.4.20.3.13}{\376\377\0004\000.\0002\0000\000.\0003\000.\0001\0003\000\040\000m\000e\000m\000F\000i\000l\000l\000\050\000\051}{subsection.4.20.3}% 139
\BOOKMARK [3][-]{subsubsection.4.20.3.14}{\376\377\0004\000.\0002\0000\000.\0003\000.\0001\0004\000\040\000m\000e\000m\000F\000i\000l\000l\000A\000s\000y\000n\000c\000\050\000\051}{subsection.4.20.3}% 140
\BOOKMARK [3][-]{subsubsection.4.20.3.15}{\376\377\0004\000.\0002\0000\000.\0003\000.\0001\0005\000\040\000m\000e\000m\000P\000r\000e\000f\000e\000t\000c\000h\000\050\000\051}{subsection.4.20.3}% 141
\BOOKMARK [3][-]{subsubsection.4.20.3.16}{\376\377\0004\000.\0002\0000\000.\0003\000.\0001\0006\000\040\000q\000u\000e\000r\000y\000\050\000\051}{subsection.4.20.3}% 142
\BOOKMARK [1][-]{section.4.21}{\376\377\0004\000.\0002\0001\000\040\000H\000I\000P\000x\000x\000Q\000u\000e\000u\000e\000L\000e\000v\000e\000l\0000\000\040\000C\000l\000a\000s\000s\000\040\000R\000e\000f\000e\000r\000e\000n\000c\000e}{chapter.4}% 143
\BOOKMARK [2][-]{subsection.4.21.1}{\376\377\0004\000.\0002\0001\000.\0001\000\040\000M\000e\000m\000b\000e\000r\000\040\000F\000u\000n\000c\000t\000i\000o\000n\000\040\000D\000o\000c\000u\000m\000e\000n\000t\000a\000t\000i\000o\000n}{section.4.21}% 144
\BOOKMARK [3][-]{subsubsection.4.21.1.1}{\376\377\0004\000.\0002\0001\000.\0001\000.\0001\000\040\000l\000a\000u\000n\000c\000h\000\050\000\051}{subsection.4.21.1}% 145
\BOOKMARK [3][-]{subsubsection.4.21.1.2}{\376\377\0004\000.\0002\0001\000.\0001\000.\0002\000\040\000m\000e\000m\000C\000o\000p\000y\000\050\000\051}{subsection.4.21.1}% 146
\BOOKMARK [1][-]{section.4.22}{\376\377\0004\000.\0002\0002\000\040\000H\000I\000P\000x\000x\000Q\000u\000e\000u\000e\000O\000p\000e\000n\000C\000L\000\040\000C\000l\000a\000s\000s\000\040\000R\000e\000f\000e\000r\000e\000n\000c\000e}{chapter.4}% 147
\BOOKMARK [2][-]{subsection.4.22.1}{\376\377\0004\000.\0002\0002\000.\0001\000\040\000M\000e\000m\000b\000e\000r\000\040\000F\000u\000n\000c\000t\000i\000o\000n\000\040\000D\000o\000c\000u\000m\000e\000n\000t\000a\000t\000i\000o\000n}{section.4.22}% 148
\BOOKMARK [3][-]{subsubsection.4.22.1.1}{\376\377\0004\000.\0002\0002\000.\0001\000.\0001\000\040\000l\000a\000u\000n\000c\000h\000\050\000\051}{subsection.4.22.1}% 149
\BOOKMARK [3][-]{subsubsection.4.22.1.2}{\376\377\0004\000.\0002\0002\000.\0001\000.\0002\000\040\000m\000e\000m\000C\000o\000p\000y\000\050\000\051}{subsection.4.22.1}% 150
\BOOKMARK [1][-]{section.4.23}{\376\377\0004\000.\0002\0003\000\040\000I\000n\000v\000a\000l\000i\000d\000D\000e\000v\000i\000c\000e\000T\000y\000p\000e\000\040\000C\000l\000a\000s\000s\000\040\000R\000e\000f\000e\000r\000e\000n\000c\000e}{chapter.4}% 151
\BOOKMARK [1][-]{section.4.24}{\376\377\0004\000.\0002\0004\000\040\000I\000n\000v\000a\000l\000i\000d\000P\000l\000a\000t\000f\000o\000r\000m\000O\000r\000D\000e\000v\000i\000c\000e\000N\000u\000m\000b\000e\000r\000\040\000C\000l\000a\000s\000s\000\040\000R\000e\000f\000e\000r\000e\000n\000c\000e}{chapter.4}% 152
\BOOKMARK [1][-]{section.4.25}{\376\377\0004\000.\0002\0005\000\040\000O\000C\000L\000A\000r\000g\000T\000y\000p\000e\000I\000n\000f\000o\000\040\000S\000t\000r\000u\000c\000t\000\040\000R\000e\000f\000e\000r\000e\000n\000c\000e}{chapter.4}% 153
\BOOKMARK [1][-]{section.4.26}{\376\377\0004\000.\0002\0006\000\040\000O\000C\000L\000F\000u\000n\000c\000I\000n\000f\000o\000\040\000S\000t\000r\000u\000c\000t\000\040\000R\000e\000f\000e\000r\000e\000n\000c\000e}{chapter.4}% 154
\BOOKMARK [1][-]{section.4.27}{\376\377\0004\000.\0002\0007\000\040\000S\000P\000I\000R\000V\000i\000n\000s\000t\000\040\000C\000l\000a\000s\000s\000\040\000R\000e\000f\000e\000r\000e\000n\000c\000e}{chapter.4}% 155
\BOOKMARK [1][-]{section.4.28}{\376\377\0004\000.\0002\0008\000\040\000S\000P\000I\000R\000V\000m\000o\000d\000u\000l\000e\000\040\000C\000l\000a\000s\000s\000\040\000R\000e\000f\000e\000r\000e\000n\000c\000e}{chapter.4}% 156
\BOOKMARK [1][-]{section.4.29}{\376\377\0004\000.\0002\0009\000\040\000S\000P\000I\000R\000V\000t\000y\000p\000e\000\040\000C\000l\000a\000s\000s\000\040\000R\000e\000f\000e\000r\000e\000n\000c\000e}{chapter.4}% 157
\BOOKMARK [1][-]{section.4.30}{\376\377\0004\000.\0003\0000\000\040\000S\000P\000I\000R\000V\000t\000y\000p\000e\000P\000O\000D\000\040\000C\000l\000a\000s\000s\000\040\000R\000e\000f\000e\000r\000e\000n\000c\000e}{chapter.4}% 158
\BOOKMARK [1][-]{section.4.31}{\376\377\0004\000.\0003\0001\000\040\000S\000P\000I\000R\000V\000t\000y\000p\000e\000P\000o\000i\000n\000t\000e\000r\000\040\000C\000l\000a\000s\000s\000\040\000R\000e\000f\000e\000r\000e\000n\000c\000e}{chapter.4}% 159
\BOOKMARK [1][-]{section.4.32}{\376\377\0004\000.\0003\0002\000\040\000S\000V\000M\000e\000m\000o\000r\000y\000R\000e\000g\000i\000o\000n\000\040\000C\000l\000a\000s\000s\000\040\000R\000e\000f\000e\000r\000e\000n\000c\000e}{chapter.4}% 160
\BOOKMARK [0][-]{chapter.5}{\376\377\0005\000\040\000F\000i\000l\000e\000\040\000D\000o\000c\000u\000m\000e\000n\000t\000a\000t\000i\000o\000n}{}% 161
\BOOKMARK [1][-]{section.5.1}{\376\377\0005\000.\0001\000\040\000s\000r\000c\000/\000H\000I\000P\000x\000x\000B\000a\000c\000k\000e\000n\000d\000.\000h\000h\000\040\000F\000i\000l\000e\000\040\000R\000e\000f\000e\000r\000e\000n\000c\000e}{chapter.5}% 162
\BOOKMARK [2][-]{subsection.5.1.1}{\376\377\0005\000.\0001\000.\0001\000\040\000D\000e\000t\000a\000i\000l\000e\000d\000\040\000D\000e\000s\000c\000r\000i\000p\000t\000i\000o\000n}{section.5.1}% 163
\BOOKMARK [1][-]{section.5.2}{\376\377\0005\000.\0002\000\040\000s\000r\000c\000/\000H\000I\000P\000x\000x\000D\000r\000i\000v\000e\000r\000.\000c\000c\000\040\000F\000i\000l\000e\000\040\000R\000e\000f\000e\000r\000e\000n\000c\000e}{chapter.5}% 164
\BOOKMARK [2][-]{subsection.5.2.1}{\376\377\0005\000.\0002\000.\0001\000\040\000D\000e\000t\000a\000i\000l\000e\000d\000\040\000D\000e\000s\000c\000r\000i\000p\000t\000i\000o\000n}{section.5.2}% 165
\BOOKMARK [1][-]{section.5.3}{\376\377\0005\000.\0003\000\040\000s\000r\000c\000/\000H\000I\000P\000x\000x\000D\000r\000i\000v\000e\000r\000.\000h\000h\000\040\000F\000i\000l\000e\000\040\000R\000e\000f\000e\000r\000e\000n\000c\000e}{chapter.5}% 166
\BOOKMARK [2][-]{subsection.5.3.1}{\376\377\0005\000.\0003\000.\0001\000\040\000D\000e\000t\000a\000i\000l\000e\000d\000\040\000D\000e\000s\000c\000r\000i\000p\000t\000i\000o\000n}{section.5.3}% 167
\BOOKMARK [0][-]{section*.96}{\376\377\000I\000n\000d\000e\000x}{}% 168
