This is pdfTeX, Version 3.141592653-2.6-1.40.22 (TeX Live 2021) (preloaded format=pdflatex 2021.10.8)  10 OCT 2021 23:55
entering extended mode
 restricted \write18 enabled.
 %&-line parsing enabled.
**refman
(./refman.tex
LaTeX2e <2020-10-01> patch level 4
L3 programming layer <2021-02-18>
(/usr/local/texlive/2021/texmf-dist/tex/latex/base/book.cls
Document Class: book 2020/04/10 v1.4m Standard LaTeX document class
(/usr/local/texlive/2021/texmf-dist/tex/latex/base/bk10.clo
File: bk10.clo 2020/04/10 v1.4m Standard LaTeX file (size option)
)
\c@part=\count179
\c@chapter=\count180
\c@section=\count181
\c@subsection=\count182
\c@subsubsection=\count183
\c@paragraph=\count184
\c@subparagraph=\count185
\c@figure=\count186
\c@table=\count187
\abovecaptionskip=\skip47
\belowcaptionskip=\skip48
\bibindent=\dimen138
)
(/usr/local/texlive/2021/texmf-dist/tex/latex/base/ifthen.sty
Package: ifthen 2014/09/29 v1.1c Standard LaTeX ifthen package (DPC)
)
(/usr/local/texlive/2021/texmf-dist/tex/latex/tools/array.sty
Rollback for package 'array' requested -> date 2016-10-06.
         Best approximation is the release introduced on 2016-10-06.

(/usr/local/texlive/2021/texmf-dist/tex/latex/tools/array-2016-10-06.sty
Package: array 2016/10/06 v2.4d Tabular extension package (FMi)
\col@sep=\dimen139
\extrarowheight=\dimen140
\NC@list=\toks15
\extratabsurround=\skip49
\backup@length=\skip50
))
(/usr/local/texlive/2021/texmf-dist/tex/latex/base/fixltx2e.sty
Package: fixltx2e 2016/12/29 v2.1a fixes to LaTeX (obsolete)
Applying: [2015/01/01] Old fixltx2e package on input line 46.


Package fixltx2e Warning: fixltx2e is not required with releases after 2015
(fixltx2e)                All fixes are now in the LaTeX kernel.
(fixltx2e)                See the latexrelease package for details.

Already applied: [0000/00/00] Old fixltx2e package on input line 53.
) (./doxygen.sty
Package: doxygen 
 (/usr/local/texlive/2021/texmf-dist/tex/latex/base/alltt.sty
Package: alltt 1997/06/16 v2.0g defines alltt environment
)
(/usr/local/texlive/2021/texmf-dist/tex/latex/tools/calc.sty
Package: calc 2017/05/25 v4.3 Infix arithmetic (KKT,FJ)
\calc@Acount=\count188
\calc@Bcount=\count189
\calc@Adimen=\dimen141
\calc@Bdimen=\dimen142
\calc@Askip=\skip51
\calc@Bskip=\skip52
LaTeX Info: Redefining \setlength on input line 80.
LaTeX Info: Redefining \addtolength on input line 81.
\calc@Ccount=\count190
\calc@Cskip=\skip53
)
(/usr/local/texlive/2021/texmf-dist/tex/latex/float/float.sty
Package: float 2001/11/08 v1.3d Float enhancements (AL)
\c@float@type=\count191
\float@exts=\toks16
\float@box=\box47
\@float@everytoks=\toks17
\@floatcapt=\box48
)
(/usr/local/texlive/2021/texmf-dist/tex/latex/tools/verbatim.sty
Package: verbatim 2020-07-07 v1.5u LaTeX2e package for verbatim enhancements
\every@verbatim=\toks18
\verbatim@line=\toks19
\verbatim@in@stream=\read2
)
(/usr/local/texlive/2021/texmf-dist/tex/latex/xcolor/xcolor.sty
Package: xcolor 2016/05/11 v2.12 LaTeX color extensions (UK)

(/usr/local/texlive/2021/texmf-dist/tex/latex/graphics-cfg/color.cfg
File: color.cfg 2016/01/02 v1.6 sample color configuration
)
Package xcolor Info: Driver file: pdftex.def on input line 225.

(/usr/local/texlive/2021/texmf-dist/tex/latex/graphics-def/pdftex.def
File: pdftex.def 2020/10/05 v1.2a Graphics/color driver for pdftex
)
(/usr/local/texlive/2021/texmf-dist/tex/latex/colortbl/colortbl.sty
Package: colortbl 2020/01/04 v1.0e Color table columns (DPC)
\everycr=\toks20
\minrowclearance=\skip54
)
\rownum=\count192
Package xcolor Info: Model `cmy' substituted by `cmy0' on input line 1348.
Package xcolor Info: Model `hsb' substituted by `rgb' on input line 1352.
Package xcolor Info: Model `RGB' extended on input line 1364.
Package xcolor Info: Model `HTML' substituted by `rgb' on input line 1366.
Package xcolor Info: Model `Hsb' substituted by `hsb' on input line 1367.
Package xcolor Info: Model `tHsb' substituted by `hsb' on input line 1368.
Package xcolor Info: Model `HSB' substituted by `hsb' on input line 1369.
Package xcolor Info: Model `Gray' substituted by `gray' on input line 1370.
Package xcolor Info: Model `wave' substituted by `hsb' on input line 1371.
)
(./longtable_doxygen.sty
Package: longtable_doxygen 2014/10/28 v4.11 Multi-page Table package (DPC) - fr
ozen version for doxygen
\LTleft=\skip55
\LTright=\skip56
\LTpre=\skip57
\LTpost=\skip58
\LTchunksize=\count193
\LTcapwidth=\dimen143
\LT@head=\box49
\LT@firsthead=\box50
\LT@foot=\box51
\LT@lastfoot=\box52
\LT@cols=\count194
\LT@rows=\count195
\c@LT@tables=\count196
\c@LT@chunks=\count197
\LT@p@ftn=\toks21
) (./tabu_doxygen.sty
Package: tabu_doxygen 2011/02/26 v2.8 - flexible LaTeX tabulars (FC), frozen ve
rsion for doxygen

(/usr/local/texlive/2021/texmf-dist/tex/latex/varwidth/varwidth.sty
Package: varwidth 2009/03/30 ver 0.92;  Variable-width minipages
\@vwid@box=\box53
\sift@deathcycles=\count198
\@vwid@loff=\dimen144
\@vwid@roff=\dimen145
)
\c@taburow=\count199
\tabu@nbcols=\count266
\tabu@cnt=\count267
\tabu@Xcol=\count268
\tabu@alloc=\count269
\tabu@nested=\count270
\tabu@target=\dimen146
\tabu@spreadtarget=\dimen147
\tabu@naturalX=\dimen148
\tabucolX=\dimen149
\tabu@Xsum=\dimen150
\extrarowdepth=\dimen151
\abovetabulinesep=\dimen152
\belowtabulinesep=\dimen153
\tabustrutrule=\dimen154
\tabu@thebody=\toks22
\tabu@footnotes=\toks23
\tabu@box=\box54
\tabu@arstrutbox=\box55
\tabu@hleads=\box56
\tabu@vleads=\box57
\tabu@cellskip=\skip59
)
(/usr/local/texlive/2021/texmf-dist/tex/latex/fancyvrb/fancyvrb.sty
Package: fancyvrb 2021/01/20 v3.7 verbatim text (tvz,hv)

(/usr/local/texlive/2021/texmf-dist/tex/latex/graphics/keyval.sty
Package: keyval 2014/10/28 v1.15 key=value parser (DPC)
\KV@toks@=\toks24
)
\FV@CodeLineNo=\count271
\FV@InFile=\read3
\FV@TabBox=\box58
\c@FancyVerbLine=\count272
\FV@StepNumber=\count273
\FV@OutFile=\write3
)
(/usr/local/texlive/2021/texmf-dist/tex/latex/tools/tabularx.sty
Package: tabularx 2020/01/15 v2.11c `tabularx' package (DPC)
\TX@col@width=\dimen155
\TX@old@table=\dimen156
\TX@old@col=\dimen157
\TX@target=\dimen158
\TX@delta=\dimen159
\TX@cols=\count274
\TX@ftn=\toks25
)
(/usr/local/texlive/2021/texmf-dist/tex/latex/tools/multicol.sty
Package: multicol 2019/12/09 v1.8y multicolumn formatting (FMi)
\c@tracingmulticols=\count275
\mult@box=\box59
\multicol@leftmargin=\dimen160
\c@unbalance=\count276
\c@collectmore=\count277
\doublecol@number=\count278
\multicoltolerance=\count279
\multicolpretolerance=\count280
\full@width=\dimen161
\page@free=\dimen162
\premulticols=\dimen163
\postmulticols=\dimen164
\multicolsep=\skip60
\multicolbaselineskip=\skip61
\partial@page=\box60
\last@line=\box61
\maxbalancingoverflow=\dimen165
\mult@rightbox=\box62
\mult@grightbox=\box63
\mult@gfirstbox=\box64
\mult@firstbox=\box65
\@tempa=\box66
\@tempa=\box67
\@tempa=\box68
\@tempa=\box69
\@tempa=\box70
\@tempa=\box71
\@tempa=\box72
\@tempa=\box73
\@tempa=\box74
\@tempa=\box75
\@tempa=\box76
\@tempa=\box77
\@tempa=\box78
\@tempa=\box79
\@tempa=\box80
\@tempa=\box81
\@tempa=\box82
\@tempa=\box83
\@tempa=\box84
\@tempa=\box85
\@tempa=\box86
\@tempa=\box87
\@tempa=\box88
\@tempa=\box89
\@tempa=\box90
\@tempa=\box91
\@tempa=\box92
\@tempa=\box93
\@tempa=\box94
\@tempa=\box95
\@tempa=\box96
\@tempa=\box97
\@tempa=\box98
\@tempa=\box99
\@tempa=\box100
\@tempa=\box101
\@tempa=\box102
\c@minrows=\count281
\c@columnbadness=\count282
\c@finalcolumnbadness=\count283
\last@try=\dimen166
\multicolovershoot=\dimen167
\multicolundershoot=\dimen168
\mult@nat@firstbox=\box103
\colbreak@box=\box104
\mc@col@check@num=\count284
)
(/usr/local/texlive/2021/texmf-dist/tex/latex/multirow/multirow.sty
Package: multirow 2021/03/15 v2.8 Span multiple rows of a table
\multirow@colwidth=\skip62
\multirow@cntb=\count285
\multirow@dima=\skip63
\bigstrutjot=\dimen169
)
(/usr/local/texlive/2021/texmf-dist/tex/latex/hanging/hanging.sty
Package: hanging 2009/09/02 v1.2b hanging paragraphs and punctuation
\h@ngcommawd=\skip64
\h@ngfstopwd=\skip65
\h@ngquotewd=\skip66
\h@ngdquotewd=\skip67
\h@ngquerywd=\skip68
\h@ngexclwd=\skip69
\h@ngcolonwd=\skip70
\h@ngscolonwd=\skip71
)
(/usr/local/texlive/2021/texmf-dist/tex/generic/iftex/ifpdf.sty
Package: ifpdf 2019/10/25 v3.4 ifpdf legacy package. Use iftex instead.

(/usr/local/texlive/2021/texmf-dist/tex/generic/iftex/iftex.sty
Package: iftex 2020/03/06 v1.0d TeX engine tests
))
(/usr/local/texlive/2021/texmf-dist/tex/latex/adjustbox/adjustbox.sty
Package: adjustbox 2020/08/19 v1.3 Adjusting TeX boxes (trim, clip, ...)

(/usr/local/texlive/2021/texmf-dist/tex/latex/xkeyval/xkeyval.sty
Package: xkeyval 2020/11/20 v2.8 package option processing (HA)

(/usr/local/texlive/2021/texmf-dist/tex/generic/xkeyval/xkeyval.tex
(/usr/local/texlive/2021/texmf-dist/tex/generic/xkeyval/xkvutils.tex
\XKV@toks=\toks26
\XKV@tempa@toks=\toks27
)
\XKV@depth=\count286
File: xkeyval.tex 2014/12/03 v2.7a key=value parser (HA)
))
(/usr/local/texlive/2021/texmf-dist/tex/latex/adjustbox/adjcalc.sty
Package: adjcalc 2012/05/16 v1.1 Provides advanced setlength with multiple back
-ends (calc, etex, pgfmath)
)
(/usr/local/texlive/2021/texmf-dist/tex/latex/adjustbox/trimclip.sty
Package: trimclip 2020/08/19 v1.2 Trim and clip general TeX material

(/usr/local/texlive/2021/texmf-dist/tex/latex/graphics/graphicx.sty
Package: graphicx 2020/09/09 v1.2b Enhanced LaTeX Graphics (DPC,SPQR)

(/usr/local/texlive/2021/texmf-dist/tex/latex/graphics/graphics.sty
Package: graphics 2020/08/30 v1.4c Standard LaTeX Graphics (DPC,SPQR)

(/usr/local/texlive/2021/texmf-dist/tex/latex/graphics/trig.sty
Package: trig 2016/01/03 v1.10 sin cos tan (DPC)
)
(/usr/local/texlive/2021/texmf-dist/tex/latex/graphics-cfg/graphics.cfg
File: graphics.cfg 2016/06/04 v1.11 sample graphics configuration
)
Package graphics Info: Driver file: pdftex.def on input line 105.
)
\Gin@req@height=\dimen170
\Gin@req@width=\dimen171
)
(/usr/local/texlive/2021/texmf-dist/tex/latex/collectbox/collectbox.sty
Package: collectbox 2012/05/17 v0.4b Collect macro arguments as boxes
\collectedbox=\box105
)
\tc@llx=\dimen172
\tc@lly=\dimen173
\tc@urx=\dimen174
\tc@ury=\dimen175
Package trimclip Info: Using driver 'tc-pdftex.def'.

(/usr/local/texlive/2021/texmf-dist/tex/latex/adjustbox/tc-pdftex.def
File: tc-pdftex.def 2019/01/04 v2.2 Clipping driver for pdftex
))
\adjbox@Width=\dimen176
\adjbox@Height=\dimen177
\adjbox@Depth=\dimen178
\adjbox@Totalheight=\dimen179
\adjbox@pwidth=\dimen180
\adjbox@pheight=\dimen181
\adjbox@pdepth=\dimen182
\adjbox@ptotalheight=\dimen183

(/usr/local/texlive/2021/texmf-dist/tex/latex/ifoddpage/ifoddpage.sty
Package: ifoddpage 2016/04/23 v1.1 Conditionals for odd/even page detection
\c@checkoddpage=\count287
))
(/usr/local/texlive/2021/texmf-dist/tex/latex/amsfonts/amssymb.sty
Package: amssymb 2013/01/14 v3.01 AMS font symbols

(/usr/local/texlive/2021/texmf-dist/tex/latex/amsfonts/amsfonts.sty
Package: amsfonts 2013/01/14 v3.01 Basic AMSFonts support
\@emptytoks=\toks28
\symAMSa=\mathgroup4
\symAMSb=\mathgroup5
LaTeX Font Info:    Redeclaring math symbol \hbar on input line 98.
LaTeX Font Info:    Overwriting math alphabet `\mathfrak' in version `bold'
(Font)                  U/euf/m/n --> U/euf/b/n on input line 106.
))
(/usr/local/texlive/2021/texmf-dist/tex/latex/stackengine/stackengine.sty
Package: stackengine 2017/02/13 v4.01\ Stacking text and objects in convenient 
ways

(/usr/local/texlive/2021/texmf-dist/tex/latex/etoolbox/etoolbox.sty
Package: etoolbox 2020/10/05 v2.5k e-TeX tools for LaTeX (JAW)
\etb@tempcnta=\count288
)
(/usr/local/texlive/2021/texmf-dist/tex/generic/listofitems/listofitems.sty
(/usr/local/texlive/2021/texmf-dist/tex/generic/listofitems/listofitems.tex
\loi_cnt_foreach_nest=\count289
\loi_nestcnt=\count290
)
Package: listofitems 2019/08/21 v1.63 Grab items in lists using user-specified 
sep char (CT)
)
\c@@stackindex=\count291
\@boxshift=\skip72
\stack@tmplength=\skip73
\temp@stkl=\skip74
\@stackedboxwidth=\skip75
\@addedbox=\box106
\@anchorbox=\box107
\stackedbox=\box108
\@centerbox=\box109
\c@ROWcellindex@=\count292
)
(/usr/local/texlive/2021/texmf-dist/tex/latex/enumitem/enumitem.sty
Package: enumitem 2019/06/20 v3.9 Customized lists
\labelindent=\skip76
\enit@outerparindent=\dimen184
\enit@toks=\toks29
\enit@inbox=\box110
\enit@count@id=\count293
\enitdp@description=\count294
)
(/usr/local/texlive/2021/texmf-dist/tex/generic/alphalph/alphalph.sty
Package: alphalph 2019/12/09 v2.6 Convert numbers to letters (HO)

(/usr/local/texlive/2021/texmf-dist/tex/generic/infwarerr/infwarerr.sty
Package: infwarerr 2019/12/03 v1.5 Providing info/warning/error messages (HO)
)
(/usr/local/texlive/2021/texmf-dist/tex/generic/intcalc/intcalc.sty
Package: intcalc 2019/12/15 v1.3 Expandable calculations with integers (HO)
))
(/usr/local/texlive/2021/texmf-dist/tex/generic/ulem/ulem.sty
\UL@box=\box111
\UL@hyphenbox=\box112
\UL@skip=\skip77
\UL@hook=\toks30
\UL@height=\dimen185
\UL@pe=\count295
\UL@pixel=\dimen186
\ULC@box=\box113
Package: ulem 2019/11/18
\ULdepth=\dimen187
)
\xrefbox=\box114
\xreflength=\skip78
\CodeWidthChar=\skip79
\CodeHeightChar=\skip80
\DoxyCodeWidth=\skip81
)
(/usr/local/texlive/2021/texmf-dist/tex/latex/base/inputenc.sty
Package: inputenc 2020/08/01 v1.3d Input encoding file
\inpenc@prehook=\toks31
\inpenc@posthook=\toks32
)
(/usr/local/texlive/2021/texmf-dist/tex/latex/base/makeidx.sty
Package: makeidx 2014/09/29 v1.0m Standard LaTeX package
)
(/usr/local/texlive/2021/texmf-dist/tex/latex/base/textcomp.sty
Package: textcomp 2020/02/02 v2.0n Standard LaTeX package
)
(/usr/local/texlive/2021/texmf-dist/tex/latex/wasysym/wasysym.sty
Package: wasysym 2020/01/19 v2.4 Wasy-2 symbol support package
\symwasy=\mathgroup6
LaTeX Font Info:    Overwriting symbol font `wasy' in version `bold'
(Font)                  U/wasy/m/n --> U/wasy/b/n on input line 93.
)
(/usr/local/texlive/2021/texmf-dist/tex/generic/iftex/ifxetex.sty
Package: ifxetex 2019/10/25 v0.7 ifxetex legacy package. Use iftex instead.
)
(/usr/local/texlive/2021/texmf-dist/tex/latex/base/fontenc.sty
Package: fontenc 2020/08/10 v2.0s Standard LaTeX package
)
(/usr/local/texlive/2021/texmf-dist/tex/latex/psnfss/helvet.sty
Package: helvet 2020/03/25 PSNFSS-v9.3 (WaS) 
)
(/usr/local/texlive/2021/texmf-dist/tex/latex/psnfss/courier.sty
Package: courier 2020/03/25 PSNFSS-v9.3 (WaS) 
)
(/usr/local/texlive/2021/texmf-dist/tex/latex/sectsty/sectsty.sty
Package: sectsty 2002/02/25 v2.0.2 Commands to change all sectional heading sty
les


LaTeX Warning: Command \underbar  has changed.
               Check if current package is valid.


LaTeX Warning: Command \underline  has changed.
               Check if current package is valid.

) (/usr/local/texlive/2021/texmf-dist/tex/latex/geometry/geometry.sty
Package: geometry 2020/01/02 v5.9 Page Geometry

(/usr/local/texlive/2021/texmf-dist/tex/generic/iftex/ifvtex.sty
Package: ifvtex 2019/10/25 v1.7 ifvtex legacy package. Use iftex instead.
)
\Gm@cnth=\count296
\Gm@cntv=\count297
\c@Gm@tempcnt=\count298
\Gm@bindingoffset=\dimen188
\Gm@wd@mp=\dimen189
\Gm@odd@mp=\dimen190
\Gm@even@mp=\dimen191
\Gm@layoutwidth=\dimen192
\Gm@layoutheight=\dimen193
\Gm@layouthoffset=\dimen194
\Gm@layoutvoffset=\dimen195
\Gm@dimlist=\toks33
)
(/usr/local/texlive/2021/texmf-dist/tex/latex/fancyhdr/fancyhdr.sty
Package: fancyhdr 2021/01/28 v4.0.1 Extensive control of page headers and foote
rs
\f@nch@headwidth=\skip82
\f@nch@O@elh=\skip83
\f@nch@O@erh=\skip84
\f@nch@O@olh=\skip85
\f@nch@O@orh=\skip86
\f@nch@O@elf=\skip87
\f@nch@O@erf=\skip88
\f@nch@O@olf=\skip89
\f@nch@O@orf=\skip90
)
(/usr/local/texlive/2021/texmf-dist/tex/latex/natbib/natbib.sty
Package: natbib 2010/09/13 8.31b (PWD, AO)
\bibhang=\skip91
\bibsep=\skip92
LaTeX Info: Redefining \cite on input line 694.
\c@NAT@ctr=\count299
)
(/usr/local/texlive/2021/texmf-dist/tex/latex/tocloft/tocloft.sty
Package: tocloft 2017/08/31 v2.3i parameterised ToC, etc., typesetting
Package tocloft Info: The document has chapter divisions on input line 51.
\cftparskip=\skip93
\cftbeforetoctitleskip=\skip94
\cftaftertoctitleskip=\skip95
\cftbeforepartskip=\skip96
\cftpartnumwidth=\skip97
\cftpartindent=\skip98
\cftbeforechapskip=\skip99
\cftchapindent=\skip100
\cftchapnumwidth=\skip101
\cftbeforesecskip=\skip102
\cftsecindent=\skip103
\cftsecnumwidth=\skip104
\cftbeforesubsecskip=\skip105
\cftsubsecindent=\skip106
\cftsubsecnumwidth=\skip107
\cftbeforesubsubsecskip=\skip108
\cftsubsubsecindent=\skip109
\cftsubsubsecnumwidth=\skip110
\cftbeforeparaskip=\skip111
\cftparaindent=\skip112
\cftparanumwidth=\skip113
\cftbeforesubparaskip=\skip114
\cftsubparaindent=\skip115
\cftsubparanumwidth=\skip116
\cftbeforeloftitleskip=\skip117
\cftafterloftitleskip=\skip118
\cftbeforefigskip=\skip119
\cftfigindent=\skip120
\cftfignumwidth=\skip121
\c@lofdepth=\count300
\c@lotdepth=\count301
\cftbeforelottitleskip=\skip122
\cftafterlottitleskip=\skip123
\cftbeforetabskip=\skip124
\cfttabindent=\skip125
\cfttabnumwidth=\skip126
)
\@indexfile=\write4
\openout4 = `refman.idx'.


Writing index file refman.idx

(/usr/local/texlive/2021/texmf-dist/tex/latex/newunicodechar/newunicodechar.sty
Package: newunicodechar 2018/04/08 v1.2 Defining Unicode characters
)

Package newunicodechar Warning: Redefining Unicode character on input line 116.



Package newunicodechar Warning: Redefining Unicode character on input line 117.


(/usr/local/texlive/2021/texmf-dist/tex/latex/hyperref/hyperref.sty
Package: hyperref 2021-02-27 v7.00k Hypertext links for LaTeX

(/usr/local/texlive/2021/texmf-dist/tex/generic/ltxcmds/ltxcmds.sty
Package: ltxcmds 2020-05-10 v1.25 LaTeX kernel commands for general use (HO)
)
(/usr/local/texlive/2021/texmf-dist/tex/generic/pdftexcmds/pdftexcmds.sty
Package: pdftexcmds 2020-06-27 v0.33 Utility functions of pdfTeX for LuaTeX (HO
)
Package pdftexcmds Info: \pdf@primitive is available.
Package pdftexcmds Info: \pdf@ifprimitive is available.
Package pdftexcmds Info: \pdfdraftmode found.
)
(/usr/local/texlive/2021/texmf-dist/tex/generic/kvsetkeys/kvsetkeys.sty
Package: kvsetkeys 2019/12/15 v1.18 Key value parser (HO)
)
(/usr/local/texlive/2021/texmf-dist/tex/generic/kvdefinekeys/kvdefinekeys.sty
Package: kvdefinekeys 2019-12-19 v1.6 Define keys (HO)
)
(/usr/local/texlive/2021/texmf-dist/tex/generic/pdfescape/pdfescape.sty
Package: pdfescape 2019/12/09 v1.15 Implements pdfTeX's escape features (HO)
)
(/usr/local/texlive/2021/texmf-dist/tex/latex/hycolor/hycolor.sty
Package: hycolor 2020-01-27 v1.10 Color options for hyperref/bookmark (HO)
)
(/usr/local/texlive/2021/texmf-dist/tex/latex/letltxmacro/letltxmacro.sty
Package: letltxmacro 2019/12/03 v1.6 Let assignment for LaTeX macros (HO)
)
(/usr/local/texlive/2021/texmf-dist/tex/latex/auxhook/auxhook.sty
Package: auxhook 2019-12-17 v1.6 Hooks for auxiliary files (HO)
)
(/usr/local/texlive/2021/texmf-dist/tex/latex/kvoptions/kvoptions.sty
Package: kvoptions 2020-10-07 v3.14 Key value format for package options (HO)
)
\@linkdim=\dimen196
\Hy@linkcounter=\count302
\Hy@pagecounter=\count303

(/usr/local/texlive/2021/texmf-dist/tex/latex/hyperref/pd1enc.def
File: pd1enc.def 2021-02-27 v7.00k Hyperref: PDFDocEncoding definition (HO)
Now handling font encoding PD1 ...
... no UTF-8 mapping file for font encoding PD1
)
(/usr/local/texlive/2021/texmf-dist/tex/latex/hyperref/hyperref-langpatches.def
File: hyperref-langpatches.def 2021-02-27 v7.00k Hyperref: patches for babel la
nguages
) (/usr/local/texlive/2021/texmf-dist/tex/generic/etexcmds/etexcmds.sty
Package: etexcmds 2019/12/15 v1.7 Avoid name clashes with e-TeX commands (HO)
)
\Hy@SavedSpaceFactor=\count304

(/usr/local/texlive/2021/texmf-dist/tex/latex/hyperref/puenc.def
File: puenc.def 2021-02-27 v7.00k Hyperref: PDF Unicode definition (HO)
Now handling font encoding PU ...
... no UTF-8 mapping file for font encoding PU
)
Package hyperref Info: Hyper figures OFF on input line 4192.
Package hyperref Info: Link nesting OFF on input line 4197.
Package hyperref Info: Hyper index ON on input line 4200.
Package hyperref Info: Plain pages OFF on input line 4207.
Package hyperref Info: Backreferencing ON on input line 4210.
Package hyperref Info: Implicit mode ON; LaTeX internals redefined.
Package hyperref Info: Bookmarks ON on input line 4445.

(/usr/local/texlive/2021/texmf-dist/tex/latex/hyperref/backref.sty
Package: backref 2021/02/04 v1.41 Bibliographical back referencing

(/usr/local/texlive/2021/texmf-dist/tex/latex/rerunfilecheck/rerunfilecheck.sty
Package: rerunfilecheck 2019/12/05 v1.9 Rerun checks for auxiliary files (HO)
(/usr/local/texlive/2021/texmf-dist/tex/latex/base/atveryend-ltx.sty
Package: atveryend-ltx 2020/08/19 v1.0a Emulation of the original atvery packag
e
with kernel methods
)
(/usr/local/texlive/2021/texmf-dist/tex/generic/uniquecounter/uniquecounter.sty
Package: uniquecounter 2019/12/15 v1.4 Provide unlimited unique counter (HO)
(/usr/local/texlive/2021/texmf-dist/tex/generic/bigintcalc/bigintcalc.sty
Package: bigintcalc 2019/12/15 v1.5 Expandable calculations on big integers (HO
)
))
Package uniquecounter Info: New unique counter `rerunfilecheck' on input line 2
86.
))
\c@Hy@tempcnt=\count305

(/usr/local/texlive/2021/texmf-dist/tex/latex/url/url.sty
\Urlmuskip=\muskip16
Package: url 2013/09/16  ver 3.4  Verb mode for urls, etc.
)
LaTeX Info: Redefining \url on input line 4804.
\XeTeXLinkMargin=\dimen197

(/usr/local/texlive/2021/texmf-dist/tex/generic/bitset/bitset.sty
Package: bitset 2019/12/09 v1.3 Handle bit-vector datatype (HO)
)
\Fld@menulength=\count306
\Field@Width=\dimen198
\Fld@charsize=\dimen199
Package hyperref Info: Hyper figures OFF on input line 6075.
Package hyperref Info: Link nesting OFF on input line 6080.
Package hyperref Info: Hyper index ON on input line 6083.
Package hyperref Info: backreferencing ON on input line 6088.
Package hyperref Info: Link coloring OFF on input line 6095.
Package hyperref Info: Link coloring with OCG OFF on input line 6100.
Package hyperref Info: PDF/A mode OFF on input line 6105.
LaTeX Info: Redefining \ref on input line 6145.
LaTeX Info: Redefining \pageref on input line 6149.

(/usr/local/texlive/2021/texmf-dist/tex/latex/base/atbegshi-ltx.sty
Package: atbegshi-ltx 2020/08/17 v1.0a Emulation of the original atbegshi packa
ge
with kernel methods
)
\Hy@abspage=\count307
\c@Item=\count308
\c@Hfootnote=\count309
)
Package hyperref Info: Driver: hpdftex.

(/usr/local/texlive/2021/texmf-dist/tex/latex/hyperref/hpdftex.def
File: hpdftex.def 2021-02-27 v7.00k Hyperref driver for pdfTeX
\Fld@listcount=\count310
\c@bookmark@seq@number=\count311
\Hy@SectionHShift=\skip127
)
Package hyperref Info: Option `colorlinks' set `true' on input line 134.
Package hyperref Info: Option `unicode' set `true' on input line 134.

(/usr/local/texlive/2021/texmf-dist/tex/latex/caption/caption.sty
Package: caption 2020/10/26 v3.5g Customizing captions (AR)

(/usr/local/texlive/2021/texmf-dist/tex/latex/caption/caption3.sty
Package: caption3 2020/10/21 v2.2e caption3 kernel (AR)
\captionmargin=\dimen256
\captionmargin@=\dimen257
\captionwidth=\dimen258
\caption@tempdima=\dimen259
\caption@indent=\dimen260
\caption@parindent=\dimen261
\caption@hangindent=\dimen262
Package caption Info: Standard document class detected.
)
\c@caption@flags=\count312
\c@continuedfloat=\count313
Package caption Info: float package is loaded.
Package caption Info: hyperref package is loaded.
Package caption Info: longtable package is loaded.

(/usr/local/texlive/2021/texmf-dist/tex/latex/caption/ltcaption.sty
Package: ltcaption 2020/05/30 v1.4b longtable captions (AR)
))
(/usr/local/texlive/2021/texmf-dist/tex/latex/etoc/etoc.sty
Package: etoc 2020/05/15 v1.09c Completely customisable TOCs (JFB)
\Etoc@toctoks=\toks34
\c@etoc@tocid=\count314
\c@etoc@tocdepth=\count315
\etoc@framed@titlebox=\box115
\etoc@framed@contentsbox=\box116
)
LaTeX Font Info:    Trying to load font information for T1+phv on input line 15
0.

(/usr/local/texlive/2021/texmf-dist/tex/latex/psnfss/t1phv.fd
File: t1phv.fd 2020/03/25 scalable font definitions for T1/phv.
)
LaTeX Font Info:    Font shape `T1/phv/m/n' will be
(Font)              scaled to size 8.99994pt on input line 150.

(/usr/local/texlive/2021/texmf-dist/tex/latex/l3backend/l3backend-pdftex.def
File: l3backend-pdftex.def 2021-03-18 L3 backend support: PDF output (pdfTeX)
\l__color_backend_stack_int=\count316
\l__pdf_internal_box=\box117
)
(./refman.aux)
\openout1 = `refman.aux'.

LaTeX Font Info:    Checking defaults for OML/cmm/m/it on input line 150.
LaTeX Font Info:    ... okay on input line 150.
LaTeX Font Info:    Checking defaults for OMS/cmsy/m/n on input line 150.
LaTeX Font Info:    ... okay on input line 150.
LaTeX Font Info:    Checking defaults for OT1/cmr/m/n on input line 150.
LaTeX Font Info:    ... okay on input line 150.
LaTeX Font Info:    Checking defaults for T1/cmr/m/n on input line 150.
LaTeX Font Info:    ... okay on input line 150.
LaTeX Font Info:    Checking defaults for TS1/cmr/m/n on input line 150.
LaTeX Font Info:    ... okay on input line 150.
LaTeX Font Info:    Checking defaults for OMX/cmex/m/n on input line 150.
LaTeX Font Info:    ... okay on input line 150.
LaTeX Font Info:    Checking defaults for U/cmr/m/n on input line 150.
LaTeX Font Info:    ... okay on input line 150.
LaTeX Font Info:    Checking defaults for PD1/pdf/m/n on input line 150.
LaTeX Font Info:    ... okay on input line 150.
LaTeX Font Info:    Checking defaults for PU/pdf/m/n on input line 150.
LaTeX Font Info:    ... okay on input line 150.

(/usr/local/texlive/2021/texmf-dist/tex/context/base/mkii/supp-pdf.mkii
[Loading MPS to PDF converter (version 2006.09.02).]
\scratchcounter=\count317
\scratchdimen=\dimen263
\scratchbox=\box118
\nofMPsegments=\count318
\nofMParguments=\count319
\everyMPshowfont=\toks35
\MPscratchCnt=\count320
\MPscratchDim=\dimen264
\MPnumerator=\count321
\makeMPintoPDFobject=\count322
\everyMPtoPDFconversion=\toks36
) (/usr/local/texlive/2021/texmf-dist/tex/latex/epstopdf-pkg/epstopdf-base.sty
Package: epstopdf-base 2020-01-24 v2.11 Base part for package epstopdf
Package epstopdf-base Info: Redefining graphics rule for `.eps' on input line 4
85.

(/usr/local/texlive/2021/texmf-dist/tex/latex/latexconfig/epstopdf-sys.cfg
File: epstopdf-sys.cfg 2010/07/13 v1.3 Configuration of (r)epstopdf for TeX Liv
e
))
*geometry* driver: auto-detecting
*geometry* detected driver: pdftex
*geometry* verbose mode - [ preamble ] result:
* driver: pdftex
* paper: a4paper
* layout: <same size as paper>
* layoutoffset:(h,v)=(0.0pt,0.0pt)
* modes: twoside 
* h-part:(L,W,R)=(71.13188pt, 455.24411pt, 71.13188pt)
* v-part:(T,H,B)=(71.13188pt, 702.78308pt, 71.13188pt)
* \paperwidth=597.50787pt
* \paperheight=845.04684pt
* \textwidth=455.24411pt
* \textheight=702.78308pt
* \oddsidemargin=-1.1381pt
* \evensidemargin=-1.1381pt
* \topmargin=-31.2056pt
* \headheight=12.0pt
* \headsep=18.06749pt
* \topskip=10.0pt
* \footskip=25.29494pt
* \marginparwidth=125.0pt
* \marginparsep=7.0pt
* \columnsep=10.0pt
* \skip\footins=9.0pt plus 4.0pt minus 2.0pt
* \hoffset=0.0pt
* \voffset=0.0pt
* \mag=1000
* \@twocolumnfalse
* \@twosidetrue
* \@mparswitchtrue
* \@reversemarginfalse
* (1in=72.27pt=25.4mm, 1cm=28.453pt)

Package hyperref Info: Link coloring ON on input line 150.
(/usr/local/texlive/2021/texmf-dist/tex/latex/hyperref/nameref.sty
Package: nameref 2021-04-02 v2.47 Cross-referencing by name of section

(/usr/local/texlive/2021/texmf-dist/tex/latex/refcount/refcount.sty
Package: refcount 2019/12/15 v3.6 Data extraction from label references (HO)
)
(/usr/local/texlive/2021/texmf-dist/tex/generic/gettitlestring/gettitlestring.s
ty
Package: gettitlestring 2019/12/15 v1.6 Cleanup title references (HO)
)
\c@section@level=\count323
)
LaTeX Info: Redefining \ref on input line 150.
LaTeX Info: Redefining \pageref on input line 150.
LaTeX Info: Redefining \nameref on input line 150.
 (./refman.out) (./refman.out)
\@outlinefile=\write5
\openout5 = `refman.out'.

Package backref Info: ** backref set up for natbib ** on input line 150.
Package caption Info: Begin \AtBeginDocument code.
Package caption Info: End \AtBeginDocument code.
\Etoc@tf=\read4
Package hyperref Info: Option `pageanchor' set `false' on input line 158.
Package hyperref Info: Option `bookmarksnumbered' set `true' on input line 158.

Package hyperref Info: Option `unicode' set `true' on input line 158.
LaTeX Font Info:    Font shape `T1/phv/m/n' will be
(Font)              scaled to size 12.9599pt on input line 163.
LaTeX Font Info:    Font shape `T1/phv/m/n' will be
(Font)              scaled to size 6.29996pt on input line 163.
LaTeX Font Info:    Trying to load font information for U+msa on input line 163
.

(/usr/local/texlive/2021/texmf-dist/tex/latex/amsfonts/umsa.fd
File: umsa.fd 2013/01/14 v3.01 AMS symbols A
)
LaTeX Font Info:    Trying to load font information for U+msb on input line 163
.

(/usr/local/texlive/2021/texmf-dist/tex/latex/amsfonts/umsb.fd
File: umsb.fd 2013/01/14 v3.01 AMS symbols B
)
LaTeX Font Info:    Trying to load font information for U+wasy on input line 16
3.

(/usr/local/texlive/2021/texmf-dist/tex/latex/wasysym/uwasy.fd
File: uwasy.fd 2020/01/19 v2.4 Wasy-2 symbol font definitions
)
LaTeX Font Info:    Font shape `T1/phv/m/n' will be
(Font)              scaled to size 10.79993pt on input line 165.
 [1


{/usr/local/texlive/2021/texmf-var/fonts/map/pdftex/updmap/pdftex.map}] [2

]
\tf@toc=\write6
\openout6 = `refman.toc'.

LaTeX Font Info:    Font shape `T1/phv/b/n' will be
(Font)              scaled to size 8.99994pt on input line 171.
LaTeX Font Info:    Font shape `T1/phv/m/n' will be
(Font)              scaled to size 7.19995pt on input line 171.
LaTeX Font Info:    Trying to load font information for T1+pcr on input line 17
1.

(/usr/local/texlive/2021/texmf-dist/tex/latex/psnfss/t1pcr.fd
File: t1pcr.fd 2001/06/04 font definitions for T1/pcr.
)
LaTeX Font Info:    Font shape `T1/phv/b/n' will be
(Font)              scaled to size 6.29996pt on input line 171.
 [1] [2] [3]
[4] [5] [6]
Package hyperref Info: Option `pageanchor' set `true' on input line 174.

Chapter 1.
LaTeX Font Info:    Font shape `T1/phv/m/n' will be
(Font)              scaled to size 18.66588pt on input line 176.
LaTeX Font Info:    Font shape `T1/phv/b/n' will be
(Font)              scaled to size 18.66588pt on input line 176.
LaTeX Font Info:    Font shape `T1/phv/bc/n' will be
(Font)              scaled to size 18.66588pt on input line 176.
LaTeX Font Info:    Font shape `T1/phv/m/n' will be
(Font)              scaled to size 22.39185pt on input line 176.
LaTeX Font Info:    Font shape `T1/phv/b/n' will be
(Font)              scaled to size 22.39185pt on input line 176.
LaTeX Font Info:    Font shape `T1/phv/bc/n' will be
(Font)              scaled to size 22.39185pt on input line 176.
(./hierarchy.tex
LaTeX Font Info:    Font shape `T1/phv/b/n' will be
(Font)              scaled to size 12.9599pt on input line 1.
) [1


] [2

]
Chapter 2.
(./annotated.tex [3]) [4]
Chapter 3.
(./files.tex) [5

] [6

]
Chapter 4.
(./structallocation__info.tex
LaTeX Font Info:    Font shape `T1/phv/b/n' will be
(Font)              scaled to size 10.79993pt on input line 3.
LaTeX Font Info:    Trying to load font information for TS1+phv on input line 6
.

(/usr/local/texlive/2021/texmf-dist/tex/latex/psnfss/ts1phv.fd
File: ts1phv.fd 2020/03/25 scalable font definitions for TS1/phv.
)
LaTeX Font Info:    Font shape `TS1/phv/m/n' will be
(Font)              scaled to size 8.99994pt on input line 6.
)
(./class_c_h_i_p_allocation_tracker.tex
LaTeX Font Info:    Font shape `T1/phv/m/n' will be
(Font)              scaled to size 8.09995pt on input line 16.
LaTeX Font Info:    Font shape `T1/phv/m/it' in size <9> not available
(Font)              Font shape `T1/phv/m/sl' tried instead on input line 16.
LaTeX Font Info:    Font shape `T1/phv/m/sl' will be
(Font)              scaled to size 8.09995pt on input line 16.
LaTeX Font Info:    Font shape `T1/phv/m/it' in size <7> not available
(Font)              Font shape `T1/phv/m/sl' tried instead on input line 16.
LaTeX Font Info:    Font shape `T1/phv/m/sl' will be
(Font)              scaled to size 6.29996pt on input line 16.
LaTeX Font Info:    Font shape `T1/pcr/m/it' in size <8> not available
(Font)              Font shape `T1/pcr/m/sl' tried instead on input line 29.
LaTeX Font Info:    Font shape `T1/pcr/m/it' in size <7> not available
(Font)              Font shape `T1/pcr/m/sl' tried instead on input line 29.
 [7]
LaTeX Font Info:    Font shape `T1/phv/bc/n' will be
(Font)              scaled to size 8.99994pt on input line 35.

Underfull \hbox (badness 10000) detected at line 35
[][][]
 []


Underfull \hbox (badness 10000) detected at line 48
[][][]
 []

) (./class_c_h_i_p_backend.tex
Package epstopdf Info: Source file: <class_c_h_i_p_backend.eps>
(epstopdf)                    date: 2021-10-10 23:55:19
(epstopdf)                    size: 3931 bytes
(epstopdf)             Output file: <class_c_h_i_p_backend-eps-converted-to.pdf
>
(epstopdf)                    date: 2021-10-10 23:55:25
(epstopdf)                    size: 5511 bytes
(epstopdf)             Command: <repstopdf --outfile=class_c_h_i_p_backend-eps-
converted-to.pdf class_c_h_i_p_backend.eps>
(epstopdf)             \includegraphics on input line 15.
Package epstopdf Info: Output file is already uptodate.
 <./class_c_h_i_p_backend-eps-converted-to.pdf>
<class_c_h_i_p_backend-eps-converted-to.pdf, id=1380, 501.875pt x 138.44724pt>
File: class_c_h_i_p_backend-eps-converted-to.pdf Graphic file (type pdf)
<use class_c_h_i_p_backend-eps-converted-to.pdf>
Package pdftex.def Info: class_c_h_i_p_backend-eps-converted-to.pdf  used on in
put line 15.
(pdftex.def)             Requested size: 206.28316pt x 56.9055pt.

[8]
LaTeX Font Info:    Font shape `TS1/phv/m/it' in size <9> not available
(Font)              Font shape `TS1/phv/m/sl' tried instead on input line 44.
LaTeX Font Info:    Font shape `TS1/phv/m/sl' will be
(Font)              scaled to size 8.09995pt on input line 44.
 [9] [10]
Underfull \hbox (badness 10000) detected at line 170
[][][]
 []

[11]
Underfull \hbox (badness 10000) detected at line 209
[][][]
 []


Underfull \hbox (badness 10000) detected at line 227
[][][]
 []


Underfull \hbox (badness 10000) detected at line 240
[][][]
 []

[12]
Underfull \hbox (badness 10000) detected at line 253
[][][]
 []


Underfull \hbox (badness 10000) detected at line 266
[][][]
 []


Underfull \hbox (badness 10000) detected at line 279
[][][]
 []


Underfull \hbox (badness 10000) detected at line 292
[][][]
 []


Underfull \hbox (badness 10000) detected at line 305
[][][]
 []

[13]
Underfull \hbox (badness 10000) detected at line 350
[][][]
 []

[14]
Underfull \hbox (badness 10000) detected at line 364
[][][]
 []


Underfull \hbox (badness 10000) detected at line 395
[][][]
 []

[15]
Underfull \hbox (badness 10000) detected at line 432
[][][]
 []

) (./class_c_h_i_p_backend_level0.tex
Package epstopdf Info: Source file: <class_c_h_i_p_backend_level0.eps>
(epstopdf)                    date: 2021-10-10 23:55:19
(epstopdf)                    size: 3798 bytes
(epstopdf)             Output file: <class_c_h_i_p_backend_level0-eps-converted
-to.pdf>
(epstopdf)                    date: 2021-10-10 23:55:25
(epstopdf)                    size: 5199 bytes
(epstopdf)             Command: <repstopdf --outfile=class_c_h_i_p_backend_leve
l0-eps-converted-to.pdf class_c_h_i_p_backend_level0.eps>
(epstopdf)             \includegraphics on input line 6.
Package epstopdf Info: Output file is already uptodate.
 <./class_c_h_i_p_backend_level0-eps-converted-to.pdf>
<class_c_h_i_p_backend_level0-eps-converted-to.pdf, id=1539, 501.875pt x 295.22
295pt>
File: class_c_h_i_p_backend_level0-eps-converted-to.pdf Graphic file (type pdf)

<use class_c_h_i_p_backend_level0-eps-converted-to.pdf>
Package pdftex.def Info: class_c_h_i_p_backend_level0-eps-converted-to.pdf  use
d on input line 6.
(pdftex.def)             Requested size: 96.73567pt x 56.9055pt.
 [16]
LaTeX Font Info:    Font shape `T1/phv/b/n' will be
(Font)              scaled to size 7.19995pt on input line 25.
 [17]) (./class_c_h_i_p_backend_open_c_l.tex
Package epstopdf Info: Source file: <class_c_h_i_p_backend_open_c_l.eps>
(epstopdf)                    date: 2021-10-10 23:55:19
(epstopdf)                    size: 3798 bytes
(epstopdf)             Output file: <class_c_h_i_p_backend_open_c_l-eps-convert
ed-to.pdf>
(epstopdf)                    date: 2021-10-10 23:55:25
(epstopdf)                    size: 5139 bytes
(epstopdf)             Command: <repstopdf --outfile=class_c_h_i_p_backend_open
_c_l-eps-converted-to.pdf class_c_h_i_p_backend_open_c_l.eps>
(epstopdf)             \includegraphics on input line 6.
Package epstopdf Info: Output file is already uptodate.
 <./class_c_h_i_p_backend_open_c_l-eps-converted-to.pdf>
<class_c_h_i_p_backend_open_c_l-eps-converted-to.pdf, id=1569, 501.875pt x 276.
89445pt>
File: class_c_h_i_p_backend_open_c_l-eps-converted-to.pdf Graphic file (type pd
f)
<use class_c_h_i_p_backend_open_c_l-eps-converted-to.pdf>
Package pdftex.def Info: class_c_h_i_p_backend_open_c_l-eps-converted-to.pdf  u
sed on input line 6.
(pdftex.def)             Requested size: 103.13774pt x 56.9055pt.
 [18]) (./class_c_h_i_p_context.tex
Package epstopdf Info: Source file: <class_c_h_i_p_context.eps>
(epstopdf)                    date: 2021-10-10 23:55:19
(epstopdf)                    size: 3931 bytes
(epstopdf)             Output file: <class_c_h_i_p_context-eps-converted-to.pdf
>
(epstopdf)                    date: 2021-10-10 23:55:25
(epstopdf)                    size: 5162 bytes
(epstopdf)             Command: <repstopdf --outfile=class_c_h_i_p_context-eps-
converted-to.pdf class_c_h_i_p_context.eps>
(epstopdf)             \includegraphics on input line 15.
Package epstopdf Info: Output file is already uptodate.
 <./class_c_h_i_p_context-eps-converted-to.pdf>
<class_c_h_i_p_context-eps-converted-to.pdf, id=1589, 501.875pt x 145.47348pt>
File: class_c_h_i_p_context-eps-converted-to.pdf Graphic file (type pdf)
<use class_c_h_i_p_context-eps-converted-to.pdf>
Package pdftex.def Info: class_c_h_i_p_context-eps-converted-to.pdf  used on in
put line 15.
(pdftex.def)             Requested size: 196.32011pt x 56.9055pt.
 [19] [20]
Underfull \hbox (badness 10000) detected at line 102
[][][]
 []

[21]
Underfull \hbox (badness 10000) detected at line 137
[][][]
 []


Underfull \hbox (badness 10000) detected at line 157
[][][]
 []


Underfull \hbox (badness 10000) detected at line 179
[][][]
 []

[22]
Underfull \hbox (badness 10000) detected at line 201
[][][]
 []


Underfull \hbox (badness 10000) detected at line 225
[][][]
 []

[23]
Underfull \hbox (badness 10000) detected at line 247
[][][]
 []


Underfull \hbox (badness 10000) detected at line 265
[][][]
 []


Underfull \hbox (badness 10000) detected at line 283
[][][]
 []

[24]
Underfull \hbox (badness 10000) detected at line 303
[][][]
 []


Underfull \hbox (badness 10000) detected at line 322
[][][]
 []


Underfull \hbox (badness 10000) detected at line 335
[][][]
 []


Underfull \hbox (badness 10000) detected at line 348
[][][]
 []

[25]
Underfull \hbox (badness 10000) detected at line 372
[][][]
 []

[26]
Underfull \hbox (badness 10000) detected at line 406
[][][]
 []

) (./class_c_h_i_p_context_level0.tex
Package epstopdf Info: Source file: <class_c_h_i_p_context_level0.eps>
(epstopdf)                    date: 2021-10-10 23:55:19
(epstopdf)                    size: 3798 bytes
(epstopdf)             Output file: <class_c_h_i_p_context_level0-eps-converted
-to.pdf>
(epstopdf)                    date: 2021-10-10 23:55:26
(epstopdf)                    size: 4812 bytes
(epstopdf)             Command: <repstopdf --outfile=class_c_h_i_p_context_leve
l0-eps-converted-to.pdf class_c_h_i_p_context_level0.eps>
(epstopdf)             \includegraphics on input line 6.
Package epstopdf Info: Output file is already uptodate.
 <./class_c_h_i_p_context_level0-eps-converted-to.pdf>
<class_c_h_i_p_context_level0-eps-converted-to.pdf, id=1740, 501.875pt x 311.24
278pt>
File: class_c_h_i_p_context_level0-eps-converted-to.pdf Graphic file (type pdf)

<use class_c_h_i_p_context_level0-eps-converted-to.pdf>
Package pdftex.def Info: class_c_h_i_p_context_level0-eps-converted-to.pdf  use
d on input line 6.
(pdftex.def)             Requested size: 91.75798pt x 56.9055pt.
 [27]
Underfull \hbox (badness 10000) detected at line 56
[][][]
 []

[28]
Underfull \hbox (badness 10000) detected at line 78
[][][]
 []


Underfull \hbox (badness 10000) detected at line 108
[][][]
 []

) (./class_c_h_i_p_context_open_c_l.tex
Package epstopdf Info: Source file: <class_c_h_i_p_context_open_c_l.eps>
(epstopdf)                    date: 2021-10-10 23:55:19
(epstopdf)                    size: 3798 bytes
(epstopdf)             Output file: <class_c_h_i_p_context_open_c_l-eps-convert
ed-to.pdf>
(epstopdf)                    date: 2021-10-10 23:55:26
(epstopdf)                    size: 4776 bytes
(epstopdf)             Command: <repstopdf --outfile=class_c_h_i_p_context_open
_c_l-eps-converted-to.pdf class_c_h_i_p_context_open_c_l.eps>
(epstopdf)             \includegraphics on input line 6.
Package epstopdf Info: Output file is already uptodate.
 <./class_c_h_i_p_context_open_c_l-eps-converted-to.pdf>
<class_c_h_i_p_context_open_c_l-eps-converted-to.pdf, id=1771, 501.875pt x 290.
94696pt>
File: class_c_h_i_p_context_open_c_l-eps-converted-to.pdf Graphic file (type pd
f)
<use class_c_h_i_p_context_open_c_l-eps-converted-to.pdf>
Package pdftex.def Info: class_c_h_i_p_context_open_c_l-eps-converted-to.pdf  u
sed on input line 6.
(pdftex.def)             Requested size: 98.16005pt x 56.9055pt.
 [29]
Underfull \hbox (badness 10000) detected at line 56
[][][]
 []

[30]
Underfull \hbox (badness 10000) detected at line 78
[][][]
 []


Underfull \hbox (badness 10000) detected at line 108
[][][]
 []

) (./class_c_h_i_p_device.tex
Package epstopdf Info: Source file: <class_c_h_i_p_device.eps>
(epstopdf)                    date: 2021-10-10 23:55:19
(epstopdf)                    size: 3925 bytes
(epstopdf)             Output file: <class_c_h_i_p_device-eps-converted-to.pdf>

(epstopdf)                    date: 2021-10-10 23:55:26
(epstopdf)                    size: 5124 bytes
(epstopdf)             Command: <repstopdf --outfile=class_c_h_i_p_device-eps-c
onverted-to.pdf class_c_h_i_p_device.eps>
(epstopdf)             \includegraphics on input line 15.
Package epstopdf Info: Output file is already uptodate.
 <./class_c_h_i_p_device-eps-converted-to.pdf>
<class_c_h_i_p_device-eps-converted-to.pdf, id=1805, 501.875pt x 147.61147pt>
File: class_c_h_i_p_device-eps-converted-to.pdf Graphic file (type pdf)
<use class_c_h_i_p_device-eps-converted-to.pdf>
Package pdftex.def Info: class_c_h_i_p_device-eps-converted-to.pdf  used on inp
ut line 15.
(pdftex.def)             Requested size: 193.479pt x 56.9055pt.

[31] [32] [33]
Underfull \hbox (badness 10000) detected at line 169
[][][]
 []

[34]
Underfull \hbox (badness 10000) detected at line 202
[][][]
 []


Underfull \hbox (badness 10000) detected at line 215
[][][]
 []


Underfull \hbox (badness 10000) detected at line 233
[][][]
 []

[35]
Underfull \hbox (badness 10000) detected at line 246
[][][]
 []


Underfull \hbox (badness 10000) detected at line 259
[][][]
 []


Underfull \hbox (badness 10000) detected at line 272
[][][]
 []

[36]
Underfull \hbox (badness 10000) detected at line 290
[][][]
 []


Underfull \hbox (badness 10000) detected at line 303
[][][]
 []


Underfull \hbox (badness 10000) detected at line 321
[][][]
 []


Underfull \hbox (badness 10000) detected at line 334
[][][]
 []

[37]
Underfull \hbox (badness 10000) detected at line 347
[][][]
 []


Underfull \hbox (badness 10000) detected at line 369
[][][]
 []


Underfull \hbox (badness 10000) detected at line 382
[][][]
 []


Underfull \hbox (badness 10000) detected at line 395
[][][]
 []

[38]
Underfull \hbox (badness 10000) detected at line 413
[][][]
 []


Underfull \hbox (badness 10000) detected at line 426
[][][]
 []


Underfull \hbox (badness 10000) detected at line 448
[][][]
 []

[39]
Underfull \hbox (badness 10000) detected at line 501
[][][]
 []

[40] [41]
Underfull \hbox (badness 10000) detected at line 521
[][][]
 []


Underfull \hbox (badness 10000) detected at line 541
[][][]
 []

[42]
Underfull \hbox (badness 10000) detected at line 611
[][][]
 []

[43]) (./class_c_h_i_p_device_level0.tex
Package epstopdf Info: Source file: <class_c_h_i_p_device_level0.eps>
(epstopdf)                    date: 2021-10-10 23:55:19
(epstopdf)                    size: 3794 bytes
(epstopdf)             Output file: <class_c_h_i_p_device_level0-eps-converted-
to.pdf>
(epstopdf)                    date: 2021-10-10 23:55:27
(epstopdf)                    size: 4700 bytes
(epstopdf)             Command: <repstopdf --outfile=class_c_h_i_p_device_level
0-eps-converted-to.pdf class_c_h_i_p_device_level0.eps>
(epstopdf)             \includegraphics on input line 6.
Package epstopdf Info: Output file is already uptodate.
 <./class_c_h_i_p_device_level0-eps-converted-to.pdf>
<class_c_h_i_p_device_level0-eps-converted-to.pdf, id=2023, 501.875pt x 316.141
1pt>
File: class_c_h_i_p_device_level0-eps-converted-to.pdf Graphic file (type pdf)
<use class_c_h_i_p_device_level0-eps-converted-to.pdf>
Package pdftex.def Info: class_c_h_i_p_device_level0-eps-converted-to.pdf  used
 on input line 6.
(pdftex.def)             Requested size: 90.33359pt x 56.9055pt.
 [44]
Underfull \hbox (badness 10000) detected at line 38
[][][]
 []

) (./class_c_h_i_p_device_open_c_l.tex
Package epstopdf Info: Source file: <class_c_h_i_p_device_open_c_l.eps>
(epstopdf)                    date: 2021-10-10 23:55:19
(epstopdf)                    size: 3794 bytes
(epstopdf)             Output file: <class_c_h_i_p_device_open_c_l-eps-converte
d-to.pdf>
(epstopdf)                    date: 2021-10-10 23:55:27
(epstopdf)                    size: 4874 bytes
(epstopdf)             Command: <repstopdf --outfile=class_c_h_i_p_device_open_
c_l-eps-converted-to.pdf class_c_h_i_p_device_open_c_l.eps>
(epstopdf)             \includegraphics on input line 6.
Package epstopdf Info: Output file is already uptodate.
 <./class_c_h_i_p_device_open_c_l-eps-converted-to.pdf>
<class_c_h_i_p_device_open_c_l-eps-converted-to.pdf, id=2043, 501.875pt x 295.2
2295pt>
File: class_c_h_i_p_device_open_c_l-eps-converted-to.pdf Graphic file (type pdf
)
<use class_c_h_i_p_device_open_c_l-eps-converted-to.pdf>
Package pdftex.def Info: class_c_h_i_p_device_open_c_l-eps-converted-to.pdf  us
ed on input line 6.
(pdftex.def)             Requested size: 96.73567pt x 56.9055pt.
 [45]
Underfull \hbox (badness 10000) detected at line 47
[][][]
 []

) (./class_c_h_i_p_device_var.tex [46]) (./class_c_h_i_p_event.tex
Package epstopdf Info: Source file: <class_c_h_i_p_event.eps>
(epstopdf)                    date: 2021-10-10 23:55:19
(epstopdf)                    size: 3790 bytes
(epstopdf)             Output file: <class_c_h_i_p_event-eps-converted-to.pdf>
(epstopdf)                    date: 2021-10-10 23:55:27
(epstopdf)                    size: 4755 bytes
(epstopdf)             Command: <repstopdf --outfile=class_c_h_i_p_event-eps-co
nverted-to.pdf class_c_h_i_p_event.eps>
(epstopdf)             \includegraphics on input line 6.
Package epstopdf Info: Output file is already uptodate.
 <./class_c_h_i_p_event-eps-converted-to.pdf>
<class_c_h_i_p_event-eps-converted-to.pdf, id=2073, 501.875pt x 313.67188pt>
File: class_c_h_i_p_event-eps-converted-to.pdf Graphic file (type pdf)
<use class_c_h_i_p_event-eps-converted-to.pdf>
Package pdftex.def Info: class_c_h_i_p_event-eps-converted-to.pdf  used on inpu
t line 6.
(pdftex.def)             Requested size: 91.04579pt x 56.9055pt.
 [47]
Underfull \hbox (badness 10000) detected at line 65
[][][]
 []


Underfull \hbox (badness 10000) detected at line 78
[][][]
 []

[48]
Underfull \hbox (badness 10000) detected at line 98
[][][]
 []


Underfull \hbox (badness 10000) detected at line 113
[][][]
 []

) (./class_c_h_i_p_event_open_c_l.tex
Package epstopdf Info: Source file: <class_c_h_i_p_event_open_c_l.eps>
(epstopdf)                    date: 2021-10-10 23:55:19
(epstopdf)                    size: 3790 bytes
(epstopdf)             Output file: <class_c_h_i_p_event_open_c_l-eps-converted
-to.pdf>
(epstopdf)                    date: 2021-10-10 23:55:27
(epstopdf)                    size: 4757 bytes
(epstopdf)             Command: <repstopdf --outfile=class_c_h_i_p_event_open_c
_l-eps-converted-to.pdf class_c_h_i_p_event_open_c_l.eps>
(epstopdf)             \includegraphics on input line 6.
Package epstopdf Info: Output file is already uptodate.
 <./class_c_h_i_p_event_open_c_l-eps-converted-to.pdf>
<class_c_h_i_p_event_open_c_l-eps-converted-to.pdf, id=2128, 501.875pt x 313.67
188pt>
File: class_c_h_i_p_event_open_c_l-eps-converted-to.pdf Graphic file (type pdf)

<use class_c_h_i_p_event_open_c_l-eps-converted-to.pdf>
Package pdftex.def Info: class_c_h_i_p_event_open_c_l-eps-converted-to.pdf  use
d on input line 6.
(pdftex.def)             Requested size: 91.04579pt x 56.9055pt.
) (./class_c_h_i_p_exec_item.tex [49]
Package epstopdf Info: Source file: <class_c_h_i_p_exec_item.eps>
(epstopdf)                    date: 2021-10-10 23:55:19
(epstopdf)                    size: 3802 bytes
(epstopdf)             Output file: <class_c_h_i_p_exec_item-eps-converted-to.p
df>
(epstopdf)                    date: 2021-10-10 23:55:28
(epstopdf)                    size: 5056 bytes
(epstopdf)             Command: <repstopdf --outfile=class_c_h_i_p_exec_item-ep
s-converted-to.pdf class_c_h_i_p_exec_item.eps>
(epstopdf)             \includegraphics on input line 15.
Package epstopdf Info: Output file is already uptodate.
 <./class_c_h_i_p_exec_item-eps-converted-to.pdf>
<class_c_h_i_p_exec_item-eps-converted-to.pdf, id=2144, 501.875pt x 274.99739pt
>
File: class_c_h_i_p_exec_item-eps-converted-to.pdf Graphic file (type pdf)
<use class_c_h_i_p_exec_item-eps-converted-to.pdf>
Package pdftex.def Info: class_c_h_i_p_exec_item-eps-converted-to.pdf  used on 
input line 15.
(pdftex.def)             Requested size: 103.84995pt x 56.9055pt.
 [50] [51]
Underfull \hbox (badness 10000) detected at line 110
[][][]
 []


Underfull \hbox (badness 10000) detected at line 123
[][][]
 []


Underfull \hbox (badness 10000) detected at line 136
[][][]
 []


Underfull \hbox (badness 10000) detected at line 149
[][][]
 []

[52]
Underfull \hbox (badness 10000) detected at line 167
[][][]
 []


Underfull \hbox (badness 10000) detected at line 189
[][][]
 []

) (./class_c_h_i_p_exec_item_open_c_l.tex
Package epstopdf Info: Source file: <class_c_h_i_p_exec_item_open_c_l.eps>
(epstopdf)                    date: 2021-10-10 23:55:19
(epstopdf)                    size: 3802 bytes
(epstopdf)             Output file: <class_c_h_i_p_exec_item_open_c_l-eps-conve
rted-to.pdf>
(epstopdf)                    date: 2021-10-10 23:55:28
(epstopdf)                    size: 5059 bytes
(epstopdf)             Command: <repstopdf --outfile=class_c_h_i_p_exec_item_op
en_c_l-eps-converted-to.pdf class_c_h_i_p_exec_item_open_c_l.eps>
(epstopdf)             \includegraphics on input line 6.
Package epstopdf Info: Output file is already uptodate.
 <./class_c_h_i_p_exec_item_open_c_l-eps-converted-to.pdf>
<class_c_h_i_p_exec_item_open_c_l-eps-converted-to.pdf, id=2214, 501.875pt x 27
4.99739pt>
File: class_c_h_i_p_exec_item_open_c_l-eps-converted-to.pdf Graphic file (type 
pdf)
<use class_c_h_i_p_exec_item_open_c_l-eps-converted-to.pdf>
Package pdftex.def Info: class_c_h_i_p_exec_item_open_c_l-eps-converted-to.pdf 
 used on input line 6.
(pdftex.def)             Requested size: 103.84995pt x 56.9055pt.
 [53]
Underfull \hbox (badness 10000) detected at line 45
[][][]
 []

) (./class_c_h_i_p_kernel.tex [54]
Package epstopdf Info: Source file: <class_c_h_i_p_kernel.eps>
(epstopdf)                    date: 2021-10-10 23:55:19
(epstopdf)                    size: 3925 bytes
(epstopdf)             Output file: <class_c_h_i_p_kernel-eps-converted-to.pdf>

(epstopdf)                    date: 2021-10-10 23:55:28
(epstopdf)                    size: 5072 bytes
(epstopdf)             Command: <repstopdf --outfile=class_c_h_i_p_kernel-eps-c
onverted-to.pdf class_c_h_i_p_kernel.eps>
(epstopdf)             \includegraphics on input line 15.
Package epstopdf Info: Output file is already uptodate.
 <./class_c_h_i_p_kernel-eps-converted-to.pdf>
<class_c_h_i_p_kernel-eps-converted-to.pdf, id=2246, 501.875pt x 150.94392pt>
File: class_c_h_i_p_kernel-eps-converted-to.pdf Graphic file (type pdf)
<use class_c_h_i_p_kernel-eps-converted-to.pdf>
Package pdftex.def Info: class_c_h_i_p_kernel-eps-converted-to.pdf  used on inp
ut line 15.
(pdftex.def)             Requested size: 189.20586pt x 56.9055pt.
 [55]
Underfull \hbox (badness 10000) detected at line 67
[][][]
 []


Underfull \hbox (badness 10000) detected at line 80
[][][]
 []


Underfull \hbox (badness 10000) detected at line 93
[][][]
 []


Underfull \hbox (badness 10000) detected at line 106
[][][]
 []


Underfull \hbox (badness 10000) detected at line 119
[][][]
 []

[56]
Underfull \hbox (badness 10000) detected at line 132
[][][]
 []

) (./class_c_h_i_p_kernel_level0.tex
Package epstopdf Info: Source file: <class_c_h_i_p_kernel_level0.eps>
(epstopdf)                    date: 2021-10-10 23:55:19
(epstopdf)                    size: 3794 bytes
(epstopdf)             Output file: <class_c_h_i_p_kernel_level0-eps-converted-
to.pdf>
(epstopdf)                    date: 2021-10-10 23:55:28
(epstopdf)                    size: 4737 bytes
(epstopdf)             Command: <repstopdf --outfile=class_c_h_i_p_kernel_level
0-eps-converted-to.pdf class_c_h_i_p_kernel_level0.eps>
(epstopdf)             \includegraphics on input line 6.
Package epstopdf Info: Output file is already uptodate.
 <./class_c_h_i_p_kernel_level0-eps-converted-to.pdf>
<class_c_h_i_p_kernel_level0-eps-converted-to.pdf, id=2281, 501.875pt x 323.789
66pt>
File: class_c_h_i_p_kernel_level0-eps-converted-to.pdf Graphic file (type pdf)
<use class_c_h_i_p_kernel_level0-eps-converted-to.pdf>
Package pdftex.def Info: class_c_h_i_p_kernel_level0-eps-converted-to.pdf  used
 on input line 6.
(pdftex.def)             Requested size: 88.20468pt x 56.9055pt.
) (./class_c_h_i_p_kernel_open_c_l.tex
Package epstopdf Info: Source file: <class_c_h_i_p_kernel_open_c_l.eps>
(epstopdf)                    date: 2021-10-10 23:55:19
(epstopdf)                    size: 3794 bytes
(epstopdf)             Output file: <class_c_h_i_p_kernel_open_c_l-eps-converte
d-to.pdf>
(epstopdf)                    date: 2021-10-10 23:55:28
(epstopdf)                    size: 4732 bytes
(epstopdf)             Command: <repstopdf --outfile=class_c_h_i_p_kernel_open_
c_l-eps-converted-to.pdf class_c_h_i_p_kernel_open_c_l.eps>
(epstopdf)             \includegraphics on input line 6.
Package epstopdf Info: Output file is already uptodate.
 <./class_c_h_i_p_kernel_open_c_l-eps-converted-to.pdf>
<class_c_h_i_p_kernel_open_c_l-eps-converted-to.pdf, id=2286, 501.875pt x 301.8
778pt>
File: class_c_h_i_p_kernel_open_c_l-eps-converted-to.pdf Graphic file (type pdf
)
<use class_c_h_i_p_kernel_open_c_l-eps-converted-to.pdf>
Package pdftex.def Info: class_c_h_i_p_kernel_open_c_l-eps-converted-to.pdf  us
ed on input line 6.
(pdftex.def)             Requested size: 94.59909pt x 56.9055pt.
 [57]) (./class_c_h_i_p_module.tex
Package epstopdf Info: Source file: <class_c_h_i_p_module.eps>
(epstopdf)                    date: 2021-10-10 23:55:19
(epstopdf)                    size: 3794 bytes
(epstopdf)             Output file: <class_c_h_i_p_module-eps-converted-to.pdf>

(epstopdf)                    date: 2021-10-10 23:55:29
(epstopdf)                    size: 4929 bytes
(epstopdf)             Command: <repstopdf --outfile=class_c_h_i_p_module-eps-c
onverted-to.pdf class_c_h_i_p_module.eps>
(epstopdf)             \includegraphics on input line 15.
Package epstopdf Info: Output file is already uptodate.
 <./class_c_h_i_p_module-eps-converted-to.pdf>
<class_c_h_i_p_module-eps-converted-to.pdf, id=2302, 501.875pt x 290.94696pt>
File: class_c_h_i_p_module-eps-converted-to.pdf Graphic file (type pdf)
<use class_c_h_i_p_module-eps-converted-to.pdf>
Package pdftex.def Info: class_c_h_i_p_module-eps-converted-to.pdf  used on inp
ut line 15.
(pdftex.def)             Requested size: 98.16005pt x 56.9055pt.
 [58] [59] [60]
Underfull \hbox (badness 10000) detected at line 164
[][][]
 []

[61]
Underfull \hbox (badness 10000) detected at line 182
[][][]
 []


Underfull \hbox (badness 10000) detected at line 200
[][][]
 []


Underfull \hbox (badness 10000) detected at line 213
[][][]
 []

) (./class_c_h_i_p_module_open_c_l.tex
Package epstopdf Info: Source file: <class_c_h_i_p_module_open_c_l.eps>
(epstopdf)                    date: 2021-10-10 23:55:19
(epstopdf)                    size: 3794 bytes
(epstopdf)             Output file: <class_c_h_i_p_module_open_c_l-eps-converte
d-to.pdf>
(epstopdf)                    date: 2021-10-10 23:55:29
(epstopdf)                    size: 4926 bytes
(epstopdf)             Command: <repstopdf --outfile=class_c_h_i_p_module_open_
c_l-eps-converted-to.pdf class_c_h_i_p_module_open_c_l.eps>
(epstopdf)             \includegraphics on input line 6.
Package epstopdf Info: Output file is already uptodate.
 <./class_c_h_i_p_module_open_c_l-eps-converted-to.pdf>
<class_c_h_i_p_module_open_c_l-eps-converted-to.pdf, id=2401, 501.875pt x 290.9
4696pt>
File: class_c_h_i_p_module_open_c_l-eps-converted-to.pdf Graphic file (type pdf
)
<use class_c_h_i_p_module_open_c_l-eps-converted-to.pdf>
Package pdftex.def Info: class_c_h_i_p_module_open_c_l-eps-converted-to.pdf  us
ed on input line 6.
(pdftex.def)             Requested size: 98.16005pt x 56.9055pt.
 [62]) (./class_c_h_i_p_queue.tex
Package epstopdf Info: Source file: <class_c_h_i_p_queue.eps>
(epstopdf)                    date: 2021-10-10 23:55:19
(epstopdf)                    size: 3919 bytes
(epstopdf)             Output file: <class_c_h_i_p_queue-eps-converted-to.pdf>
(epstopdf)                    date: 2021-10-10 23:55:29
(epstopdf)                    size: 5097 bytes
(epstopdf)             Command: <repstopdf --outfile=class_c_h_i_p_queue-eps-co
nverted-to.pdf class_c_h_i_p_queue.eps>
(epstopdf)             \includegraphics on input line 15.
Package epstopdf Info: Output file is already uptodate.
 <./class_c_h_i_p_queue-eps-converted-to.pdf>
<class_c_h_i_p_queue-eps-converted-to.pdf, id=2417, 501.875pt x 149.8097pt>
File: class_c_h_i_p_queue-eps-converted-to.pdf Graphic file (type pdf)
<use class_c_h_i_p_queue-eps-converted-to.pdf>
Package pdftex.def Info: class_c_h_i_p_queue-eps-converted-to.pdf  used on inpu
t line 15.
(pdftex.def)             Requested size: 190.6379pt x 56.9055pt.
 [63] [64] [65]
Underfull \hbox (badness 10000) detected at line 159
[][][]
 []

[66]
Underfull \hbox (badness 10000) detected at line 179
[][][]
 []


Underfull \hbox (badness 10000) detected at line 208
[][][]
 []


Underfull \hbox (badness 10000) detected at line 221
[][][]
 []


Underfull \hbox (badness 10000) detected at line 234
[][][]
 []

[67]
Underfull \hbox (badness 10000) detected at line 252
[][][]
 []


Underfull \hbox (badness 10000) detected at line 270
[][][]
 []

[68]
Underfull \hbox (badness 10000) detected at line 300
[][][]
 []


Underfull \hbox (badness 10000) detected at line 324
[][][]
 []


Underfull \hbox (badness 10000) detected at line 346
[][][]
 []

[69]
Underfull \hbox (badness 10000) detected at line 368
[][][]
 []


Underfull \hbox (badness 10000) detected at line 394
[][][]
 []

[70] [71]
Underfull \hbox (badness 10000) detected at line 456
[][][]
 []


Underfull \hbox (badness 10000) detected at line 471
[][][]
 []

) (./class_c_h_i_p_queue_level0.tex
Package epstopdf Info: Source file: <class_c_h_i_p_queue_level0.eps>
(epstopdf)                    date: 2021-10-10 23:55:19
(epstopdf)                    size: 3790 bytes
(epstopdf)             Output file: <class_c_h_i_p_queue_level0-eps-converted-t
o.pdf>
(epstopdf)                    date: 2021-10-10 23:55:30
(epstopdf)                    size: 4644 bytes
(epstopdf)             Command: <repstopdf --outfile=class_c_h_i_p_queue_level0
-eps-converted-to.pdf class_c_h_i_p_queue_level0.eps>
(epstopdf)             \includegraphics on input line 6.
Package epstopdf Info: Output file is already uptodate.
 <./class_c_h_i_p_queue_level0-eps-converted-to.pdf>
<class_c_h_i_p_queue_level0-eps-converted-to.pdf, id=2571, 501.875pt x 321.2pt>

File: class_c_h_i_p_queue_level0-eps-converted-to.pdf Graphic file (type pdf)
<use class_c_h_i_p_queue_level0-eps-converted-to.pdf>
Package pdftex.def Info: class_c_h_i_p_queue_level0-eps-converted-to.pdf  used 
on input line 6.
(pdftex.def)             Requested size: 88.90921pt x 56.9055pt.
 [72]
Underfull \hbox (badness 10000) detected at line 52
[][][]
 []


Underfull \hbox (badness 10000) detected at line 78
[][][]
 []

) (./class_c_h_i_p_queue_open_c_l.tex
Package epstopdf Info: Source file: <class_c_h_i_p_queue_open_c_l.eps>
(epstopdf)                    date: 2021-10-10 23:55:19
(epstopdf)                    size: 3790 bytes
(epstopdf)             Output file: <class_c_h_i_p_queue_open_c_l-eps-converted
-to.pdf>
(epstopdf)                    date: 2021-10-10 23:55:30
(epstopdf)                    size: 4700 bytes
(epstopdf)             Command: <repstopdf --outfile=class_c_h_i_p_queue_open_c
_l-eps-converted-to.pdf class_c_h_i_p_queue_open_c_l.eps>
(epstopdf)             \includegraphics on input line 6.
Package epstopdf Info: Output file is already uptodate.
 <./class_c_h_i_p_queue_open_c_l-eps-converted-to.pdf>
<class_c_h_i_p_queue_open_c_l-eps-converted-to.pdf, id=2599, 501.875pt x 299.62
943pt>
File: class_c_h_i_p_queue_open_c_l-eps-converted-to.pdf Graphic file (type pdf)

<use class_c_h_i_p_queue_open_c_l-eps-converted-to.pdf>
Package pdftex.def Info: class_c_h_i_p_queue_open_c_l-eps-converted-to.pdf  use
d on input line 6.
(pdftex.def)             Requested size: 95.31128pt x 56.9055pt.
 [73] [74]
Underfull \hbox (badness 10000) detected at line 71
[][][]
 []


Underfull \hbox (badness 10000) detected at line 97
[][][]
 []

) (./class_invalid_device_type.tex
Package epstopdf Info: Source file: <class_invalid_device_type.eps>
(epstopdf)                    date: 2021-10-10 23:55:19
(epstopdf)                    size: 3818 bytes
(epstopdf)             Output file: <class_invalid_device_type-eps-converted-to
.pdf>
(epstopdf)                    date: 2021-10-10 23:55:30
(epstopdf)                    size: 5776 bytes
(epstopdf)             Command: <repstopdf --outfile=class_invalid_device_type-
eps-converted-to.pdf class_invalid_device_type.eps>
(epstopdf)             \includegraphics on input line 6.
Package epstopdf Info: Output file is already uptodate.
 <./class_invalid_device_type-eps-converted-to.pdf>
<class_invalid_device_type-eps-converted-to.pdf, id=2638, 501.875pt x 290.94696
pt>
File: class_invalid_device_type-eps-converted-to.pdf Graphic file (type pdf)
<use class_invalid_device_type-eps-converted-to.pdf>
Package pdftex.def Info: class_invalid_device_type-eps-converted-to.pdf  used o
n input line 6.
(pdftex.def)             Requested size: 98.16005pt x 56.9055pt.
) (./class_invalid_platform_or_device_number.tex
Package epstopdf Info: Source file: <class_invalid_platform_or_device_number.ep
s>
(epstopdf)                    date: 2021-10-10 23:55:19
(epstopdf)                    size: 3834 bytes
(epstopdf)             Output file: <class_invalid_platform_or_device_number-ep
s-converted-to.pdf>
(epstopdf)                    date: 2021-10-10 23:55:30
(epstopdf)                    size: 6092 bytes
(epstopdf)             Command: <repstopdf --outfile=class_invalid_platform_or_
device_number-eps-converted-to.pdf class_invalid_platform_or_device_number.eps>

(epstopdf)             \includegraphics on input line 6.
Package epstopdf Info: Output file is already uptodate.
 <./class_invalid_platform_or_device_number-eps-converted-to.pdf>
<class_invalid_platform_or_device_number-eps-converted-to.pdf, id=2643, 501.875
pt x 198.76257pt>
File: class_invalid_platform_or_device_number-eps-converted-to.pdf Graphic file
 (type pdf)
<use class_invalid_platform_or_device_number-eps-converted-to.pdf>
Package pdftex.def Info: class_invalid_platform_or_device_number-eps-converted-
to.pdf  used on input line 6.
(pdftex.def)             Requested size: 143.67912pt x 56.9055pt.
 [75])
(./struct_o_c_l_arg_type_info.tex) (./struct_o_c_l_func_info.tex)
(./class_s_v_memory_region.tex) [76]
Chapter 5.
(./backends_8hh_source.tex) (./_level0_backend_8hh_source.tex [77

] [78]
[79] [80]) (./_c_h_i_p_backend_open_c_l_8hh_source.tex [81] [82] [83])
(./exceptions_8hh_source.tex [84]) (./_c_h_i_p_backend_8hh.tex
Underfull \hbox (badness 10000) in paragraph at lines 8--20

 []

[85]
Underfull \hbox (badness 10000) detected at line 66
[][][]
 []


Underfull \hbox (badness 10000) detected at line 69
[][][]
 []


Underfull \hbox (badness 10000) detected at line 72
[][][]
 []


Underfull \hbox (badness 10000) detected at line 75
[][][]
 []

) (./_c_h_i_p_backend_8hh_source.tex [86] [87] [88] [89] [90])
(./_c_h_i_p_driver_8cc.tex
Underfull \hbox (badness 10000) in paragraph at lines 8--11

 []

[91]
Underfull \hbox (badness 10000) detected at line 52
[][][]
 []


Underfull \hbox (badness 10000) detected at line 55
[][][]
 []


Underfull \hbox (badness 10000) detected at line 58
[][][]
 []


Underfull \hbox (badness 10000) detected at line 61
[][][]
 []

) (./_c_h_i_p_driver_8hh.tex
Underfull \hbox (badness 10000) in paragraph at lines 8--11

 []

[92]
Underfull \hbox (badness 10000) detected at line 49
[][][]
 []


Underfull \hbox (badness 10000) detected at line 52
[][][]
 []


Underfull \hbox (badness 10000) detected at line 55
[][][]
 []


Underfull \hbox (badness 10000) detected at line 58
[][][]
 []

) (./_c_h_i_p_driver_8hh_source.tex) (./common_8hh_source.tex [93])
(./logging_8hh_source.tex [94]) (./macros_8hh_source.tex) [95] [96

]
(./refman.ind
Underfull \hbox (badness 10000) in paragraph at lines 3--5
[]\T1/phv/m/n/10 /Users/pvelesko/local/HIPxx/src/CHIPBackend.hh, [][]85[][],
 []


Overfull \hbox (45.87038pt too wide) in paragraph at lines 8--10
[]\T1/phv/m/n/10 /Users/pvelesko/local/HIPxx/src/backend/Level0/Level0Backend.h
h,
 []


Overfull \hbox (82.36462pt too wide) in paragraph at lines 10--12
[]\T1/phv/m/n/10 /Users/pvelesko/local/HIPxx/src/backend/OpenCL/CHIPBackendOpen
CL.hh,
 []


Overfull \hbox (35.30449pt too wide) in paragraph at lines 12--14
[]\T1/phv/m/n/10 /Users/pvelesko/local/HIPxx/src/backend/OpenCL/exceptions.hh,
 []


Underfull \hbox (badness 10000) in paragraph at lines 14--16
[]\T1/phv/m/n/10 /Users/pvelesko/local/HIPxx/src/backend/backends.hh,
 []

[97


] [98] [99] [100]) (./refman.aux)
Package rerunfilecheck Info: File `refman.out' has not changed.
(rerunfilecheck)             Checksum: BB446F5A839D3AEE245E3B27717BC855;46650.
 ) 
Here is how much of TeX's memory you used:
 18632 strings out of 478994
 315052 string characters out of 5858184
 666659 words of memory out of 5000000
 34840 multiletter control sequences out of 15000+600000
 463647 words of font info for 100 fonts, out of 8000000 for 9000
 1141 hyphenation exceptions out of 8191
 112i,16n,117p,701b,637s stack positions out of 5000i,500n,10000p,200000b,80000s
{/usr/local/texlive/2021/texmf-dist/fonts/enc/dvips/base/8r.enc}</usr/local/t
exlive/2021/texmf-dist/fonts/type1/public/amsfonts/cm/cmmi10.pfb></usr/local/te
xlive/2021/texmf-dist/fonts/type1/public/amsfonts/cm/cmmi7.pfb></usr/local/texl
ive/2021/texmf-dist/fonts/type1/public/amsfonts/cm/cmmi8.pfb></usr/local/texliv
e/2021/texmf-dist/fonts/type1/public/amsfonts/cm/cmsy10.pfb></usr/local/texlive
/2021/texmf-dist/fonts/type1/public/amsfonts/cm/cmsy7.pfb></usr/local/texlive/2
021/texmf-dist/fonts/type1/public/amsfonts/cm/cmsy8.pfb></usr/local/texlive/202
1/texmf-dist/fonts/type1/urw/courier/ucrb8a.pfb></usr/local/texlive/2021/texmf-
dist/fonts/type1/urw/courier/ucrr8a.pfb></usr/local/texlive/2021/texmf-dist/fon
ts/type1/urw/courier/ucrro8a.pfb></usr/local/texlive/2021/texmf-dist/fonts/type
1/urw/helvetic/uhvb8a.pfb></usr/local/texlive/2021/texmf-dist/fonts/type1/urw/h
elvetic/uhvb8ac.pfb></usr/local/texlive/2021/texmf-dist/fonts/type1/urw/helveti
c/uhvr8a.pfb></usr/local/texlive/2021/texmf-dist/fonts/type1/urw/helvetic/uhvro
8a.pfb>
Output written on refman.pdf (108 pages, 439085 bytes).
PDF statistics:
 3746 PDF objects out of 4296 (max. 8388607)
 3527 compressed objects within 36 object streams
 844 named destinations out of 1000 (max. 500000)
 1924 words of extra memory for PDF output out of 10000 (max. 10000000)

