\BOOKMARK [0][-]{chapter.1}{\376\377\0001\000\040\000H\000i\000e\000r\000a\000r\000c\000h\000i\000c\000a\000l\000\040\000I\000n\000d\000e\000x}{}% 1
\BOOKMARK [1][-]{section.1.1}{\376\377\0001\000.\0001\000\040\000C\000l\000a\000s\000s\000\040\000H\000i\000e\000r\000a\000r\000c\000h\000y}{chapter.1}% 2
\BOOKMARK [0][-]{chapter.2}{\376\377\0002\000\040\000C\000l\000a\000s\000s\000\040\000I\000n\000d\000e\000x}{}% 3
\BOOKMARK [1][-]{section.2.1}{\376\377\0002\000.\0001\000\040\000C\000l\000a\000s\000s\000\040\000L\000i\000s\000t}{chapter.2}% 4
\BOOKMARK [0][-]{chapter.3}{\376\377\0003\000\040\000F\000i\000l\000e\000\040\000I\000n\000d\000e\000x}{}% 5
\BOOKMARK [1][-]{section.3.1}{\376\377\0003\000.\0001\000\040\000F\000i\000l\000e\000\040\000L\000i\000s\000t}{chapter.3}% 6
\BOOKMARK [0][-]{chapter.4}{\376\377\0004\000\040\000C\000l\000a\000s\000s\000\040\000D\000o\000c\000u\000m\000e\000n\000t\000a\000t\000i\000o\000n}{}% 7
\BOOKMARK [1][-]{section.4.1}{\376\377\0004\000.\0001\000\040\000a\000l\000l\000o\000c\000a\000t\000i\000o\000n\000\137\000i\000n\000f\000o\000\040\000S\000t\000r\000u\000c\000t\000\040\000R\000e\000f\000e\000r\000e\000n\000c\000e}{chapter.4}% 8
\BOOKMARK [1][-]{section.4.2}{\376\377\0004\000.\0002\000\040\000C\000H\000I\000P\000A\000l\000l\000o\000c\000a\000t\000i\000o\000n\000T\000r\000a\000c\000k\000e\000r\000\040\000C\000l\000a\000s\000s\000\040\000R\000e\000f\000e\000r\000e\000n\000c\000e}{chapter.4}% 9
\BOOKMARK [2][-]{subsection.4.2.1}{\376\377\0004\000.\0002\000.\0001\000\040\000D\000e\000t\000a\000i\000l\000e\000d\000\040\000D\000e\000s\000c\000r\000i\000p\000t\000i\000o\000n}{section.4.2}% 10
\BOOKMARK [2][-]{subsection.4.2.2}{\376\377\0004\000.\0002\000.\0002\000\040\000M\000e\000m\000b\000e\000r\000\040\000F\000u\000n\000c\000t\000i\000o\000n\000\040\000D\000o\000c\000u\000m\000e\000n\000t\000a\000t\000i\000o\000n}{section.4.2}% 11
\BOOKMARK [3][-]{subsubsection.4.2.2.1}{\376\377\0004\000.\0002\000.\0002\000.\0001\000\040\000g\000e\000t\000B\000y\000D\000e\000v\000P\000t\000r\000\050\000\051}{subsection.4.2.2}% 12
\BOOKMARK [3][-]{subsubsection.4.2.2.2}{\376\377\0004\000.\0002\000.\0002\000.\0002\000\040\000g\000e\000t\000B\000y\000H\000o\000s\000t\000P\000t\000r\000\050\000\051}{subsection.4.2.2}% 13
\BOOKMARK [1][-]{section.4.3}{\376\377\0004\000.\0003\000\040\000C\000H\000I\000P\000B\000a\000c\000k\000e\000n\000d\000\040\000C\000l\000a\000s\000s\000\040\000R\000e\000f\000e\000r\000e\000n\000c\000e}{chapter.4}% 14
\BOOKMARK [2][-]{subsection.4.3.1}{\376\377\0004\000.\0003\000.\0001\000\040\000D\000e\000t\000a\000i\000l\000e\000d\000\040\000D\000e\000s\000c\000r\000i\000p\000t\000i\000o\000n}{section.4.3}% 15
\BOOKMARK [2][-]{subsection.4.3.2}{\376\377\0004\000.\0003\000.\0002\000\040\000M\000e\000m\000b\000e\000r\000\040\000F\000u\000n\000c\000t\000i\000o\000n\000\040\000D\000o\000c\000u\000m\000e\000n\000t\000a\000t\000i\000o\000n}{section.4.3}% 16
\BOOKMARK [3][-]{subsubsection.4.3.2.1}{\376\377\0004\000.\0003\000.\0002\000.\0001\000\040\000a\000d\000d\000C\000o\000n\000t\000e\000x\000t\000\050\000\051}{subsection.4.3.2}% 17
\BOOKMARK [3][-]{subsubsection.4.3.2.2}{\376\377\0004\000.\0003\000.\0002\000.\0002\000\040\000a\000d\000d\000D\000e\000v\000i\000c\000e\000\050\000\051}{subsection.4.3.2}% 18
\BOOKMARK [3][-]{subsubsection.4.3.2.3}{\376\377\0004\000.\0003\000.\0002\000.\0003\000\040\000a\000d\000d\000M\000o\000d\000u\000l\000e\000\050\000\051}{subsection.4.3.2}% 19
\BOOKMARK [3][-]{subsubsection.4.3.2.4}{\376\377\0004\000.\0003\000.\0002\000.\0004\000\040\000a\000d\000d\000Q\000u\000e\000u\000e\000\050\000\051}{subsection.4.3.2}% 20
\BOOKMARK [3][-]{subsubsection.4.3.2.5}{\376\377\0004\000.\0003\000.\0002\000.\0005\000\040\000c\000o\000n\000f\000i\000g\000u\000r\000e\000C\000a\000l\000l\000\050\000\051}{subsection.4.3.2}% 21
\BOOKMARK [3][-]{subsubsection.4.3.2.6}{\376\377\0004\000.\0003\000.\0002\000.\0006\000\040\000f\000i\000n\000d\000D\000e\000v\000i\000c\000e\000M\000a\000t\000c\000h\000i\000n\000g\000P\000r\000o\000p\000s\000\050\000\051}{subsection.4.3.2}% 22
\BOOKMARK [3][-]{subsubsection.4.3.2.7}{\376\377\0004\000.\0003\000.\0002\000.\0007\000\040\000g\000e\000t\000A\000c\000t\000i\000v\000e\000C\000o\000n\000t\000e\000x\000t\000\050\000\051}{subsection.4.3.2}% 23
\BOOKMARK [3][-]{subsubsection.4.3.2.8}{\376\377\0004\000.\0003\000.\0002\000.\0008\000\040\000g\000e\000t\000A\000c\000t\000i\000v\000e\000D\000e\000v\000i\000c\000e\000\050\000\051}{subsection.4.3.2}% 24
\BOOKMARK [3][-]{subsubsection.4.3.2.9}{\376\377\0004\000.\0003\000.\0002\000.\0009\000\040\000g\000e\000t\000A\000c\000t\000i\000v\000e\000Q\000u\000e\000u\000e\000\050\000\051}{subsection.4.3.2}% 25
\BOOKMARK [3][-]{subsubsection.4.3.2.10}{\376\377\0004\000.\0003\000.\0002\000.\0001\0000\000\040\000g\000e\000t\000M\000o\000d\000u\000l\000e\000s\000S\000t\000r\000\050\000\051}{subsection.4.3.2}% 26
\BOOKMARK [3][-]{subsubsection.4.3.2.11}{\376\377\0004\000.\0003\000.\0002\000.\0001\0001\000\040\000g\000e\000t\000N\000u\000m\000D\000e\000v\000i\000c\000e\000s\000\050\000\051}{subsection.4.3.2}% 27
\BOOKMARK [3][-]{subsubsection.4.3.2.12}{\376\377\0004\000.\0003\000.\0002\000.\0001\0002\000\040\000g\000e\000t\000Q\000u\000e\000u\000e\000s\000\050\000\051}{subsection.4.3.2}% 28
\BOOKMARK [3][-]{subsubsection.4.3.2.13}{\376\377\0004\000.\0003\000.\0002\000.\0001\0003\000\040\000i\000n\000i\000t\000i\000a\000l\000i\000z\000e\000\050\000\051}{subsection.4.3.2}% 29
\BOOKMARK [3][-]{subsubsection.4.3.2.14}{\376\377\0004\000.\0003\000.\0002\000.\0001\0004\000\040\000r\000e\000g\000i\000s\000t\000e\000r\000F\000u\000n\000c\000t\000i\000o\000n\000A\000s\000K\000e\000r\000n\000e\000l\000\050\000\051}{subsection.4.3.2}% 30
\BOOKMARK [3][-]{subsubsection.4.3.2.15}{\376\377\0004\000.\0003\000.\0002\000.\0001\0005\000\040\000r\000e\000g\000i\000s\000t\000e\000r\000M\000o\000d\000u\000l\000e\000S\000t\000r\000\050\000\051}{subsection.4.3.2}% 31
\BOOKMARK [3][-]{subsubsection.4.3.2.16}{\376\377\0004\000.\0003\000.\0002\000.\0001\0006\000\040\000r\000e\000m\000o\000v\000e\000M\000o\000d\000u\000l\000e\000\050\000\051}{subsection.4.3.2}% 32
\BOOKMARK [3][-]{subsubsection.4.3.2.17}{\376\377\0004\000.\0003\000.\0002\000.\0001\0007\000\040\000s\000e\000t\000A\000c\000t\000i\000v\000e\000D\000e\000v\000i\000c\000e\000\050\000\051}{subsection.4.3.2}% 33
\BOOKMARK [3][-]{subsubsection.4.3.2.18}{\376\377\0004\000.\0003\000.\0002\000.\0001\0008\000\040\000s\000e\000t\000A\000r\000g\000\050\000\051}{subsection.4.3.2}% 34
\BOOKMARK [3][-]{subsubsection.4.3.2.19}{\376\377\0004\000.\0003\000.\0002\000.\0001\0009\000\040\000u\000n\000r\000e\000g\000i\000s\000t\000e\000r\000M\000o\000d\000u\000l\000e\000S\000t\000r\000\050\000\051}{subsection.4.3.2}% 35
\BOOKMARK [1][-]{section.4.4}{\376\377\0004\000.\0004\000\040\000C\000H\000I\000P\000B\000a\000c\000k\000e\000n\000d\000L\000e\000v\000e\000l\0000\000\040\000C\000l\000a\000s\000s\000\040\000R\000e\000f\000e\000r\000e\000n\000c\000e}{chapter.4}% 36
\BOOKMARK [2][-]{subsection.4.4.1}{\376\377\0004\000.\0004\000.\0001\000\040\000M\000e\000m\000b\000e\000r\000\040\000F\000u\000n\000c\000t\000i\000o\000n\000\040\000D\000o\000c\000u\000m\000e\000n\000t\000a\000t\000i\000o\000n}{section.4.4}% 37
\BOOKMARK [3][-]{subsubsection.4.4.1.1}{\376\377\0004\000.\0004\000.\0001\000.\0001\000\040\000i\000n\000i\000t\000i\000a\000l\000i\000z\000e\000\050\000\051\000\040\000[\0001\000/\0002\000]}{subsection.4.4.1}% 38
\BOOKMARK [3][-]{subsubsection.4.4.1.2}{\376\377\0004\000.\0004\000.\0001\000.\0002\000\040\000i\000n\000i\000t\000i\000a\000l\000i\000z\000e\000\050\000\051\000\040\000[\0002\000/\0002\000]}{subsection.4.4.1}% 39
\BOOKMARK [3][-]{subsubsection.4.4.1.3}{\376\377\0004\000.\0004\000.\0001\000.\0003\000\040\000u\000n\000i\000n\000i\000t\000i\000a\000l\000i\000z\000e\000\050\000\051}{subsection.4.4.1}% 40
\BOOKMARK [1][-]{section.4.5}{\376\377\0004\000.\0005\000\040\000C\000H\000I\000P\000B\000a\000c\000k\000e\000n\000d\000O\000p\000e\000n\000C\000L\000\040\000C\000l\000a\000s\000s\000\040\000R\000e\000f\000e\000r\000e\000n\000c\000e}{chapter.4}% 41
\BOOKMARK [2][-]{subsection.4.5.1}{\376\377\0004\000.\0005\000.\0001\000\040\000M\000e\000m\000b\000e\000r\000\040\000F\000u\000n\000c\000t\000i\000o\000n\000\040\000D\000o\000c\000u\000m\000e\000n\000t\000a\000t\000i\000o\000n}{section.4.5}% 42
\BOOKMARK [3][-]{subsubsection.4.5.1.1}{\376\377\0004\000.\0005\000.\0001\000.\0001\000\040\000i\000n\000i\000t\000i\000a\000l\000i\000z\000e\000\050\000\051\000\040\000[\0001\000/\0002\000]}{subsection.4.5.1}% 43
\BOOKMARK [3][-]{subsubsection.4.5.1.2}{\376\377\0004\000.\0005\000.\0001\000.\0002\000\040\000i\000n\000i\000t\000i\000a\000l\000i\000z\000e\000\050\000\051\000\040\000[\0002\000/\0002\000]}{subsection.4.5.1}% 44
\BOOKMARK [3][-]{subsubsection.4.5.1.3}{\376\377\0004\000.\0005\000.\0001\000.\0003\000\040\000u\000n\000i\000n\000i\000t\000i\000a\000l\000i\000z\000e\000\050\000\051}{subsection.4.5.1}% 45
\BOOKMARK [1][-]{section.4.6}{\376\377\0004\000.\0006\000\040\000C\000H\000I\000P\000C\000o\000n\000t\000e\000x\000t\000\040\000C\000l\000a\000s\000s\000\040\000R\000e\000f\000e\000r\000e\000n\000c\000e}{chapter.4}% 46
\BOOKMARK [2][-]{subsection.4.6.1}{\376\377\0004\000.\0006\000.\0001\000\040\000D\000e\000t\000a\000i\000l\000e\000d\000\040\000D\000e\000s\000c\000r\000i\000p\000t\000i\000o\000n}{section.4.6}% 47
\BOOKMARK [2][-]{subsection.4.6.2}{\376\377\0004\000.\0006\000.\0002\000\040\000M\000e\000m\000b\000e\000r\000\040\000F\000u\000n\000c\000t\000i\000o\000n\000\040\000D\000o\000c\000u\000m\000e\000n\000t\000a\000t\000i\000o\000n}{section.4.6}% 48
\BOOKMARK [3][-]{subsubsection.4.6.2.1}{\376\377\0004\000.\0006\000.\0002\000.\0001\000\040\000a\000d\000d\000D\000e\000v\000i\000c\000e\000\050\000\051}{subsection.4.6.2}% 49
\BOOKMARK [3][-]{subsubsection.4.6.2.2}{\376\377\0004\000.\0006\000.\0002\000.\0002\000\040\000a\000d\000d\000Q\000u\000e\000u\000e\000\050\000\051}{subsection.4.6.2}% 50
\BOOKMARK [3][-]{subsubsection.4.6.2.3}{\376\377\0004\000.\0006\000.\0002\000.\0003\000\040\000a\000l\000l\000o\000c\000a\000t\000e\000\050\000\051\000\040\000[\0001\000/\0003\000]}{subsection.4.6.2}% 51
\BOOKMARK [3][-]{subsubsection.4.6.2.4}{\376\377\0004\000.\0006\000.\0002\000.\0004\000\040\000a\000l\000l\000o\000c\000a\000t\000e\000\050\000\051\000\040\000[\0002\000/\0003\000]}{subsection.4.6.2}% 52
\BOOKMARK [3][-]{subsubsection.4.6.2.5}{\376\377\0004\000.\0006\000.\0002\000.\0005\000\040\000a\000l\000l\000o\000c\000a\000t\000e\000\050\000\051\000\040\000[\0003\000/\0003\000]}{subsection.4.6.2}% 53
\BOOKMARK [3][-]{subsubsection.4.6.2.6}{\376\377\0004\000.\0006\000.\0002\000.\0006\000\040\000a\000l\000l\000o\000c\000a\000t\000e\000\137\000\050\000\051}{subsection.4.6.2}% 54
\BOOKMARK [3][-]{subsubsection.4.6.2.7}{\376\377\0004\000.\0006\000.\0002\000.\0007\000\040\000c\000r\000e\000a\000t\000e\000I\000m\000a\000g\000e\000\050\000\051}{subsection.4.6.2}% 55
\BOOKMARK [3][-]{subsubsection.4.6.2.8}{\376\377\0004\000.\0006\000.\0002\000.\0008\000\040\000f\000i\000n\000d\000P\000o\000i\000n\000t\000e\000r\000I\000n\000f\000o\000\050\000\051}{subsection.4.6.2}% 56
\BOOKMARK [3][-]{subsubsection.4.6.2.9}{\376\377\0004\000.\0006\000.\0002\000.\0009\000\040\000f\000i\000n\000d\000Q\000u\000e\000u\000e\000\050\000\051}{subsection.4.6.2}% 57
\BOOKMARK [3][-]{subsubsection.4.6.2.10}{\376\377\0004\000.\0006\000.\0002\000.\0001\0000\000\040\000f\000r\000e\000e\000\050\000\051}{subsection.4.6.2}% 58
\BOOKMARK [3][-]{subsubsection.4.6.2.11}{\376\377\0004\000.\0006\000.\0002\000.\0001\0001\000\040\000f\000r\000e\000e\000\137\000\050\000\051}{subsection.4.6.2}% 59
\BOOKMARK [3][-]{subsubsection.4.6.2.12}{\376\377\0004\000.\0006\000.\0002\000.\0001\0002\000\040\000g\000e\000t\000D\000e\000v\000i\000c\000e\000s\000\050\000\051}{subsection.4.6.2}% 60
\BOOKMARK [3][-]{subsubsection.4.6.2.13}{\376\377\0004\000.\0006\000.\0002\000.\0001\0003\000\040\000g\000e\000t\000F\000l\000a\000g\000s\000\050\000\051}{subsection.4.6.2}% 61
\BOOKMARK [3][-]{subsubsection.4.6.2.14}{\376\377\0004\000.\0006\000.\0002\000.\0001\0004\000\040\000g\000e\000t\000Q\000u\000e\000u\000e\000s\000\050\000\051}{subsection.4.6.2}% 62
\BOOKMARK [3][-]{subsubsection.4.6.2.15}{\376\377\0004\000.\0006\000.\0002\000.\0001\0005\000\040\000m\000e\000m\000C\000o\000p\000y\000\050\000\051}{subsection.4.6.2}% 63
\BOOKMARK [3][-]{subsubsection.4.6.2.16}{\376\377\0004\000.\0006\000.\0002\000.\0001\0006\000\040\000r\000e\000c\000o\000r\000d\000E\000v\000e\000n\000t\000\050\000\051}{subsection.4.6.2}% 64
\BOOKMARK [3][-]{subsubsection.4.6.2.17}{\376\377\0004\000.\0006\000.\0002\000.\0001\0007\000\040\000r\000e\000t\000a\000i\000n\000\050\000\051}{subsection.4.6.2}% 65
\BOOKMARK [3][-]{subsubsection.4.6.2.18}{\376\377\0004\000.\0006\000.\0002\000.\0001\0008\000\040\000s\000e\000t\000F\000l\000a\000g\000s\000\050\000\051}{subsection.4.6.2}% 66
\BOOKMARK [1][-]{section.4.7}{\376\377\0004\000.\0007\000\040\000C\000H\000I\000P\000C\000o\000n\000t\000e\000x\000t\000L\000e\000v\000e\000l\0000\000\040\000C\000l\000a\000s\000s\000\040\000R\000e\000f\000e\000r\000e\000n\000c\000e}{chapter.4}% 67
\BOOKMARK [2][-]{subsection.4.7.1}{\376\377\0004\000.\0007\000.\0001\000\040\000M\000e\000m\000b\000e\000r\000\040\000F\000u\000n\000c\000t\000i\000o\000n\000\040\000D\000o\000c\000u\000m\000e\000n\000t\000a\000t\000i\000o\000n}{section.4.7}% 68
\BOOKMARK [3][-]{subsubsection.4.7.1.1}{\376\377\0004\000.\0007\000.\0001\000.\0001\000\040\000a\000l\000l\000o\000c\000a\000t\000e\000\137\000\050\000\051}{subsection.4.7.1}% 69
\BOOKMARK [3][-]{subsubsection.4.7.1.2}{\376\377\0004\000.\0007\000.\0001\000.\0002\000\040\000f\000r\000e\000e\000\137\000\050\000\051}{subsection.4.7.1}% 70
\BOOKMARK [3][-]{subsubsection.4.7.1.3}{\376\377\0004\000.\0007\000.\0001\000.\0003\000\040\000m\000e\000m\000C\000o\000p\000y\000\050\000\051}{subsection.4.7.1}% 71
\BOOKMARK [1][-]{section.4.8}{\376\377\0004\000.\0008\000\040\000C\000H\000I\000P\000C\000o\000n\000t\000e\000x\000t\000O\000p\000e\000n\000C\000L\000\040\000C\000l\000a\000s\000s\000\040\000R\000e\000f\000e\000r\000e\000n\000c\000e}{chapter.4}% 72
\BOOKMARK [2][-]{subsection.4.8.1}{\376\377\0004\000.\0008\000.\0001\000\040\000M\000e\000m\000b\000e\000r\000\040\000F\000u\000n\000c\000t\000i\000o\000n\000\040\000D\000o\000c\000u\000m\000e\000n\000t\000a\000t\000i\000o\000n}{section.4.8}% 73
\BOOKMARK [3][-]{subsubsection.4.8.1.1}{\376\377\0004\000.\0008\000.\0001\000.\0001\000\040\000a\000l\000l\000o\000c\000a\000t\000e\000\137\000\050\000\051}{subsection.4.8.1}% 74
\BOOKMARK [3][-]{subsubsection.4.8.1.2}{\376\377\0004\000.\0008\000.\0001\000.\0002\000\040\000f\000r\000e\000e\000\137\000\050\000\051}{subsection.4.8.1}% 75
\BOOKMARK [3][-]{subsubsection.4.8.1.3}{\376\377\0004\000.\0008\000.\0001\000.\0003\000\040\000m\000e\000m\000C\000o\000p\000y\000\050\000\051}{subsection.4.8.1}% 76
\BOOKMARK [1][-]{section.4.9}{\376\377\0004\000.\0009\000\040\000C\000H\000I\000P\000D\000e\000v\000i\000c\000e\000\040\000C\000l\000a\000s\000s\000\040\000R\000e\000f\000e\000r\000e\000n\000c\000e}{chapter.4}% 77
\BOOKMARK [2][-]{subsection.4.9.1}{\376\377\0004\000.\0009\000.\0001\000\040\000D\000e\000t\000a\000i\000l\000e\000d\000\040\000D\000e\000s\000c\000r\000i\000p\000t\000i\000o\000n}{section.4.9}% 78
\BOOKMARK [2][-]{subsection.4.9.2}{\376\377\0004\000.\0009\000.\0002\000\040\000M\000e\000m\000b\000e\000r\000\040\000F\000u\000n\000c\000t\000i\000o\000n\000\040\000D\000o\000c\000u\000m\000e\000n\000t\000a\000t\000i\000o\000n}{section.4.9}% 79
\BOOKMARK [3][-]{subsubsection.4.9.2.1}{\376\377\0004\000.\0009\000.\0002\000.\0001\000\040\000a\000d\000d\000Q\000u\000e\000u\000e\000\050\000\051}{subsection.4.9.2}% 80
\BOOKMARK [3][-]{subsubsection.4.9.2.2}{\376\377\0004\000.\0009\000.\0002\000.\0002\000\040\000c\000o\000p\000y\000D\000e\000v\000i\000c\000e\000P\000r\000o\000p\000e\000r\000t\000i\000e\000s\000\050\000\051}{subsection.4.9.2}% 81
\BOOKMARK [3][-]{subsubsection.4.9.2.3}{\376\377\0004\000.\0009\000.\0002\000.\0003\000\040\000f\000i\000n\000d\000K\000e\000r\000n\000e\000l\000B\000y\000H\000o\000s\000t\000P\000t\000r\000\050\000\051}{subsection.4.9.2}% 82
\BOOKMARK [3][-]{subsubsection.4.9.2.4}{\376\377\0004\000.\0009\000.\0002\000.\0004\000\040\000g\000e\000t\000A\000c\000t\000i\000v\000e\000Q\000u\000e\000u\000e\000\050\000\051}{subsection.4.9.2}% 83
\BOOKMARK [3][-]{subsubsection.4.9.2.5}{\376\377\0004\000.\0009\000.\0002\000.\0005\000\040\000g\000e\000t\000A\000t\000t\000r\000\050\000\051}{subsection.4.9.2}% 84
\BOOKMARK [3][-]{subsubsection.4.9.2.6}{\376\377\0004\000.\0009\000.\0002\000.\0006\000\040\000g\000e\000t\000C\000a\000c\000h\000e\000C\000o\000n\000f\000i\000g\000\050\000\051}{subsection.4.9.2}% 85
\BOOKMARK [3][-]{subsubsection.4.9.2.7}{\376\377\0004\000.\0009\000.\0002\000.\0007\000\040\000g\000e\000t\000C\000o\000n\000t\000e\000x\000t\000\050\000\051}{subsection.4.9.2}% 86
\BOOKMARK [3][-]{subsubsection.4.9.2.8}{\376\377\0004\000.\0009\000.\0002\000.\0008\000\040\000g\000e\000t\000D\000e\000v\000i\000c\000e\000I\000d\000\050\000\051}{subsection.4.9.2}% 87
\BOOKMARK [3][-]{subsubsection.4.9.2.9}{\376\377\0004\000.\0009\000.\0002\000.\0009\000\040\000g\000e\000t\000D\000y\000n\000G\000l\000o\000b\000a\000l\000V\000a\000r\000\050\000\051}{subsection.4.9.2}% 88
\BOOKMARK [3][-]{subsubsection.4.9.2.10}{\376\377\0004\000.\0009\000.\0002\000.\0001\0000\000\040\000g\000e\000t\000G\000l\000o\000b\000a\000l\000M\000e\000m\000S\000i\000z\000e\000\050\000\051}{subsection.4.9.2}% 89
\BOOKMARK [3][-]{subsubsection.4.9.2.11}{\376\377\0004\000.\0009\000.\0002\000.\0001\0001\000\040\000g\000e\000t\000G\000l\000o\000b\000a\000l\000V\000a\000r\000\050\000\051}{subsection.4.9.2}% 90
\BOOKMARK [3][-]{subsubsection.4.9.2.12}{\376\377\0004\000.\0009\000.\0002\000.\0001\0002\000\040\000g\000e\000t\000K\000e\000r\000n\000e\000l\000s\000\050\000\051}{subsection.4.9.2}% 91
\BOOKMARK [3][-]{subsubsection.4.9.2.13}{\376\377\0004\000.\0009\000.\0002\000.\0001\0003\000\040\000g\000e\000t\000N\000a\000m\000e\000\050\000\051}{subsection.4.9.2}% 92
\BOOKMARK [3][-]{subsubsection.4.9.2.14}{\376\377\0004\000.\0009\000.\0002\000.\0001\0004\000\040\000g\000e\000t\000P\000e\000e\000r\000A\000c\000c\000e\000s\000s\000\050\000\051}{subsection.4.9.2}% 93
\BOOKMARK [3][-]{subsubsection.4.9.2.15}{\376\377\0004\000.\0009\000.\0002\000.\0001\0005\000\040\000g\000e\000t\000Q\000u\000e\000u\000e\000s\000\050\000\051}{subsection.4.9.2}% 94
\BOOKMARK [3][-]{subsubsection.4.9.2.16}{\376\377\0004\000.\0009\000.\0002\000.\0001\0006\000\040\000g\000e\000t\000S\000h\000a\000r\000e\000d\000M\000e\000m\000C\000o\000n\000f\000i\000g\000\050\000\051}{subsection.4.9.2}% 95
\BOOKMARK [3][-]{subsubsection.4.9.2.17}{\376\377\0004\000.\0009\000.\0002\000.\0001\0007\000\040\000g\000e\000t\000S\000t\000a\000t\000G\000l\000o\000b\000a\000l\000V\000a\000r\000\050\000\051}{subsection.4.9.2}% 96
\BOOKMARK [3][-]{subsubsection.4.9.2.18}{\376\377\0004\000.\0009\000.\0002\000.\0001\0008\000\040\000g\000e\000t\000U\000s\000e\000d\000G\000l\000o\000b\000a\000l\000M\000e\000m\000\050\000\051}{subsection.4.9.2}% 97
\BOOKMARK [3][-]{subsubsection.4.9.2.19}{\376\377\0004\000.\0009\000.\0002\000.\0001\0009\000\040\000h\000a\000s\000P\000C\000I\000B\000u\000s\000I\000d\000\050\000\051}{subsection.4.9.2}% 98
\BOOKMARK [3][-]{subsubsection.4.9.2.20}{\376\377\0004\000.\0009\000.\0002\000.\0002\0000\000\040\000p\000o\000p\000u\000l\000a\000t\000e\000D\000e\000v\000i\000c\000e\000P\000r\000o\000p\000e\000r\000t\000i\000e\000s\000\050\000\051}{subsection.4.9.2}% 99
\BOOKMARK [3][-]{subsubsection.4.9.2.21}{\376\377\0004\000.\0009\000.\0002\000.\0002\0001\000\040\000r\000e\000g\000i\000s\000t\000e\000r\000F\000u\000n\000c\000t\000i\000o\000n\000A\000s\000K\000e\000r\000n\000e\000l\000\050\000\051}{subsection.4.9.2}% 100
\BOOKMARK [3][-]{subsubsection.4.9.2.22}{\376\377\0004\000.\0009\000.\0002\000.\0002\0002\000\040\000r\000e\000l\000e\000a\000s\000e\000M\000e\000m\000R\000e\000s\000e\000r\000v\000a\000t\000i\000o\000n\000\050\000\051}{subsection.4.9.2}% 101
\BOOKMARK [3][-]{subsubsection.4.9.2.23}{\376\377\0004\000.\0009\000.\0002\000.\0002\0003\000\040\000r\000e\000m\000o\000v\000e\000Q\000u\000e\000u\000e\000\050\000\051}{subsection.4.9.2}% 102
\BOOKMARK [3][-]{subsubsection.4.9.2.24}{\376\377\0004\000.\0009\000.\0002\000.\0002\0004\000\040\000r\000e\000s\000e\000r\000v\000e\000M\000e\000m\000\050\000\051}{subsection.4.9.2}% 103
\BOOKMARK [3][-]{subsubsection.4.9.2.25}{\376\377\0004\000.\0009\000.\0002\000.\0002\0005\000\040\000r\000e\000s\000e\000t\000\050\000\051}{subsection.4.9.2}% 104
\BOOKMARK [3][-]{subsubsection.4.9.2.26}{\376\377\0004\000.\0009\000.\0002\000.\0002\0006\000\040\000s\000e\000t\000C\000a\000c\000h\000e\000C\000o\000n\000f\000i\000g\000\050\000\051}{subsection.4.9.2}% 105
\BOOKMARK [3][-]{subsubsection.4.9.2.27}{\376\377\0004\000.\0009\000.\0002\000.\0002\0007\000\040\000s\000e\000t\000F\000u\000n\000c\000C\000a\000c\000h\000e\000C\000o\000n\000f\000i\000g\000\050\000\051}{subsection.4.9.2}% 106
\BOOKMARK [3][-]{subsubsection.4.9.2.28}{\376\377\0004\000.\0009\000.\0002\000.\0002\0008\000\040\000s\000e\000t\000P\000e\000e\000r\000A\000c\000c\000e\000s\000s\000\050\000\051}{subsection.4.9.2}% 107
\BOOKMARK [3][-]{subsubsection.4.9.2.29}{\376\377\0004\000.\0009\000.\0002\000.\0002\0009\000\040\000s\000e\000t\000S\000h\000a\000r\000e\000d\000M\000e\000m\000C\000o\000n\000f\000i\000g\000\050\000\051}{subsection.4.9.2}% 108
\BOOKMARK [2][-]{subsection.4.9.3}{\376\377\0004\000.\0009\000.\0003\000\040\000M\000e\000m\000b\000e\000r\000\040\000D\000a\000t\000a\000\040\000D\000o\000c\000u\000m\000e\000n\000t\000a\000t\000i\000o\000n}{section.4.9}% 109
\BOOKMARK [3][-]{subsubsection.4.9.3.1}{\376\377\0004\000.\0009\000.\0003\000.\0001\000\040\000h\000o\000s\000t\000\137\000v\000a\000r\000\137\000p\000t\000r\000\137\000t\000o\000\137\000c\000h\000i\000p\000d\000e\000v\000i\000c\000e\000v\000a\000r\000\137\000d\000y\000n}{subsection.4.9.3}% 110
\BOOKMARK [3][-]{subsubsection.4.9.3.2}{\376\377\0004\000.\0009\000.\0003\000.\0002\000\040\000h\000o\000s\000t\000\137\000v\000a\000r\000\137\000p\000t\000r\000\137\000t\000o\000\137\000c\000h\000i\000p\000d\000e\000v\000i\000c\000e\000v\000a\000r\000\137\000s\000t\000a\000t}{subsection.4.9.3}% 111
\BOOKMARK [1][-]{section.4.10}{\376\377\0004\000.\0001\0000\000\040\000C\000H\000I\000P\000D\000e\000v\000i\000c\000e\000L\000e\000v\000e\000l\0000\000\040\000C\000l\000a\000s\000s\000\040\000R\000e\000f\000e\000r\000e\000n\000c\000e}{chapter.4}% 112
\BOOKMARK [2][-]{subsection.4.10.1}{\376\377\0004\000.\0001\0000\000.\0001\000\040\000M\000e\000m\000b\000e\000r\000\040\000F\000u\000n\000c\000t\000i\000o\000n\000\040\000D\000o\000c\000u\000m\000e\000n\000t\000a\000t\000i\000o\000n}{section.4.10}% 113
\BOOKMARK [3][-]{subsubsection.4.10.1.1}{\376\377\0004\000.\0001\0000\000.\0001\000.\0001\000\040\000g\000e\000t\000N\000a\000m\000e\000\050\000\051}{subsection.4.10.1}% 114
\BOOKMARK [3][-]{subsubsection.4.10.1.2}{\376\377\0004\000.\0001\0000\000.\0001\000.\0002\000\040\000p\000o\000p\000u\000l\000a\000t\000e\000D\000e\000v\000i\000c\000e\000P\000r\000o\000p\000e\000r\000t\000i\000e\000s\000\050\000\051}{subsection.4.10.1}% 115
\BOOKMARK [3][-]{subsubsection.4.10.1.3}{\376\377\0004\000.\0001\0000\000.\0001\000.\0003\000\040\000r\000e\000s\000e\000t\000\050\000\051}{subsection.4.10.1}% 116
\BOOKMARK [1][-]{section.4.11}{\376\377\0004\000.\0001\0001\000\040\000C\000H\000I\000P\000D\000e\000v\000i\000c\000e\000O\000p\000e\000n\000C\000L\000\040\000C\000l\000a\000s\000s\000\040\000R\000e\000f\000e\000r\000e\000n\000c\000e}{chapter.4}% 117
\BOOKMARK [2][-]{subsection.4.11.1}{\376\377\0004\000.\0001\0001\000.\0001\000\040\000M\000e\000m\000b\000e\000r\000\040\000F\000u\000n\000c\000t\000i\000o\000n\000\040\000D\000o\000c\000u\000m\000e\000n\000t\000a\000t\000i\000o\000n}{section.4.11}% 118
\BOOKMARK [3][-]{subsubsection.4.11.1.1}{\376\377\0004\000.\0001\0001\000.\0001\000.\0001\000\040\000g\000e\000t\000N\000a\000m\000e\000\050\000\051}{subsection.4.11.1}% 119
\BOOKMARK [3][-]{subsubsection.4.11.1.2}{\376\377\0004\000.\0001\0001\000.\0001\000.\0002\000\040\000p\000o\000p\000u\000l\000a\000t\000e\000D\000e\000v\000i\000c\000e\000P\000r\000o\000p\000e\000r\000t\000i\000e\000s\000\050\000\051}{subsection.4.11.1}% 120
\BOOKMARK [3][-]{subsubsection.4.11.1.3}{\376\377\0004\000.\0001\0001\000.\0001\000.\0003\000\040\000r\000e\000s\000e\000t\000\050\000\051}{subsection.4.11.1}% 121
\BOOKMARK [1][-]{section.4.12}{\376\377\0004\000.\0001\0002\000\040\000C\000H\000I\000P\000D\000e\000v\000i\000c\000e\000V\000a\000r\000\040\000C\000l\000a\000s\000s\000\040\000R\000e\000f\000e\000r\000e\000n\000c\000e}{chapter.4}% 122
\BOOKMARK [1][-]{section.4.13}{\376\377\0004\000.\0001\0003\000\040\000C\000H\000I\000P\000E\000v\000e\000n\000t\000\040\000C\000l\000a\000s\000s\000\040\000R\000e\000f\000e\000r\000e\000n\000c\000e}{chapter.4}% 123
\BOOKMARK [2][-]{subsection.4.13.1}{\376\377\0004\000.\0001\0003\000.\0001\000\040\000M\000e\000m\000b\000e\000r\000\040\000F\000u\000n\000c\000t\000i\000o\000n\000\040\000D\000o\000c\000u\000m\000e\000n\000t\000a\000t\000i\000o\000n}{section.4.13}% 124
\BOOKMARK [3][-]{subsubsection.4.13.1.1}{\376\377\0004\000.\0001\0003\000.\0001\000.\0001\000\040\000g\000e\000t\000E\000l\000a\000p\000s\000e\000d\000T\000i\000m\000e\000\050\000\051}{subsection.4.13.1}% 125
\BOOKMARK [3][-]{subsubsection.4.13.1.2}{\376\377\0004\000.\0001\0003\000.\0001\000.\0002\000\040\000i\000s\000F\000i\000n\000i\000s\000h\000e\000d\000\050\000\051}{subsection.4.13.1}% 126
\BOOKMARK [3][-]{subsubsection.4.13.1.3}{\376\377\0004\000.\0001\0003\000.\0001\000.\0003\000\040\000r\000e\000c\000o\000r\000d\000S\000t\000r\000e\000a\000m\000\050\000\051}{subsection.4.13.1}% 127
\BOOKMARK [3][-]{subsubsection.4.13.1.4}{\376\377\0004\000.\0001\0003\000.\0001\000.\0004\000\040\000w\000a\000i\000t\000\050\000\051}{subsection.4.13.1}% 128
\BOOKMARK [1][-]{section.4.14}{\376\377\0004\000.\0001\0004\000\040\000C\000H\000I\000P\000E\000v\000e\000n\000t\000O\000p\000e\000n\000C\000L\000\040\000C\000l\000a\000s\000s\000\040\000R\000e\000f\000e\000r\000e\000n\000c\000e}{chapter.4}% 129
\BOOKMARK [1][-]{section.4.15}{\376\377\0004\000.\0001\0005\000\040\000C\000H\000I\000P\000E\000x\000e\000c\000I\000t\000e\000m\000\040\000C\000l\000a\000s\000s\000\040\000R\000e\000f\000e\000r\000e\000n\000c\000e}{chapter.4}% 130
\BOOKMARK [2][-]{subsection.4.15.1}{\376\377\0004\000.\0001\0005\000.\0001\000\040\000D\000e\000t\000a\000i\000l\000e\000d\000\040\000D\000e\000s\000c\000r\000i\000p\000t\000i\000o\000n}{section.4.15}% 131
\BOOKMARK [2][-]{subsection.4.15.2}{\376\377\0004\000.\0001\0005\000.\0002\000\040\000C\000o\000n\000s\000t\000r\000u\000c\000t\000o\000r\000\040\000\046\000\040\000D\000e\000s\000t\000r\000u\000c\000t\000o\000r\000\040\000D\000o\000c\000u\000m\000e\000n\000t\000a\000t\000i\000o\000n}{section.4.15}% 132
\BOOKMARK [3][-]{subsubsection.4.15.2.1}{\376\377\0004\000.\0001\0005\000.\0002\000.\0001\000\040\000C\000H\000I\000P\000E\000x\000e\000c\000I\000t\000e\000m\000\050\000\051}{subsection.4.15.2}% 133
\BOOKMARK [2][-]{subsection.4.15.3}{\376\377\0004\000.\0001\0005\000.\0003\000\040\000M\000e\000m\000b\000e\000r\000\040\000F\000u\000n\000c\000t\000i\000o\000n\000\040\000D\000o\000c\000u\000m\000e\000n\000t\000a\000t\000i\000o\000n}{section.4.15}% 134
\BOOKMARK [3][-]{subsubsection.4.15.3.1}{\376\377\0004\000.\0001\0005\000.\0003\000.\0001\000\040\000g\000e\000t\000B\000l\000o\000c\000k\000\050\000\051}{subsection.4.15.3}% 135
\BOOKMARK [3][-]{subsubsection.4.15.3.2}{\376\377\0004\000.\0001\0005\000.\0003\000.\0002\000\040\000g\000e\000t\000G\000r\000i\000d\000\050\000\051}{subsection.4.15.3}% 136
\BOOKMARK [3][-]{subsubsection.4.15.3.3}{\376\377\0004\000.\0001\0005\000.\0003\000.\0003\000\040\000g\000e\000t\000K\000e\000r\000n\000e\000l\000\050\000\051}{subsection.4.15.3}% 137
\BOOKMARK [3][-]{subsubsection.4.15.3.4}{\376\377\0004\000.\0001\0005\000.\0003\000.\0004\000\040\000g\000e\000t\000Q\000u\000e\000u\000e\000\050\000\051}{subsection.4.15.3}% 138
\BOOKMARK [3][-]{subsubsection.4.15.3.5}{\376\377\0004\000.\0001\0005\000.\0003\000.\0005\000\040\000l\000a\000u\000n\000c\000h\000\050\000\051}{subsection.4.15.3}% 139
\BOOKMARK [3][-]{subsubsection.4.15.3.6}{\376\377\0004\000.\0001\0005\000.\0003\000.\0006\000\040\000l\000a\000u\000n\000c\000h\000B\000y\000H\000o\000s\000t\000P\000t\000r\000\050\000\051}{subsection.4.15.3}% 140
\BOOKMARK [3][-]{subsubsection.4.15.3.7}{\376\377\0004\000.\0001\0005\000.\0003\000.\0007\000\040\000s\000e\000t\000A\000r\000g\000\050\000\051}{subsection.4.15.3}% 141
\BOOKMARK [1][-]{section.4.16}{\376\377\0004\000.\0001\0006\000\040\000C\000H\000I\000P\000E\000x\000e\000c\000I\000t\000e\000m\000O\000p\000e\000n\000C\000L\000\040\000C\000l\000a\000s\000s\000\040\000R\000e\000f\000e\000r\000e\000n\000c\000e}{chapter.4}% 142
\BOOKMARK [2][-]{subsection.4.16.1}{\376\377\0004\000.\0001\0006\000.\0001\000\040\000M\000e\000m\000b\000e\000r\000\040\000F\000u\000n\000c\000t\000i\000o\000n\000\040\000D\000o\000c\000u\000m\000e\000n\000t\000a\000t\000i\000o\000n}{section.4.16}% 143
\BOOKMARK [3][-]{subsubsection.4.16.1.1}{\376\377\0004\000.\0001\0006\000.\0001\000.\0001\000\040\000l\000a\000u\000n\000c\000h\000\050\000\051}{subsection.4.16.1}% 144
\BOOKMARK [1][-]{section.4.17}{\376\377\0004\000.\0001\0007\000\040\000C\000H\000I\000P\000K\000e\000r\000n\000e\000l\000\040\000C\000l\000a\000s\000s\000\040\000R\000e\000f\000e\000r\000e\000n\000c\000e}{chapter.4}% 145
\BOOKMARK [2][-]{subsection.4.17.1}{\376\377\0004\000.\0001\0007\000.\0001\000\040\000D\000e\000t\000a\000i\000l\000e\000d\000\040\000D\000e\000s\000c\000r\000i\000p\000t\000i\000o\000n}{section.4.17}% 146
\BOOKMARK [2][-]{subsection.4.17.2}{\376\377\0004\000.\0001\0007\000.\0002\000\040\000M\000e\000m\000b\000e\000r\000\040\000F\000u\000n\000c\000t\000i\000o\000n\000\040\000D\000o\000c\000u\000m\000e\000n\000t\000a\000t\000i\000o\000n}{section.4.17}% 147
\BOOKMARK [3][-]{subsubsection.4.17.2.1}{\376\377\0004\000.\0001\0007\000.\0002\000.\0001\000\040\000g\000e\000t\000D\000e\000v\000P\000t\000r\000\050\000\051}{subsection.4.17.2}% 148
\BOOKMARK [3][-]{subsubsection.4.17.2.2}{\376\377\0004\000.\0001\0007\000.\0002\000.\0002\000\040\000g\000e\000t\000H\000o\000s\000t\000P\000t\000r\000\050\000\051}{subsection.4.17.2}% 149
\BOOKMARK [3][-]{subsubsection.4.17.2.3}{\376\377\0004\000.\0001\0007\000.\0002\000.\0003\000\040\000g\000e\000t\000N\000a\000m\000e\000\050\000\051}{subsection.4.17.2}% 150
\BOOKMARK [3][-]{subsubsection.4.17.2.4}{\376\377\0004\000.\0001\0007\000.\0002\000.\0004\000\040\000s\000e\000t\000D\000e\000v\000P\000t\000r\000\050\000\051}{subsection.4.17.2}% 151
\BOOKMARK [3][-]{subsubsection.4.17.2.5}{\376\377\0004\000.\0001\0007\000.\0002\000.\0005\000\040\000s\000e\000t\000H\000o\000s\000t\000P\000t\000r\000\050\000\051}{subsection.4.17.2}% 152
\BOOKMARK [3][-]{subsubsection.4.17.2.6}{\376\377\0004\000.\0001\0007\000.\0002\000.\0006\000\040\000s\000e\000t\000N\000a\000m\000e\000\050\000\051}{subsection.4.17.2}% 153
\BOOKMARK [1][-]{section.4.18}{\376\377\0004\000.\0001\0008\000\040\000C\000H\000I\000P\000K\000e\000r\000n\000e\000l\000L\000e\000v\000e\000l\0000\000\040\000C\000l\000a\000s\000s\000\040\000R\000e\000f\000e\000r\000e\000n\000c\000e}{chapter.4}% 154
\BOOKMARK [1][-]{section.4.19}{\376\377\0004\000.\0001\0009\000\040\000C\000H\000I\000P\000K\000e\000r\000n\000e\000l\000O\000p\000e\000n\000C\000L\000\040\000C\000l\000a\000s\000s\000\040\000R\000e\000f\000e\000r\000e\000n\000c\000e}{chapter.4}% 155
\BOOKMARK [1][-]{section.4.20}{\376\377\0004\000.\0002\0000\000\040\000C\000H\000I\000P\000M\000o\000d\000u\000l\000e\000\040\000C\000l\000a\000s\000s\000\040\000R\000e\000f\000e\000r\000e\000n\000c\000e}{chapter.4}% 156
\BOOKMARK [2][-]{subsection.4.20.1}{\376\377\0004\000.\0002\0000\000.\0001\000\040\000D\000e\000t\000a\000i\000l\000e\000d\000\040\000D\000e\000s\000c\000r\000i\000p\000t\000i\000o\000n}{section.4.20}% 157
\BOOKMARK [2][-]{subsection.4.20.2}{\376\377\0004\000.\0002\0000\000.\0002\000\040\000C\000o\000n\000s\000t\000r\000u\000c\000t\000o\000r\000\040\000\046\000\040\000D\000e\000s\000t\000r\000u\000c\000t\000o\000r\000\040\000D\000o\000c\000u\000m\000e\000n\000t\000a\000t\000i\000o\000n}{section.4.20}% 158
\BOOKMARK [3][-]{subsubsection.4.20.2.1}{\376\377\0004\000.\0002\0000\000.\0002\000.\0001\000\040\000C\000H\000I\000P\000M\000o\000d\000u\000l\000e\000\050\000\051\000\040\000[\0001\000/\0002\000]}{subsection.4.20.2}% 159
\BOOKMARK [3][-]{subsubsection.4.20.2.2}{\376\377\0004\000.\0002\0000\000.\0002\000.\0002\000\040\000C\000H\000I\000P\000M\000o\000d\000u\000l\000e\000\050\000\051\000\040\000[\0002\000/\0002\000]}{subsection.4.20.2}% 160
\BOOKMARK [2][-]{subsection.4.20.3}{\376\377\0004\000.\0002\0000\000.\0003\000\040\000M\000e\000m\000b\000e\000r\000\040\000F\000u\000n\000c\000t\000i\000o\000n\000\040\000D\000o\000c\000u\000m\000e\000n\000t\000a\000t\000i\000o\000n}{section.4.20}% 161
\BOOKMARK [3][-]{subsubsection.4.20.3.1}{\376\377\0004\000.\0002\0000\000.\0003\000.\0001\000\040\000a\000d\000d\000K\000e\000r\000n\000e\000l\000\050\000\051}{subsection.4.20.3}% 162
\BOOKMARK [3][-]{subsubsection.4.20.3.2}{\376\377\0004\000.\0002\0000\000.\0003\000.\0002\000\040\000c\000o\000m\000p\000i\000l\000e\000\050\000\051}{subsection.4.20.3}% 163
\BOOKMARK [3][-]{subsubsection.4.20.3.3}{\376\377\0004\000.\0002\0000\000.\0003\000.\0003\000\040\000c\000o\000m\000p\000i\000l\000e\000O\000n\000c\000e\000\050\000\051}{subsection.4.20.3}% 164
\BOOKMARK [3][-]{subsubsection.4.20.3.4}{\376\377\0004\000.\0002\0000\000.\0003\000.\0004\000\040\000g\000e\000t\000G\000l\000o\000b\000a\000l\000V\000a\000r\000\050\000\051}{subsection.4.20.3}% 165
\BOOKMARK [3][-]{subsubsection.4.20.3.5}{\376\377\0004\000.\0002\0000\000.\0003\000.\0005\000\040\000g\000e\000t\000K\000e\000r\000n\000e\000l\000\050\000\051\000\040\000[\0001\000/\0002\000]}{subsection.4.20.3}% 166
\BOOKMARK [3][-]{subsubsection.4.20.3.6}{\376\377\0004\000.\0002\0000\000.\0003\000.\0006\000\040\000g\000e\000t\000K\000e\000r\000n\000e\000l\000\050\000\051\000\040\000[\0002\000/\0002\000]}{subsection.4.20.3}% 167
\BOOKMARK [3][-]{subsubsection.4.20.3.7}{\376\377\0004\000.\0002\0000\000.\0003\000.\0007\000\040\000g\000e\000t\000K\000e\000r\000n\000e\000l\000s\000\050\000\051}{subsection.4.20.3}% 168
\BOOKMARK [1][-]{section.4.21}{\376\377\0004\000.\0002\0001\000\040\000C\000H\000I\000P\000M\000o\000d\000u\000l\000e\000O\000p\000e\000n\000C\000L\000\040\000C\000l\000a\000s\000s\000\040\000R\000e\000f\000e\000r\000e\000n\000c\000e}{chapter.4}% 169
\BOOKMARK [2][-]{subsection.4.21.1}{\376\377\0004\000.\0002\0001\000.\0001\000\040\000M\000e\000m\000b\000e\000r\000\040\000F\000u\000n\000c\000t\000i\000o\000n\000\040\000D\000o\000c\000u\000m\000e\000n\000t\000a\000t\000i\000o\000n}{section.4.21}% 170
\BOOKMARK [3][-]{subsubsection.4.21.1.1}{\376\377\0004\000.\0002\0001\000.\0001\000.\0001\000\040\000c\000o\000m\000p\000i\000l\000e\000\050\000\051}{subsection.4.21.1}% 171
\BOOKMARK [1][-]{section.4.22}{\376\377\0004\000.\0002\0002\000\040\000C\000H\000I\000P\000Q\000u\000e\000u\000e\000\040\000C\000l\000a\000s\000s\000\040\000R\000e\000f\000e\000r\000e\000n\000c\000e}{chapter.4}% 172
\BOOKMARK [2][-]{subsection.4.22.1}{\376\377\0004\000.\0002\0002\000.\0001\000\040\000D\000e\000t\000a\000i\000l\000e\000d\000\040\000D\000e\000s\000c\000r\000i\000p\000t\000i\000o\000n}{section.4.22}% 173
\BOOKMARK [2][-]{subsection.4.22.2}{\376\377\0004\000.\0002\0002\000.\0002\000\040\000C\000o\000n\000s\000t\000r\000u\000c\000t\000o\000r\000\040\000\046\000\040\000D\000e\000s\000t\000r\000u\000c\000t\000o\000r\000\040\000D\000o\000c\000u\000m\000e\000n\000t\000a\000t\000i\000o\000n}{section.4.22}% 174
\BOOKMARK [3][-]{subsubsection.4.22.2.1}{\376\377\0004\000.\0002\0002\000.\0002\000.\0001\000\040\000C\000H\000I\000P\000Q\000u\000e\000u\000e\000\050\000\051\000\040\000[\0001\000/\0003\000]}{subsection.4.22.2}% 175
\BOOKMARK [3][-]{subsubsection.4.22.2.2}{\376\377\0004\000.\0002\0002\000.\0002\000.\0002\000\040\000C\000H\000I\000P\000Q\000u\000e\000u\000e\000\050\000\051\000\040\000[\0002\000/\0003\000]}{subsection.4.22.2}% 176
\BOOKMARK [3][-]{subsubsection.4.22.2.3}{\376\377\0004\000.\0002\0002\000.\0002\000.\0003\000\040\000C\000H\000I\000P\000Q\000u\000e\000u\000e\000\050\000\051\000\040\000[\0003\000/\0003\000]}{subsection.4.22.2}% 177
\BOOKMARK [2][-]{subsection.4.22.3}{\376\377\0004\000.\0002\0002\000.\0003\000\040\000M\000e\000m\000b\000e\000r\000\040\000F\000u\000n\000c\000t\000i\000o\000n\000\040\000D\000o\000c\000u\000m\000e\000n\000t\000a\000t\000i\000o\000n}{section.4.22}% 178
\BOOKMARK [3][-]{subsubsection.4.22.3.1}{\376\377\0004\000.\0002\0002\000.\0003\000.\0001\000\040\000a\000d\000d\000C\000a\000l\000l\000b\000a\000c\000k\000\050\000\051}{subsection.4.22.3}% 179
\BOOKMARK [3][-]{subsubsection.4.22.3.2}{\376\377\0004\000.\0002\0002\000.\0003\000.\0002\000\040\000e\000n\000q\000u\000e\000u\000e\000B\000a\000r\000r\000i\000e\000r\000F\000o\000r\000E\000v\000e\000n\000t\000\050\000\051}{subsection.4.22.3}% 180
\BOOKMARK [3][-]{subsubsection.4.22.3.3}{\376\377\0004\000.\0002\0002\000.\0003\000.\0003\000\040\000f\000i\000n\000i\000s\000h\000\050\000\051}{subsection.4.22.3}% 181
\BOOKMARK [3][-]{subsubsection.4.22.3.4}{\376\377\0004\000.\0002\0002\000.\0003\000.\0004\000\040\000g\000e\000t\000D\000e\000v\000i\000c\000e\000\050\000\051}{subsection.4.22.3}% 182
\BOOKMARK [3][-]{subsubsection.4.22.3.5}{\376\377\0004\000.\0002\0002\000.\0003\000.\0005\000\040\000g\000e\000t\000F\000l\000a\000g\000s\000\050\000\051}{subsection.4.22.3}% 183
\BOOKMARK [3][-]{subsubsection.4.22.3.6}{\376\377\0004\000.\0002\0002\000.\0003\000.\0006\000\040\000g\000e\000t\000P\000r\000i\000o\000r\000i\000t\000y\000\050\000\051}{subsection.4.22.3}% 184
\BOOKMARK [3][-]{subsubsection.4.22.3.7}{\376\377\0004\000.\0002\0002\000.\0003\000.\0007\000\040\000g\000e\000t\000P\000r\000i\000o\000r\000i\000t\000y\000R\000a\000n\000g\000e\000\050\000\051}{subsection.4.22.3}% 185
\BOOKMARK [3][-]{subsubsection.4.22.3.8}{\376\377\0004\000.\0002\0002\000.\0003\000.\0008\000\040\000l\000a\000u\000n\000c\000h\000\050\000\051}{subsection.4.22.3}% 186
\BOOKMARK [3][-]{subsubsection.4.22.3.9}{\376\377\0004\000.\0002\0002\000.\0003\000.\0009\000\040\000l\000a\000u\000n\000c\000h\000H\000o\000s\000t\000F\000u\000n\000c\000\050\000\051}{subsection.4.22.3}% 187
\BOOKMARK [3][-]{subsubsection.4.22.3.10}{\376\377\0004\000.\0002\0002\000.\0003\000.\0001\0000\000\040\000l\000a\000u\000n\000c\000h\000W\000i\000t\000h\000E\000x\000t\000r\000a\000P\000a\000r\000a\000m\000s\000\050\000\051}{subsection.4.22.3}% 188
\BOOKMARK [3][-]{subsubsection.4.22.3.11}{\376\377\0004\000.\0002\0002\000.\0003\000.\0001\0001\000\040\000l\000a\000u\000n\000c\000h\000W\000i\000t\000h\000K\000e\000r\000n\000e\000l\000P\000a\000r\000a\000m\000s\000\050\000\051}{subsection.4.22.3}% 189
\BOOKMARK [3][-]{subsubsection.4.22.3.12}{\376\377\0004\000.\0002\0002\000.\0003\000.\0001\0002\000\040\000m\000e\000m\000C\000o\000p\000y\000\050\000\051}{subsection.4.22.3}% 190
\BOOKMARK [3][-]{subsubsection.4.22.3.13}{\376\377\0004\000.\0002\0002\000.\0003\000.\0001\0003\000\040\000m\000e\000m\000C\000o\000p\000y\000A\000s\000y\000n\000c\000\050\000\051}{subsection.4.22.3}% 191
\BOOKMARK [3][-]{subsubsection.4.22.3.14}{\376\377\0004\000.\0002\0002\000.\0003\000.\0001\0004\000\040\000m\000e\000m\000F\000i\000l\000l\000\050\000\051}{subsection.4.22.3}% 192
\BOOKMARK [3][-]{subsubsection.4.22.3.15}{\376\377\0004\000.\0002\0002\000.\0003\000.\0001\0005\000\040\000m\000e\000m\000F\000i\000l\000l\000A\000s\000y\000n\000c\000\050\000\051}{subsection.4.22.3}% 193
\BOOKMARK [3][-]{subsubsection.4.22.3.16}{\376\377\0004\000.\0002\0002\000.\0003\000.\0001\0006\000\040\000m\000e\000m\000P\000r\000e\000f\000e\000t\000c\000h\000\050\000\051}{subsection.4.22.3}% 194
\BOOKMARK [3][-]{subsubsection.4.22.3.17}{\376\377\0004\000.\0002\0002\000.\0003\000.\0001\0007\000\040\000q\000u\000e\000r\000y\000\050\000\051}{subsection.4.22.3}% 195
\BOOKMARK [1][-]{section.4.23}{\376\377\0004\000.\0002\0003\000\040\000C\000H\000I\000P\000Q\000u\000e\000u\000e\000L\000e\000v\000e\000l\0000\000\040\000C\000l\000a\000s\000s\000\040\000R\000e\000f\000e\000r\000e\000n\000c\000e}{chapter.4}% 196
\BOOKMARK [2][-]{subsection.4.23.1}{\376\377\0004\000.\0002\0003\000.\0001\000\040\000M\000e\000m\000b\000e\000r\000\040\000F\000u\000n\000c\000t\000i\000o\000n\000\040\000D\000o\000c\000u\000m\000e\000n\000t\000a\000t\000i\000o\000n}{section.4.23}% 197
\BOOKMARK [3][-]{subsubsection.4.23.1.1}{\376\377\0004\000.\0002\0003\000.\0001\000.\0001\000\040\000l\000a\000u\000n\000c\000h\000\050\000\051}{subsection.4.23.1}% 198
\BOOKMARK [3][-]{subsubsection.4.23.1.2}{\376\377\0004\000.\0002\0003\000.\0001\000.\0002\000\040\000m\000e\000m\000C\000o\000p\000y\000\050\000\051}{subsection.4.23.1}% 199
\BOOKMARK [1][-]{section.4.24}{\376\377\0004\000.\0002\0004\000\040\000C\000H\000I\000P\000Q\000u\000e\000u\000e\000O\000p\000e\000n\000C\000L\000\040\000C\000l\000a\000s\000s\000\040\000R\000e\000f\000e\000r\000e\000n\000c\000e}{chapter.4}% 200
\BOOKMARK [2][-]{subsection.4.24.1}{\376\377\0004\000.\0002\0004\000.\0001\000\040\000M\000e\000m\000b\000e\000r\000\040\000F\000u\000n\000c\000t\000i\000o\000n\000\040\000D\000o\000c\000u\000m\000e\000n\000t\000a\000t\000i\000o\000n}{section.4.24}% 201
\BOOKMARK [3][-]{subsubsection.4.24.1.1}{\376\377\0004\000.\0002\0004\000.\0001\000.\0001\000\040\000f\000i\000n\000i\000s\000h\000\050\000\051}{subsection.4.24.1}% 202
\BOOKMARK [3][-]{subsubsection.4.24.1.2}{\376\377\0004\000.\0002\0004\000.\0001\000.\0002\000\040\000l\000a\000u\000n\000c\000h\000\050\000\051}{subsection.4.24.1}% 203
\BOOKMARK [3][-]{subsubsection.4.24.1.3}{\376\377\0004\000.\0002\0004\000.\0001\000.\0003\000\040\000m\000e\000m\000C\000o\000p\000y\000\050\000\051}{subsection.4.24.1}% 204
\BOOKMARK [1][-]{section.4.25}{\376\377\0004\000.\0002\0005\000\040\000I\000n\000v\000a\000l\000i\000d\000D\000e\000v\000i\000c\000e\000T\000y\000p\000e\000\040\000C\000l\000a\000s\000s\000\040\000R\000e\000f\000e\000r\000e\000n\000c\000e}{chapter.4}% 205
\BOOKMARK [1][-]{section.4.26}{\376\377\0004\000.\0002\0006\000\040\000I\000n\000v\000a\000l\000i\000d\000P\000l\000a\000t\000f\000o\000r\000m\000O\000r\000D\000e\000v\000i\000c\000e\000N\000u\000m\000b\000e\000r\000\040\000C\000l\000a\000s\000s\000\040\000R\000e\000f\000e\000r\000e\000n\000c\000e}{chapter.4}% 206
\BOOKMARK [1][-]{section.4.27}{\376\377\0004\000.\0002\0007\000\040\000O\000C\000L\000A\000r\000g\000T\000y\000p\000e\000I\000n\000f\000o\000\040\000S\000t\000r\000u\000c\000t\000\040\000R\000e\000f\000e\000r\000e\000n\000c\000e}{chapter.4}% 207
\BOOKMARK [1][-]{section.4.28}{\376\377\0004\000.\0002\0008\000\040\000O\000C\000L\000F\000u\000n\000c\000I\000n\000f\000o\000\040\000S\000t\000r\000u\000c\000t\000\040\000R\000e\000f\000e\000r\000e\000n\000c\000e}{chapter.4}% 208
\BOOKMARK [1][-]{section.4.29}{\376\377\0004\000.\0002\0009\000\040\000S\000V\000M\000e\000m\000o\000r\000y\000R\000e\000g\000i\000o\000n\000\040\000C\000l\000a\000s\000s\000\040\000R\000e\000f\000e\000r\000e\000n\000c\000e}{chapter.4}% 209
\BOOKMARK [0][-]{chapter.5}{\376\377\0005\000\040\000F\000i\000l\000e\000\040\000D\000o\000c\000u\000m\000e\000n\000t\000a\000t\000i\000o\000n}{}% 210
\BOOKMARK [1][-]{section.5.1}{\376\377\0005\000.\0001\000\040\000b\000a\000c\000k\000e\000n\000d\000s\000.\000h\000h}{chapter.5}% 211
\BOOKMARK [1][-]{section.5.2}{\376\377\0005\000.\0002\000\040\000L\000e\000v\000e\000l\0000\000B\000a\000c\000k\000e\000n\000d\000.\000h\000h}{chapter.5}% 212
\BOOKMARK [1][-]{section.5.3}{\376\377\0005\000.\0003\000\040\000C\000H\000I\000P\000B\000a\000c\000k\000e\000n\000d\000O\000p\000e\000n\000C\000L\000.\000h\000h}{chapter.5}% 213
\BOOKMARK [1][-]{section.5.4}{\376\377\0005\000.\0004\000\040\000e\000x\000c\000e\000p\000t\000i\000o\000n\000s\000.\000h\000h}{chapter.5}% 214
\BOOKMARK [1][-]{section.5.5}{\376\377\0005\000.\0005\000\040\000/\000U\000s\000e\000r\000s\000/\000p\000v\000e\000l\000e\000s\000k\000o\000/\000l\000o\000c\000a\000l\000/\000H\000I\000P\000x\000x\000/\000s\000r\000c\000/\000C\000H\000I\000P\000B\000a\000c\000k\000e\000n\000d\000.\000h\000h\000\040\000F\000i\000l\000e\000\040\000R\000e\000f\000e\000r\000e\000n\000c\000e}{chapter.5}% 215
\BOOKMARK [2][-]{subsection.5.5.1}{\376\377\0005\000.\0005\000.\0001\000\040\000D\000e\000t\000a\000i\000l\000e\000d\000\040\000D\000e\000s\000c\000r\000i\000p\000t\000i\000o\000n}{section.5.5}% 216
\BOOKMARK [1][-]{section.5.6}{\376\377\0005\000.\0006\000\040\000C\000H\000I\000P\000B\000a\000c\000k\000e\000n\000d\000.\000h\000h}{chapter.5}% 217
\BOOKMARK [1][-]{section.5.7}{\376\377\0005\000.\0007\000\040\000/\000U\000s\000e\000r\000s\000/\000p\000v\000e\000l\000e\000s\000k\000o\000/\000l\000o\000c\000a\000l\000/\000H\000I\000P\000x\000x\000/\000s\000r\000c\000/\000C\000H\000I\000P\000D\000r\000i\000v\000e\000r\000.\000c\000c\000\040\000F\000i\000l\000e\000\040\000R\000e\000f\000e\000r\000e\000n\000c\000e}{chapter.5}% 218
\BOOKMARK [2][-]{subsection.5.7.1}{\376\377\0005\000.\0007\000.\0001\000\040\000D\000e\000t\000a\000i\000l\000e\000d\000\040\000D\000e\000s\000c\000r\000i\000p\000t\000i\000o\000n}{section.5.7}% 219
\BOOKMARK [1][-]{section.5.8}{\376\377\0005\000.\0008\000\040\000/\000U\000s\000e\000r\000s\000/\000p\000v\000e\000l\000e\000s\000k\000o\000/\000l\000o\000c\000a\000l\000/\000H\000I\000P\000x\000x\000/\000s\000r\000c\000/\000C\000H\000I\000P\000D\000r\000i\000v\000e\000r\000.\000h\000h\000\040\000F\000i\000l\000e\000\040\000R\000e\000f\000e\000r\000e\000n\000c\000e}{chapter.5}% 220
\BOOKMARK [2][-]{subsection.5.8.1}{\376\377\0005\000.\0008\000.\0001\000\040\000D\000e\000t\000a\000i\000l\000e\000d\000\040\000D\000e\000s\000c\000r\000i\000p\000t\000i\000o\000n}{section.5.8}% 221
\BOOKMARK [1][-]{section.5.9}{\376\377\0005\000.\0009\000\040\000C\000H\000I\000P\000D\000r\000i\000v\000e\000r\000.\000h\000h}{chapter.5}% 222
\BOOKMARK [1][-]{section.5.10}{\376\377\0005\000.\0001\0000\000\040\000c\000o\000m\000m\000o\000n\000.\000h\000h}{chapter.5}% 223
\BOOKMARK [1][-]{section.5.11}{\376\377\0005\000.\0001\0001\000\040\000l\000o\000g\000g\000i\000n\000g\000.\000h\000h}{chapter.5}% 224
\BOOKMARK [1][-]{section.5.12}{\376\377\0005\000.\0001\0002\000\040\000m\000a\000c\000r\000o\000s\000.\000h\000h}{chapter.5}% 225
\BOOKMARK [0][-]{section*.90}{\376\377\000I\000n\000d\000e\000x}{}% 226
